ARM GAS  C:\Users\humon\AppData\Local\Temp\cckEdLla.s 			page 1


   1              		.cpu cortex-m0
   2              		.fpu softvfp
   3              		.eabi_attribute 20, 1
   4              		.eabi_attribute 21, 1
   5              		.eabi_attribute 23, 3
   6              		.eabi_attribute 24, 1
   7              		.eabi_attribute 25, 1
   8              		.eabi_attribute 26, 1
   9              		.eabi_attribute 30, 6
  10              		.eabi_attribute 34, 0
  11              		.eabi_attribute 18, 4
  12              		.code	16
  13              		.file	"Cm0Start.c"
  14              		.text
  15              	.Ltext0:
  16              		.cfi_sections	.debug_frame
  17              		.section	.noinit,"aw",%progbits
  18              		.align	2
  19              		.type	cySysNoInitDataValid, %object
  20              		.size	cySysNoInitDataValid, 4
  21              	cySysNoInitDataValid:
  22 0000 00000000 		.space	4
  23              		.section	.text.IntDefaultHandler,"ax",%progbits
  24              		.align	2
  25              		.global	IntDefaultHandler
  26              		.code	16
  27              		.thumb_func
  28              		.type	IntDefaultHandler, %function
  29              	IntDefaultHandler:
  30              	.LFB2:
  31              		.file 1 ".\\Generated_Source\\PSoC4\\Cm0Start.c"
   1:.\Generated_Source\PSoC4/Cm0Start.c **** /***************************************************************************//**
   2:.\Generated_Source\PSoC4/Cm0Start.c **** * \file Cm0Start.c
   3:.\Generated_Source\PSoC4/Cm0Start.c **** * \version 5.40
   4:.\Generated_Source\PSoC4/Cm0Start.c **** *
   5:.\Generated_Source\PSoC4/Cm0Start.c **** * \brief Startup code for the ARM CM0.
   6:.\Generated_Source\PSoC4/Cm0Start.c **** *
   7:.\Generated_Source\PSoC4/Cm0Start.c **** ********************************************************************************
   8:.\Generated_Source\PSoC4/Cm0Start.c **** * \copyright
   9:.\Generated_Source\PSoC4/Cm0Start.c **** * Copyright 2010-2016, Cypress Semiconductor Corporation.  All rights reserved.
  10:.\Generated_Source\PSoC4/Cm0Start.c **** * You may use this file only in accordance with the license, terms, conditions,
  11:.\Generated_Source\PSoC4/Cm0Start.c **** * disclaimers, and limitations in the end user license agreement accompanying
  12:.\Generated_Source\PSoC4/Cm0Start.c **** * the software package with which this file was provided.
  13:.\Generated_Source\PSoC4/Cm0Start.c **** *******************************************************************************/
  14:.\Generated_Source\PSoC4/Cm0Start.c **** 
  15:.\Generated_Source\PSoC4/Cm0Start.c **** #include <limits.h>
  16:.\Generated_Source\PSoC4/Cm0Start.c **** #include "cydevice_trm.h"
  17:.\Generated_Source\PSoC4/Cm0Start.c **** #include "cytypes.h"
  18:.\Generated_Source\PSoC4/Cm0Start.c **** #include "cyfitter_cfg.h"
  19:.\Generated_Source\PSoC4/Cm0Start.c **** #include "CyLib.h"
  20:.\Generated_Source\PSoC4/Cm0Start.c **** #include "cyfitter.h"
  21:.\Generated_Source\PSoC4/Cm0Start.c **** #include "cyapicallbacks.h"
  22:.\Generated_Source\PSoC4/Cm0Start.c **** 
  23:.\Generated_Source\PSoC4/Cm0Start.c **** #define CY_NUM_VECTORS              (CY_INT_IRQ_BASE + CY_NUM_INTERRUPTS)
  24:.\Generated_Source\PSoC4/Cm0Start.c **** 
  25:.\Generated_Source\PSoC4/Cm0Start.c **** #if (CY_IP_CPUSS_CM0)
  26:.\Generated_Source\PSoC4/Cm0Start.c ****     #define CY_CPUSS_CONFIG_VECT_IN_RAM (( uint32 ) 0x01)
ARM GAS  C:\Users\humon\AppData\Local\Temp\cckEdLla.s 			page 2


  27:.\Generated_Source\PSoC4/Cm0Start.c **** #endif /* (CY_IP_CPUSS_CM0) */
  28:.\Generated_Source\PSoC4/Cm0Start.c **** 
  29:.\Generated_Source\PSoC4/Cm0Start.c **** 
  30:.\Generated_Source\PSoC4/Cm0Start.c **** #if (CY_IP_CPUSS_CM0)
  31:.\Generated_Source\PSoC4/Cm0Start.c ****     /* CPUSS Configuration register */
  32:.\Generated_Source\PSoC4/Cm0Start.c ****     #define CY_CPUSS_CONFIG_REG         (*(reg32 *) CYREG_CPUSS_CONFIG)
  33:.\Generated_Source\PSoC4/Cm0Start.c ****     #define CY_CPUSS_CONFIG_PTR         ( (reg32 *) CYREG_CPUSS_CONFIG)
  34:.\Generated_Source\PSoC4/Cm0Start.c **** #endif /* (CY_IP_CPUSS_CM0) */
  35:.\Generated_Source\PSoC4/Cm0Start.c **** 
  36:.\Generated_Source\PSoC4/Cm0Start.c **** 
  37:.\Generated_Source\PSoC4/Cm0Start.c **** #if defined (__ICCARM__)
  38:.\Generated_Source\PSoC4/Cm0Start.c ****     #define CY_NUM_ROM_VECTORS      (CY_NUM_VECTORS)
  39:.\Generated_Source\PSoC4/Cm0Start.c **** #else
  40:.\Generated_Source\PSoC4/Cm0Start.c ****     #define CY_NUM_ROM_VECTORS      (4u)
  41:.\Generated_Source\PSoC4/Cm0Start.c **** #endif  /* defined (__ICCARM__) */
  42:.\Generated_Source\PSoC4/Cm0Start.c **** 
  43:.\Generated_Source\PSoC4/Cm0Start.c **** /* Vector table address in SRAM */
  44:.\Generated_Source\PSoC4/Cm0Start.c **** #define CY_CPUSS_CONFIG_VECT_ADDR_IN_RAM    (0x20000000u)
  45:.\Generated_Source\PSoC4/Cm0Start.c **** 
  46:.\Generated_Source\PSoC4/Cm0Start.c **** #ifndef CY_SYS_INITIAL_STACK_POINTER
  47:.\Generated_Source\PSoC4/Cm0Start.c **** 
  48:.\Generated_Source\PSoC4/Cm0Start.c ****     #if defined(__ARMCC_VERSION)
  49:.\Generated_Source\PSoC4/Cm0Start.c ****         #define CY_SYS_INITIAL_STACK_POINTER ((cyisraddress)(uint32)&Image$$ARM_LIB_STACK$$ZI$$Limi
  50:.\Generated_Source\PSoC4/Cm0Start.c ****     #elif defined (__GNUC__)
  51:.\Generated_Source\PSoC4/Cm0Start.c ****         #define CY_SYS_INITIAL_STACK_POINTER (&__cy_stack)
  52:.\Generated_Source\PSoC4/Cm0Start.c ****     #elif defined (__ICCARM__)
  53:.\Generated_Source\PSoC4/Cm0Start.c ****         #pragma language=extended
  54:.\Generated_Source\PSoC4/Cm0Start.c ****         #pragma segment="CSTACK"
  55:.\Generated_Source\PSoC4/Cm0Start.c ****         #define CY_SYS_INITIAL_STACK_POINTER  { .__ptr = __sfe( "CSTACK" ) }
  56:.\Generated_Source\PSoC4/Cm0Start.c **** 
  57:.\Generated_Source\PSoC4/Cm0Start.c ****         extern void __iar_program_start( void );
  58:.\Generated_Source\PSoC4/Cm0Start.c ****         extern void __iar_data_init3 (void);
  59:.\Generated_Source\PSoC4/Cm0Start.c ****     #endif  /* (__ARMCC_VERSION) */
  60:.\Generated_Source\PSoC4/Cm0Start.c **** 
  61:.\Generated_Source\PSoC4/Cm0Start.c **** #endif /* CY_SYS_INITIAL_STACK_POINTER */
  62:.\Generated_Source\PSoC4/Cm0Start.c **** 
  63:.\Generated_Source\PSoC4/Cm0Start.c **** 
  64:.\Generated_Source\PSoC4/Cm0Start.c **** #if defined(__GNUC__)
  65:.\Generated_Source\PSoC4/Cm0Start.c ****     #include <errno.h>
  66:.\Generated_Source\PSoC4/Cm0Start.c ****     extern int  errno;
  67:.\Generated_Source\PSoC4/Cm0Start.c ****     extern int  end;
  68:.\Generated_Source\PSoC4/Cm0Start.c **** #endif  /* defined(__GNUC__) */
  69:.\Generated_Source\PSoC4/Cm0Start.c **** 
  70:.\Generated_Source\PSoC4/Cm0Start.c **** /* Extern functions */
  71:.\Generated_Source\PSoC4/Cm0Start.c **** extern void CyBtldr_CheckLaunch(void);
  72:.\Generated_Source\PSoC4/Cm0Start.c **** 
  73:.\Generated_Source\PSoC4/Cm0Start.c **** /* Function prototypes */
  74:.\Generated_Source\PSoC4/Cm0Start.c **** void initialize_psoc(void);
  75:.\Generated_Source\PSoC4/Cm0Start.c **** 
  76:.\Generated_Source\PSoC4/Cm0Start.c **** /* Global variables */
  77:.\Generated_Source\PSoC4/Cm0Start.c **** #if !defined (__ICCARM__)
  78:.\Generated_Source\PSoC4/Cm0Start.c ****     CY_NOINIT static uint32 cySysNoInitDataValid;
  79:.\Generated_Source\PSoC4/Cm0Start.c **** #endif  /* !defined (__ICCARM__) */
  80:.\Generated_Source\PSoC4/Cm0Start.c **** 
  81:.\Generated_Source\PSoC4/Cm0Start.c **** 
  82:.\Generated_Source\PSoC4/Cm0Start.c **** #if (CYDEV_PROJ_TYPE != CYDEV_PROJ_TYPE_STANDARD)
  83:.\Generated_Source\PSoC4/Cm0Start.c **** 
ARM GAS  C:\Users\humon\AppData\Local\Temp\cckEdLla.s 			page 3


  84:.\Generated_Source\PSoC4/Cm0Start.c ****     /*******************************************************************************
  85:.\Generated_Source\PSoC4/Cm0Start.c ****     This variable is used by the Bootloader/Bootloadable components to schedule
  86:.\Generated_Source\PSoC4/Cm0Start.c ****     what application will be started after a software reset.
  87:.\Generated_Source\PSoC4/Cm0Start.c ****     *******************************************************************************/
  88:.\Generated_Source\PSoC4/Cm0Start.c ****     #if (__ARMCC_VERSION)
  89:.\Generated_Source\PSoC4/Cm0Start.c ****         __attribute__ ((section(".bootloaderruntype"), zero_init))
  90:.\Generated_Source\PSoC4/Cm0Start.c ****     #elif defined (__GNUC__)
  91:.\Generated_Source\PSoC4/Cm0Start.c ****         __attribute__ ((section(".bootloaderruntype")))
  92:.\Generated_Source\PSoC4/Cm0Start.c ****     #elif defined (__ICCARM__)
  93:.\Generated_Source\PSoC4/Cm0Start.c ****         #pragma location=".bootloaderruntype"
  94:.\Generated_Source\PSoC4/Cm0Start.c ****     #endif /* (__ARMCC_VERSION) */
  95:.\Generated_Source\PSoC4/Cm0Start.c ****     volatile uint32 cyBtldrRunType;
  96:.\Generated_Source\PSoC4/Cm0Start.c **** 
  97:.\Generated_Source\PSoC4/Cm0Start.c **** #endif  /* (CYDEV_PROJ_TYPE != CYDEV_PROJ_TYPE_STANDARD) */
  98:.\Generated_Source\PSoC4/Cm0Start.c **** 
  99:.\Generated_Source\PSoC4/Cm0Start.c **** 
 100:.\Generated_Source\PSoC4/Cm0Start.c **** /*******************************************************************************
 101:.\Generated_Source\PSoC4/Cm0Start.c **** * Function Name: IntDefaultHandler
 102:.\Generated_Source\PSoC4/Cm0Start.c **** ****************************************************************************//**
 103:.\Generated_Source\PSoC4/Cm0Start.c **** *
 104:.\Generated_Source\PSoC4/Cm0Start.c **** *  This function is called for all interrupts, other than a reset that is called
 105:.\Generated_Source\PSoC4/Cm0Start.c **** *  before the system is setup.
 106:.\Generated_Source\PSoC4/Cm0Start.c **** *
 107:.\Generated_Source\PSoC4/Cm0Start.c **** *******************************************************************************/
 108:.\Generated_Source\PSoC4/Cm0Start.c **** CY_NORETURN
 109:.\Generated_Source\PSoC4/Cm0Start.c **** CY_ISR(IntDefaultHandler)
 110:.\Generated_Source\PSoC4/Cm0Start.c **** {
  32              		.loc 1 110 0
  33              		.cfi_startproc
  34 0000 80B5     		push	{r7, lr}
  35              		.cfi_def_cfa_offset 8
  36              		.cfi_offset 7, -8
  37              		.cfi_offset 14, -4
  38 0002 00AF     		add	r7, sp, #0
  39              		.cfi_def_cfa_register 7
  40              	.L2:
 111:.\Generated_Source\PSoC4/Cm0Start.c ****     /***************************************************************************
 112:.\Generated_Source\PSoC4/Cm0Start.c ****     * We must not get here. If we do, a serious problem occurs, so go into
 113:.\Generated_Source\PSoC4/Cm0Start.c ****     * an infinite loop.
 114:.\Generated_Source\PSoC4/Cm0Start.c ****     ***************************************************************************/
 115:.\Generated_Source\PSoC4/Cm0Start.c **** 
 116:.\Generated_Source\PSoC4/Cm0Start.c ****     #ifdef CY_BOOT_INT_DEFAULT_HANDLER_EXCEPTION_ENTRY_CALLBACK
 117:.\Generated_Source\PSoC4/Cm0Start.c ****         CyBoot_IntDefaultHandler_Exception_EntryCallback();
 118:.\Generated_Source\PSoC4/Cm0Start.c ****     #endif /* CY_BOOT_INT_DEFAULT_HANDLER_EXCEPTION_ENTRY_CALLBACK */
 119:.\Generated_Source\PSoC4/Cm0Start.c **** 
 120:.\Generated_Source\PSoC4/Cm0Start.c ****     while(1)
 121:.\Generated_Source\PSoC4/Cm0Start.c ****     {
 122:.\Generated_Source\PSoC4/Cm0Start.c **** 
 123:.\Generated_Source\PSoC4/Cm0Start.c ****     }
  41              		.loc 1 123 0 discriminator 1
  42 0004 FEE7     		b	.L2
  43              		.cfi_endproc
  44              	.LFE2:
  45              		.size	IntDefaultHandler, .-IntDefaultHandler
  46 0006 C046     		.section	.text._exit,"ax",%progbits
  47              		.align	2
  48              		.weak	_exit
ARM GAS  C:\Users\humon\AppData\Local\Temp\cckEdLla.s 			page 4


  49              		.code	16
  50              		.thumb_func
  51              		.type	_exit, %function
  52              	_exit:
  53              	.LFB3:
 124:.\Generated_Source\PSoC4/Cm0Start.c **** }
 125:.\Generated_Source\PSoC4/Cm0Start.c **** 
 126:.\Generated_Source\PSoC4/Cm0Start.c **** #if defined(__ARMCC_VERSION)
 127:.\Generated_Source\PSoC4/Cm0Start.c **** 
 128:.\Generated_Source\PSoC4/Cm0Start.c **** /* Local function for device reset. */
 129:.\Generated_Source\PSoC4/Cm0Start.c **** extern void Reset(void);
 130:.\Generated_Source\PSoC4/Cm0Start.c **** 
 131:.\Generated_Source\PSoC4/Cm0Start.c **** /* Application entry point. */
 132:.\Generated_Source\PSoC4/Cm0Start.c **** extern void $Super$$main(void);
 133:.\Generated_Source\PSoC4/Cm0Start.c **** 
 134:.\Generated_Source\PSoC4/Cm0Start.c **** /* Linker-generated Stack Base addresses, Two Region and One Region */
 135:.\Generated_Source\PSoC4/Cm0Start.c **** extern unsigned long Image$$ARM_LIB_STACK$$ZI$$Limit;
 136:.\Generated_Source\PSoC4/Cm0Start.c **** 
 137:.\Generated_Source\PSoC4/Cm0Start.c **** /* RealView C Library initialization. */
 138:.\Generated_Source\PSoC4/Cm0Start.c **** extern int __main(void);
 139:.\Generated_Source\PSoC4/Cm0Start.c **** 
 140:.\Generated_Source\PSoC4/Cm0Start.c **** 
 141:.\Generated_Source\PSoC4/Cm0Start.c **** /*******************************************************************************
 142:.\Generated_Source\PSoC4/Cm0Start.c **** * Function Name: Reset
 143:.\Generated_Source\PSoC4/Cm0Start.c **** ****************************************************************************//**
 144:.\Generated_Source\PSoC4/Cm0Start.c **** *
 145:.\Generated_Source\PSoC4/Cm0Start.c **** * This function handles the reset interrupt for the MDK toolchains.
 146:.\Generated_Source\PSoC4/Cm0Start.c **** * This is the first bit of code that is executed at startup.
 147:.\Generated_Source\PSoC4/Cm0Start.c **** *
 148:.\Generated_Source\PSoC4/Cm0Start.c **** *******************************************************************************/
 149:.\Generated_Source\PSoC4/Cm0Start.c **** void Reset(void)
 150:.\Generated_Source\PSoC4/Cm0Start.c **** {
 151:.\Generated_Source\PSoC4/Cm0Start.c ****     #if (CYDEV_PROJ_TYPE == CYDEV_PROJ_TYPE_LOADABLE || CYDEV_PROJ_TYPE == CYDEV_PROJ_TYPE_LOADABLE
 152:.\Generated_Source\PSoC4/Cm0Start.c ****         /* The bootloadable application image is started at Reset() handler
 153:.\Generated_Source\PSoC4/Cm0Start.c ****         * as a result of a branch instruction execution from the bootloader.
 154:.\Generated_Source\PSoC4/Cm0Start.c ****         * So, the stack pointer needs to be reset to be sure that
 155:.\Generated_Source\PSoC4/Cm0Start.c ****         * there is no garbage in the stack.
 156:.\Generated_Source\PSoC4/Cm0Start.c ****         */
 157:.\Generated_Source\PSoC4/Cm0Start.c ****         register uint32_t msp __asm("msp");
 158:.\Generated_Source\PSoC4/Cm0Start.c ****         msp = (uint32_t)&Image$$ARM_LIB_STACK$$ZI$$Limit;
 159:.\Generated_Source\PSoC4/Cm0Start.c ****     #endif /*(CYDEV_PROJ_TYPE == CYDEV_PROJ_TYPE_LOADABLE || CYDEV_PROJ_TYPE == CYDEV_PROJ_TYPE_LOA
 160:.\Generated_Source\PSoC4/Cm0Start.c **** 
 161:.\Generated_Source\PSoC4/Cm0Start.c ****     #if(CY_IP_SRSSLT)
 162:.\Generated_Source\PSoC4/Cm0Start.c ****         CySysWdtDisable();
 163:.\Generated_Source\PSoC4/Cm0Start.c ****     #endif  /* (CY_IP_SRSSLT) */
 164:.\Generated_Source\PSoC4/Cm0Start.c **** 
 165:.\Generated_Source\PSoC4/Cm0Start.c ****     #if ((CYDEV_BOOTLOADER_ENABLE) && (CYDEV_PROJ_TYPE != CYDEV_PROJ_TYPE_LOADABLEANDBOOTLOADER))
 166:.\Generated_Source\PSoC4/Cm0Start.c ****         CyBtldr_CheckLaunch();
 167:.\Generated_Source\PSoC4/Cm0Start.c ****     #endif /* ((CYDEV_BOOTLOADER_ENABLE) && (CYDEV_PROJ_TYPE != CYDEV_PROJ_TYPE_LOADABLEANDBOOTLOAD
 168:.\Generated_Source\PSoC4/Cm0Start.c **** 
 169:.\Generated_Source\PSoC4/Cm0Start.c ****     __main();
 170:.\Generated_Source\PSoC4/Cm0Start.c **** }
 171:.\Generated_Source\PSoC4/Cm0Start.c **** 
 172:.\Generated_Source\PSoC4/Cm0Start.c **** /*******************************************************************************
 173:.\Generated_Source\PSoC4/Cm0Start.c **** * Function Name: $Sub$$main
 174:.\Generated_Source\PSoC4/Cm0Start.c **** ****************************************************************************//**
 175:.\Generated_Source\PSoC4/Cm0Start.c **** *
ARM GAS  C:\Users\humon\AppData\Local\Temp\cckEdLla.s 			page 5


 176:.\Generated_Source\PSoC4/Cm0Start.c **** * This function is called immediately before the users main
 177:.\Generated_Source\PSoC4/Cm0Start.c **** *
 178:.\Generated_Source\PSoC4/Cm0Start.c **** *******************************************************************************/
 179:.\Generated_Source\PSoC4/Cm0Start.c **** __attribute__ ((noreturn, __noinline__))
 180:.\Generated_Source\PSoC4/Cm0Start.c **** void $Sub$$main(void)
 181:.\Generated_Source\PSoC4/Cm0Start.c **** {
 182:.\Generated_Source\PSoC4/Cm0Start.c ****     initialize_psoc();
 183:.\Generated_Source\PSoC4/Cm0Start.c **** 
 184:.\Generated_Source\PSoC4/Cm0Start.c ****     /* Call original main */
 185:.\Generated_Source\PSoC4/Cm0Start.c ****     $Super$$main();
 186:.\Generated_Source\PSoC4/Cm0Start.c **** 
 187:.\Generated_Source\PSoC4/Cm0Start.c ****     while (1)
 188:.\Generated_Source\PSoC4/Cm0Start.c ****     {
 189:.\Generated_Source\PSoC4/Cm0Start.c ****         /* If main returns it is undefined what we should do. */
 190:.\Generated_Source\PSoC4/Cm0Start.c ****     }
 191:.\Generated_Source\PSoC4/Cm0Start.c **** }
 192:.\Generated_Source\PSoC4/Cm0Start.c **** 
 193:.\Generated_Source\PSoC4/Cm0Start.c **** #elif defined(__GNUC__)
 194:.\Generated_Source\PSoC4/Cm0Start.c **** 
 195:.\Generated_Source\PSoC4/Cm0Start.c **** /* Stack Base address */
 196:.\Generated_Source\PSoC4/Cm0Start.c **** extern void __cy_stack(void);
 197:.\Generated_Source\PSoC4/Cm0Start.c **** 
 198:.\Generated_Source\PSoC4/Cm0Start.c **** /* Application entry point. */
 199:.\Generated_Source\PSoC4/Cm0Start.c **** extern int main(void);
 200:.\Generated_Source\PSoC4/Cm0Start.c **** 
 201:.\Generated_Source\PSoC4/Cm0Start.c **** /* The static objects constructors initializer */
 202:.\Generated_Source\PSoC4/Cm0Start.c **** extern void __libc_init_array(void);
 203:.\Generated_Source\PSoC4/Cm0Start.c **** 
 204:.\Generated_Source\PSoC4/Cm0Start.c **** typedef unsigned char __cy_byte_align8 __attribute ((aligned (8)));
 205:.\Generated_Source\PSoC4/Cm0Start.c **** 
 206:.\Generated_Source\PSoC4/Cm0Start.c **** struct __cy_region
 207:.\Generated_Source\PSoC4/Cm0Start.c **** {
 208:.\Generated_Source\PSoC4/Cm0Start.c ****     __cy_byte_align8 *init; /* Initial contents of this region.  */
 209:.\Generated_Source\PSoC4/Cm0Start.c ****     __cy_byte_align8 *data; /* Start address of region.  */
 210:.\Generated_Source\PSoC4/Cm0Start.c ****     size_t init_size;       /* Size of initial data.  */
 211:.\Generated_Source\PSoC4/Cm0Start.c ****     size_t zero_size;       /* Additional size to be zeroed.  */
 212:.\Generated_Source\PSoC4/Cm0Start.c **** };
 213:.\Generated_Source\PSoC4/Cm0Start.c **** 
 214:.\Generated_Source\PSoC4/Cm0Start.c **** extern const struct __cy_region __cy_regions[];
 215:.\Generated_Source\PSoC4/Cm0Start.c **** extern const char __cy_region_num __attribute__((weak));
 216:.\Generated_Source\PSoC4/Cm0Start.c **** #define __cy_region_num ((size_t)&__cy_region_num)
 217:.\Generated_Source\PSoC4/Cm0Start.c **** 
 218:.\Generated_Source\PSoC4/Cm0Start.c **** 
 219:.\Generated_Source\PSoC4/Cm0Start.c **** /*******************************************************************************
 220:.\Generated_Source\PSoC4/Cm0Start.c **** * System Calls of the Red Hat newlib C Library
 221:.\Generated_Source\PSoC4/Cm0Start.c **** *******************************************************************************/
 222:.\Generated_Source\PSoC4/Cm0Start.c **** 
 223:.\Generated_Source\PSoC4/Cm0Start.c **** 
 224:.\Generated_Source\PSoC4/Cm0Start.c **** /*******************************************************************************
 225:.\Generated_Source\PSoC4/Cm0Start.c **** * Function Name: _exit
 226:.\Generated_Source\PSoC4/Cm0Start.c **** ****************************************************************************//**
 227:.\Generated_Source\PSoC4/Cm0Start.c **** *
 228:.\Generated_Source\PSoC4/Cm0Start.c **** * Exit a program without cleaning up files. If your system doesn't provide
 229:.\Generated_Source\PSoC4/Cm0Start.c **** * this, it is best to avoid linking with subroutines that require it (exit,
 230:.\Generated_Source\PSoC4/Cm0Start.c **** * system).
 231:.\Generated_Source\PSoC4/Cm0Start.c **** *
 232:.\Generated_Source\PSoC4/Cm0Start.c **** * \param status: Status caused program exit.
ARM GAS  C:\Users\humon\AppData\Local\Temp\cckEdLla.s 			page 6


 233:.\Generated_Source\PSoC4/Cm0Start.c **** *
 234:.\Generated_Source\PSoC4/Cm0Start.c **** *******************************************************************************/
 235:.\Generated_Source\PSoC4/Cm0Start.c **** __attribute__((weak))
 236:.\Generated_Source\PSoC4/Cm0Start.c **** void _exit(int status)
 237:.\Generated_Source\PSoC4/Cm0Start.c **** {
  54              		.loc 1 237 0
  55              		.cfi_startproc
  56 0000 80B5     		push	{r7, lr}
  57              		.cfi_def_cfa_offset 8
  58              		.cfi_offset 7, -8
  59              		.cfi_offset 14, -4
  60 0002 82B0     		sub	sp, sp, #8
  61              		.cfi_def_cfa_offset 16
  62 0004 00AF     		add	r7, sp, #0
  63              		.cfi_def_cfa_register 7
  64 0006 7860     		str	r0, [r7, #4]
 238:.\Generated_Source\PSoC4/Cm0Start.c ****     CyHalt((uint8) status);
  65              		.loc 1 238 0
  66 0008 7B68     		ldr	r3, [r7, #4]
  67 000a DBB2     		uxtb	r3, r3
  68 000c 181C     		mov	r0, r3
  69 000e FFF7FEFF 		bl	CyHalt
  70              	.L4:
 239:.\Generated_Source\PSoC4/Cm0Start.c **** 
 240:.\Generated_Source\PSoC4/Cm0Start.c ****     while(1)
 241:.\Generated_Source\PSoC4/Cm0Start.c ****     {
 242:.\Generated_Source\PSoC4/Cm0Start.c **** 
 243:.\Generated_Source\PSoC4/Cm0Start.c ****     }
  71              		.loc 1 243 0 discriminator 1
  72 0012 FEE7     		b	.L4
  73              		.cfi_endproc
  74              	.LFE3:
  75              		.size	_exit, .-_exit
  76              		.section	.text._sbrk,"ax",%progbits
  77              		.align	2
  78              		.weak	_sbrk
  79              		.code	16
  80              		.thumb_func
  81              		.type	_sbrk, %function
  82              	_sbrk:
  83              	.LFB4:
 244:.\Generated_Source\PSoC4/Cm0Start.c **** }
 245:.\Generated_Source\PSoC4/Cm0Start.c **** 
 246:.\Generated_Source\PSoC4/Cm0Start.c **** 
 247:.\Generated_Source\PSoC4/Cm0Start.c **** /*******************************************************************************
 248:.\Generated_Source\PSoC4/Cm0Start.c **** * Function Name: _sbrk
 249:.\Generated_Source\PSoC4/Cm0Start.c **** ****************************************************************************//**
 250:.\Generated_Source\PSoC4/Cm0Start.c **** *
 251:.\Generated_Source\PSoC4/Cm0Start.c **** * Increase program data space. As malloc and related functions depend on this,
 252:.\Generated_Source\PSoC4/Cm0Start.c **** * it is useful to have a working implementation. The following suffices for a
 253:.\Generated_Source\PSoC4/Cm0Start.c **** * standalone system; it exploits the symbol end automatically defined by the
 254:.\Generated_Source\PSoC4/Cm0Start.c **** * GNU linker.
 255:.\Generated_Source\PSoC4/Cm0Start.c **** *
 256:.\Generated_Source\PSoC4/Cm0Start.c **** * \param nbytes: The number of bytes requested (if the parameter value is positive)
 257:.\Generated_Source\PSoC4/Cm0Start.c **** * from the heap or returned back to the heap (if the parameter value is
 258:.\Generated_Source\PSoC4/Cm0Start.c **** * negative).
 259:.\Generated_Source\PSoC4/Cm0Start.c **** *
ARM GAS  C:\Users\humon\AppData\Local\Temp\cckEdLla.s 			page 7


 260:.\Generated_Source\PSoC4/Cm0Start.c **** *******************************************************************************/
 261:.\Generated_Source\PSoC4/Cm0Start.c **** __attribute__((weak))
 262:.\Generated_Source\PSoC4/Cm0Start.c **** void * _sbrk (int nbytes)
 263:.\Generated_Source\PSoC4/Cm0Start.c **** {
  84              		.loc 1 263 0
  85              		.cfi_startproc
  86 0000 80B5     		push	{r7, lr}
  87              		.cfi_def_cfa_offset 8
  88              		.cfi_offset 7, -8
  89              		.cfi_offset 14, -4
  90 0002 84B0     		sub	sp, sp, #16
  91              		.cfi_def_cfa_offset 24
  92 0004 00AF     		add	r7, sp, #0
  93              		.cfi_def_cfa_register 7
  94 0006 7860     		str	r0, [r7, #4]
 264:.\Generated_Source\PSoC4/Cm0Start.c ****     extern int  end;            /* Symbol defined by linker map. Start of free memory (as symbol). 
 265:.\Generated_Source\PSoC4/Cm0Start.c ****     void *      returnValue;
 266:.\Generated_Source\PSoC4/Cm0Start.c **** 
 267:.\Generated_Source\PSoC4/Cm0Start.c ****     /* The statically held previous end of the heap, with its initialization. */
 268:.\Generated_Source\PSoC4/Cm0Start.c ****     static void *heapPointer = (void *) &end;                 /* Previous end */
 269:.\Generated_Source\PSoC4/Cm0Start.c **** 
 270:.\Generated_Source\PSoC4/Cm0Start.c ****     if (((heapPointer + nbytes) - (void *) &end) <= CYDEV_HEAP_SIZE)
  95              		.loc 1 270 0
  96 0008 0F4B     		ldr	r3, .L9
  97 000a 1A68     		ldr	r2, [r3]
  98 000c 7B68     		ldr	r3, [r7, #4]
  99 000e D318     		add	r3, r2, r3
 100 0010 1A1C     		mov	r2, r3
 101 0012 0E4B     		ldr	r3, .L9+4
 102 0014 D31A     		sub	r3, r2, r3
 103 0016 802B     		cmp	r3, #128
 104 0018 09DC     		bgt	.L6
 271:.\Generated_Source\PSoC4/Cm0Start.c ****     {
 272:.\Generated_Source\PSoC4/Cm0Start.c ****         returnValue  = heapPointer;
 105              		.loc 1 272 0
 106 001a 0B4B     		ldr	r3, .L9
 107 001c 1B68     		ldr	r3, [r3]
 108 001e FB60     		str	r3, [r7, #12]
 273:.\Generated_Source\PSoC4/Cm0Start.c ****         heapPointer += nbytes;
 109              		.loc 1 273 0
 110 0020 094B     		ldr	r3, .L9
 111 0022 1A68     		ldr	r2, [r3]
 112 0024 7B68     		ldr	r3, [r7, #4]
 113 0026 D218     		add	r2, r2, r3
 114 0028 074B     		ldr	r3, .L9
 115 002a 1A60     		str	r2, [r3]
 116 002c 07E0     		b	.L7
 117              	.L6:
 274:.\Generated_Source\PSoC4/Cm0Start.c ****     }
 275:.\Generated_Source\PSoC4/Cm0Start.c ****     else
 276:.\Generated_Source\PSoC4/Cm0Start.c ****     {
 277:.\Generated_Source\PSoC4/Cm0Start.c ****         errno = ENOMEM;
 118              		.loc 1 277 0
 119 002e FFF7FEFF 		bl	__errno
 120 0032 031C     		mov	r3, r0
 121 0034 0C22     		mov	r2, #12
 122 0036 1A60     		str	r2, [r3]
ARM GAS  C:\Users\humon\AppData\Local\Temp\cckEdLla.s 			page 8


 278:.\Generated_Source\PSoC4/Cm0Start.c ****         returnValue = (void *) -1;
 123              		.loc 1 278 0
 124 0038 0123     		mov	r3, #1
 125 003a 5B42     		neg	r3, r3
 126 003c FB60     		str	r3, [r7, #12]
 127              	.L7:
 279:.\Generated_Source\PSoC4/Cm0Start.c ****     }
 280:.\Generated_Source\PSoC4/Cm0Start.c **** 
 281:.\Generated_Source\PSoC4/Cm0Start.c ****     return (returnValue);
 128              		.loc 1 281 0
 129 003e FB68     		ldr	r3, [r7, #12]
 282:.\Generated_Source\PSoC4/Cm0Start.c **** }
 130              		.loc 1 282 0
 131 0040 181C     		mov	r0, r3
 132 0042 BD46     		mov	sp, r7
 133 0044 04B0     		add	sp, sp, #16
 134              		@ sp needed
 135 0046 80BD     		pop	{r7, pc}
 136              	.L10:
 137              		.align	2
 138              	.L9:
 139 0048 00000000 		.word	heapPointer.4755
 140 004c 00000000 		.word	end
 141              		.cfi_endproc
 142              	.LFE4:
 143              		.size	_sbrk, .-_sbrk
 144              		.section	.text.Start_c,"ax",%progbits
 145              		.align	2
 146              		.global	Start_c
 147              		.code	16
 148              		.thumb_func
 149              		.type	Start_c, %function
 150              	Start_c:
 151              	.LFB5:
 283:.\Generated_Source\PSoC4/Cm0Start.c **** 
 284:.\Generated_Source\PSoC4/Cm0Start.c **** 
 285:.\Generated_Source\PSoC4/Cm0Start.c **** /*******************************************************************************
 286:.\Generated_Source\PSoC4/Cm0Start.c **** * Function Name: Start_c
 287:.\Generated_Source\PSoC4/Cm0Start.c **** ****************************************************************************//**
 288:.\Generated_Source\PSoC4/Cm0Start.c **** *
 289:.\Generated_Source\PSoC4/Cm0Start.c **** * This function handles initializing the .data and .bss sections in
 290:.\Generated_Source\PSoC4/Cm0Start.c **** * preparation for running the standard c code.  Once initialization is complete
 291:.\Generated_Source\PSoC4/Cm0Start.c **** * it will call main().  This function will never return.
 292:.\Generated_Source\PSoC4/Cm0Start.c **** *
 293:.\Generated_Source\PSoC4/Cm0Start.c **** *******************************************************************************/
 294:.\Generated_Source\PSoC4/Cm0Start.c **** void Start_c(void)  __attribute__ ((noreturn, noinline));
 295:.\Generated_Source\PSoC4/Cm0Start.c **** void Start_c(void)
 296:.\Generated_Source\PSoC4/Cm0Start.c **** {
 152              		.loc 1 296 0
 153              		.cfi_startproc
 154 0000 80B5     		push	{r7, lr}
 155              		.cfi_def_cfa_offset 8
 156              		.cfi_offset 7, -8
 157              		.cfi_offset 14, -4
 158 0002 86B0     		sub	sp, sp, #24
 159              		.cfi_def_cfa_offset 32
 160 0004 00AF     		add	r7, sp, #0
ARM GAS  C:\Users\humon\AppData\Local\Temp\cckEdLla.s 			page 9


 161              		.cfi_def_cfa_register 7
 297:.\Generated_Source\PSoC4/Cm0Start.c ****     #ifdef CY_BOOT_START_C_CALLBACK
 298:.\Generated_Source\PSoC4/Cm0Start.c ****         CyBoot_Start_c_Callback();
 299:.\Generated_Source\PSoC4/Cm0Start.c ****     #else
 300:.\Generated_Source\PSoC4/Cm0Start.c ****         unsigned regions = __cy_region_num;
 162              		.loc 1 300 0
 163 0006 224B     		ldr	r3, .L19
 164 0008 7B61     		str	r3, [r7, #20]
 301:.\Generated_Source\PSoC4/Cm0Start.c ****         const struct __cy_region *rptr = __cy_regions;
 165              		.loc 1 301 0
 166 000a 224B     		ldr	r3, .L19+4
 167 000c 3B61     		str	r3, [r7, #16]
 302:.\Generated_Source\PSoC4/Cm0Start.c **** 
 303:.\Generated_Source\PSoC4/Cm0Start.c ****         /* Initialize memory */
 304:.\Generated_Source\PSoC4/Cm0Start.c ****         for (regions = __cy_region_num; regions != 0u; regions--)
 168              		.loc 1 304 0
 169 000e 204B     		ldr	r3, .L19
 170 0010 7B61     		str	r3, [r7, #20]
 171 0012 35E0     		b	.L12
 172              	.L17:
 173              	.LBB2:
 305:.\Generated_Source\PSoC4/Cm0Start.c ****         {
 306:.\Generated_Source\PSoC4/Cm0Start.c ****             uint32 *src = (uint32 *)rptr->init;
 174              		.loc 1 306 0
 175 0014 3B69     		ldr	r3, [r7, #16]
 176 0016 1B68     		ldr	r3, [r3]
 177 0018 FB60     		str	r3, [r7, #12]
 307:.\Generated_Source\PSoC4/Cm0Start.c ****             uint32 *dst = (uint32 *)rptr->data;
 178              		.loc 1 307 0
 179 001a 3B69     		ldr	r3, [r7, #16]
 180 001c 5B68     		ldr	r3, [r3, #4]
 181 001e BB60     		str	r3, [r7, #8]
 308:.\Generated_Source\PSoC4/Cm0Start.c ****             unsigned limit = rptr->init_size;
 182              		.loc 1 308 0
 183 0020 3B69     		ldr	r3, [r7, #16]
 184 0022 9B68     		ldr	r3, [r3, #8]
 185 0024 3B60     		str	r3, [r7]
 309:.\Generated_Source\PSoC4/Cm0Start.c ****             unsigned count;
 310:.\Generated_Source\PSoC4/Cm0Start.c **** 
 311:.\Generated_Source\PSoC4/Cm0Start.c ****             for (count = 0u; count != limit; count += sizeof (uint32))
 186              		.loc 1 311 0
 187 0026 0023     		mov	r3, #0
 188 0028 7B60     		str	r3, [r7, #4]
 189 002a 0CE0     		b	.L13
 190              	.L14:
 312:.\Generated_Source\PSoC4/Cm0Start.c ****             {
 313:.\Generated_Source\PSoC4/Cm0Start.c ****                 *dst = *src;
 191              		.loc 1 313 0 discriminator 3
 192 002c FB68     		ldr	r3, [r7, #12]
 193 002e 1A68     		ldr	r2, [r3]
 194 0030 BB68     		ldr	r3, [r7, #8]
 195 0032 1A60     		str	r2, [r3]
 314:.\Generated_Source\PSoC4/Cm0Start.c ****                 dst++;
 196              		.loc 1 314 0 discriminator 3
 197 0034 BB68     		ldr	r3, [r7, #8]
 198 0036 0433     		add	r3, r3, #4
 199 0038 BB60     		str	r3, [r7, #8]
ARM GAS  C:\Users\humon\AppData\Local\Temp\cckEdLla.s 			page 10


 315:.\Generated_Source\PSoC4/Cm0Start.c ****                 src++;
 200              		.loc 1 315 0 discriminator 3
 201 003a FB68     		ldr	r3, [r7, #12]
 202 003c 0433     		add	r3, r3, #4
 203 003e FB60     		str	r3, [r7, #12]
 311:.\Generated_Source\PSoC4/Cm0Start.c ****             {
 204              		.loc 1 311 0 discriminator 3
 205 0040 7B68     		ldr	r3, [r7, #4]
 206 0042 0433     		add	r3, r3, #4
 207 0044 7B60     		str	r3, [r7, #4]
 208              	.L13:
 311:.\Generated_Source\PSoC4/Cm0Start.c ****             {
 209              		.loc 1 311 0 is_stmt 0 discriminator 1
 210 0046 7A68     		ldr	r2, [r7, #4]
 211 0048 3B68     		ldr	r3, [r7]
 212 004a 9A42     		cmp	r2, r3
 213 004c EED1     		bne	.L14
 316:.\Generated_Source\PSoC4/Cm0Start.c ****             }
 317:.\Generated_Source\PSoC4/Cm0Start.c ****             limit = rptr->zero_size;
 214              		.loc 1 317 0 is_stmt 1
 215 004e 3B69     		ldr	r3, [r7, #16]
 216 0050 DB68     		ldr	r3, [r3, #12]
 217 0052 3B60     		str	r3, [r7]
 318:.\Generated_Source\PSoC4/Cm0Start.c ****             for (count = 0u; count != limit; count += sizeof (uint32))
 218              		.loc 1 318 0
 219 0054 0023     		mov	r3, #0
 220 0056 7B60     		str	r3, [r7, #4]
 221 0058 08E0     		b	.L15
 222              	.L16:
 319:.\Generated_Source\PSoC4/Cm0Start.c ****             {
 320:.\Generated_Source\PSoC4/Cm0Start.c ****                 *dst = 0u;
 223              		.loc 1 320 0 discriminator 3
 224 005a BB68     		ldr	r3, [r7, #8]
 225 005c 0022     		mov	r2, #0
 226 005e 1A60     		str	r2, [r3]
 321:.\Generated_Source\PSoC4/Cm0Start.c ****                 dst++;
 227              		.loc 1 321 0 discriminator 3
 228 0060 BB68     		ldr	r3, [r7, #8]
 229 0062 0433     		add	r3, r3, #4
 230 0064 BB60     		str	r3, [r7, #8]
 318:.\Generated_Source\PSoC4/Cm0Start.c ****             for (count = 0u; count != limit; count += sizeof (uint32))
 231              		.loc 1 318 0 discriminator 3
 232 0066 7B68     		ldr	r3, [r7, #4]
 233 0068 0433     		add	r3, r3, #4
 234 006a 7B60     		str	r3, [r7, #4]
 235              	.L15:
 318:.\Generated_Source\PSoC4/Cm0Start.c ****             for (count = 0u; count != limit; count += sizeof (uint32))
 236              		.loc 1 318 0 is_stmt 0 discriminator 1
 237 006c 7A68     		ldr	r2, [r7, #4]
 238 006e 3B68     		ldr	r3, [r7]
 239 0070 9A42     		cmp	r2, r3
 240 0072 F2D1     		bne	.L16
 322:.\Generated_Source\PSoC4/Cm0Start.c ****             }
 323:.\Generated_Source\PSoC4/Cm0Start.c **** 
 324:.\Generated_Source\PSoC4/Cm0Start.c ****             rptr++;
 241              		.loc 1 324 0 is_stmt 1 discriminator 2
 242 0074 3B69     		ldr	r3, [r7, #16]
ARM GAS  C:\Users\humon\AppData\Local\Temp\cckEdLla.s 			page 11


 243 0076 1033     		add	r3, r3, #16
 244 0078 3B61     		str	r3, [r7, #16]
 245              	.LBE2:
 304:.\Generated_Source\PSoC4/Cm0Start.c ****         {
 246              		.loc 1 304 0 discriminator 2
 247 007a 7B69     		ldr	r3, [r7, #20]
 248 007c 013B     		sub	r3, r3, #1
 249 007e 7B61     		str	r3, [r7, #20]
 250              	.L12:
 304:.\Generated_Source\PSoC4/Cm0Start.c ****         {
 251              		.loc 1 304 0 is_stmt 0 discriminator 1
 252 0080 7B69     		ldr	r3, [r7, #20]
 253 0082 002B     		cmp	r3, #0
 254 0084 C6D1     		bne	.L17
 325:.\Generated_Source\PSoC4/Cm0Start.c ****         }
 326:.\Generated_Source\PSoC4/Cm0Start.c **** 
 327:.\Generated_Source\PSoC4/Cm0Start.c ****         /* Invoke static objects constructors */
 328:.\Generated_Source\PSoC4/Cm0Start.c ****         __libc_init_array();
 255              		.loc 1 328 0 is_stmt 1
 256 0086 FFF7FEFF 		bl	__libc_init_array
 329:.\Generated_Source\PSoC4/Cm0Start.c ****         (void) main();
 257              		.loc 1 329 0
 258 008a FFF7FEFF 		bl	main
 259              	.L18:
 330:.\Generated_Source\PSoC4/Cm0Start.c **** 
 331:.\Generated_Source\PSoC4/Cm0Start.c ****         while (1)
 332:.\Generated_Source\PSoC4/Cm0Start.c ****         {
 333:.\Generated_Source\PSoC4/Cm0Start.c ****             /* If main returns, make sure we don't return. */
 334:.\Generated_Source\PSoC4/Cm0Start.c ****         }
 260              		.loc 1 334 0 discriminator 1
 261 008e FEE7     		b	.L18
 262              	.L20:
 263              		.align	2
 264              	.L19:
 265 0090 00000000 		.word	__cy_region_num
 266 0094 00000000 		.word	__cy_regions
 267              		.cfi_endproc
 268              	.LFE5:
 269              		.size	Start_c, .-Start_c
 270              		.section	.text.Reset,"ax",%progbits
 271              		.align	2
 272              		.global	Reset
 273              		.code	16
 274              		.thumb_func
 275              		.type	Reset, %function
 276              	Reset:
 277              	.LFB6:
 335:.\Generated_Source\PSoC4/Cm0Start.c **** 
 336:.\Generated_Source\PSoC4/Cm0Start.c ****     #endif /* CY_BOOT_START_C_CALLBACK */
 337:.\Generated_Source\PSoC4/Cm0Start.c **** }
 338:.\Generated_Source\PSoC4/Cm0Start.c **** 
 339:.\Generated_Source\PSoC4/Cm0Start.c **** 
 340:.\Generated_Source\PSoC4/Cm0Start.c **** /*******************************************************************************
 341:.\Generated_Source\PSoC4/Cm0Start.c **** * Function Name: Reset
 342:.\Generated_Source\PSoC4/Cm0Start.c **** ****************************************************************************//**
 343:.\Generated_Source\PSoC4/Cm0Start.c **** *
 344:.\Generated_Source\PSoC4/Cm0Start.c **** * This function handles the reset interrupt for the GCC toolchain.  This is
ARM GAS  C:\Users\humon\AppData\Local\Temp\cckEdLla.s 			page 12


 345:.\Generated_Source\PSoC4/Cm0Start.c **** * the first bit of code that is executed at startup.
 346:.\Generated_Source\PSoC4/Cm0Start.c **** *
 347:.\Generated_Source\PSoC4/Cm0Start.c **** *******************************************************************************/
 348:.\Generated_Source\PSoC4/Cm0Start.c **** void Reset(void)
 349:.\Generated_Source\PSoC4/Cm0Start.c **** {
 278              		.loc 1 349 0
 279              		.cfi_startproc
 280 0000 80B5     		push	{r7, lr}
 281              		.cfi_def_cfa_offset 8
 282              		.cfi_offset 7, -8
 283              		.cfi_offset 14, -4
 284 0002 00AF     		add	r7, sp, #0
 285              		.cfi_def_cfa_register 7
 350:.\Generated_Source\PSoC4/Cm0Start.c ****     #if (CYDEV_PROJ_TYPE == CYDEV_PROJ_TYPE_LOADABLE || CYDEV_PROJ_TYPE == CYDEV_PROJ_TYPE_LOADABLE
 351:.\Generated_Source\PSoC4/Cm0Start.c **** 
 352:.\Generated_Source\PSoC4/Cm0Start.c ****         /* The bootloadable application image is started at Reset() handler
 353:.\Generated_Source\PSoC4/Cm0Start.c ****         * as a result of a branch instruction execution from the bootloader.
 354:.\Generated_Source\PSoC4/Cm0Start.c ****         * So, the stack pointer needs to be reset to be sure that
 355:.\Generated_Source\PSoC4/Cm0Start.c ****         * there is no garbage in the stack.
 356:.\Generated_Source\PSoC4/Cm0Start.c ****         */
 357:.\Generated_Source\PSoC4/Cm0Start.c ****         __asm volatile ("MSR msp, %0\n" : : "r" ((uint32)&__cy_stack) : "sp");
 358:.\Generated_Source\PSoC4/Cm0Start.c ****     #endif /* CYDEV_PROJ_TYPE_LOADABLE */
 359:.\Generated_Source\PSoC4/Cm0Start.c **** 
 360:.\Generated_Source\PSoC4/Cm0Start.c ****     #if(CY_IP_SRSSLT)
 361:.\Generated_Source\PSoC4/Cm0Start.c ****         CySysWdtDisable();
 362:.\Generated_Source\PSoC4/Cm0Start.c ****     #endif  /* (CY_IP_SRSSLT) */
 363:.\Generated_Source\PSoC4/Cm0Start.c **** 
 364:.\Generated_Source\PSoC4/Cm0Start.c ****     #if ((CYDEV_BOOTLOADER_ENABLE) && (CYDEV_PROJ_TYPE != CYDEV_PROJ_TYPE_LOADABLEANDBOOTLOADER))
 365:.\Generated_Source\PSoC4/Cm0Start.c ****         CyBtldr_CheckLaunch();
 366:.\Generated_Source\PSoC4/Cm0Start.c ****     #endif /* ((CYDEV_BOOTLOADER_ENABLE) && (CYDEV_PROJ_TYPE != CYDEV_PROJ_TYPE_LOADABLEANDBOOTLOAD
 367:.\Generated_Source\PSoC4/Cm0Start.c ****     Start_c();
 286              		.loc 1 367 0
 287 0004 FFF7FEFF 		bl	Start_c
 288              		.cfi_endproc
 289              	.LFE6:
 290              		.size	Reset, .-Reset
 291              		.global	CyRamVectors
 292              		.section	.ramvectors,"aw",%progbits
 293              		.align	2
 294              		.type	CyRamVectors, %object
 295              		.size	CyRamVectors, 192
 296              	CyRamVectors:
 297 0000 00000000 		.space	192
 297      00000000 
 297      00000000 
 297      00000000 
 297      00000000 
 298              		.global	RomVectors
 299              		.section	.romvectors,"a",%progbits
 300              		.align	2
 301              		.type	RomVectors, %object
 302              		.size	RomVectors, 16
 303              	RomVectors:
 304 0000 00000000 		.word	__cy_stack
 305 0004 00000000 		.word	Reset
 306 0008 00000000 		.word	IntDefaultHandler
 307 000c 00000000 		.word	IntDefaultHandler
ARM GAS  C:\Users\humon\AppData\Local\Temp\cckEdLla.s 			page 13


 308              		.section	.text.initialize_psoc,"ax",%progbits
 309              		.align	2
 310              		.global	initialize_psoc
 311              		.code	16
 312              		.thumb_func
 313              		.type	initialize_psoc, %function
 314              	initialize_psoc:
 315              	.LFB7:
 368:.\Generated_Source\PSoC4/Cm0Start.c **** }
 369:.\Generated_Source\PSoC4/Cm0Start.c **** 
 370:.\Generated_Source\PSoC4/Cm0Start.c **** #elif defined (__ICCARM__)
 371:.\Generated_Source\PSoC4/Cm0Start.c **** 
 372:.\Generated_Source\PSoC4/Cm0Start.c **** 
 373:.\Generated_Source\PSoC4/Cm0Start.c **** /*******************************************************************************
 374:.\Generated_Source\PSoC4/Cm0Start.c **** * Function Name: __low_level_init
 375:.\Generated_Source\PSoC4/Cm0Start.c **** ****************************************************************************//**
 376:.\Generated_Source\PSoC4/Cm0Start.c **** *
 377:.\Generated_Source\PSoC4/Cm0Start.c **** * This function performs early initializations for the IAR Embedded
 378:.\Generated_Source\PSoC4/Cm0Start.c **** * Workbench IDE. It is executed in the context of reset interrupt handler
 379:.\Generated_Source\PSoC4/Cm0Start.c **** * before the data sections are initialized.
 380:.\Generated_Source\PSoC4/Cm0Start.c **** *
 381:.\Generated_Source\PSoC4/Cm0Start.c **** * \return The value that determines whether or not data sections should be
 382:.\Generated_Source\PSoC4/Cm0Start.c **** * initialized by the system startup code:
 383:.\Generated_Source\PSoC4/Cm0Start.c **** *    0 - skip data sections initialization;
 384:.\Generated_Source\PSoC4/Cm0Start.c **** *    1 - initialize data sections;
 385:.\Generated_Source\PSoC4/Cm0Start.c **** *
 386:.\Generated_Source\PSoC4/Cm0Start.c **** *******************************************************************************/
 387:.\Generated_Source\PSoC4/Cm0Start.c **** #pragma inline = never
 388:.\Generated_Source\PSoC4/Cm0Start.c **** int __low_level_init(void)
 389:.\Generated_Source\PSoC4/Cm0Start.c **** {
 390:.\Generated_Source\PSoC4/Cm0Start.c ****     #if(CY_IP_SRSSLT)
 391:.\Generated_Source\PSoC4/Cm0Start.c ****         CySysWdtDisable();
 392:.\Generated_Source\PSoC4/Cm0Start.c ****     #endif  /* (CY_IP_SRSSLT) */
 393:.\Generated_Source\PSoC4/Cm0Start.c **** 
 394:.\Generated_Source\PSoC4/Cm0Start.c **** #if ((CYDEV_BOOTLOADER_ENABLE) && (CYDEV_PROJ_TYPE != CYDEV_PROJ_TYPE_LOADABLEANDBOOTLOADER))
 395:.\Generated_Source\PSoC4/Cm0Start.c ****     CyBtldr_CheckLaunch();
 396:.\Generated_Source\PSoC4/Cm0Start.c **** #endif /* ((CYDEV_BOOTLOADER_ENABLE) && (CYDEV_PROJ_TYPE != CYDEV_PROJ_TYPE_LOADABLEANDBOOTLOADER))
 397:.\Generated_Source\PSoC4/Cm0Start.c **** 
 398:.\Generated_Source\PSoC4/Cm0Start.c ****     /* Initialize data sections */
 399:.\Generated_Source\PSoC4/Cm0Start.c ****     __iar_data_init3();
 400:.\Generated_Source\PSoC4/Cm0Start.c **** 
 401:.\Generated_Source\PSoC4/Cm0Start.c ****     initialize_psoc();
 402:.\Generated_Source\PSoC4/Cm0Start.c **** 
 403:.\Generated_Source\PSoC4/Cm0Start.c ****     return 0;
 404:.\Generated_Source\PSoC4/Cm0Start.c **** }
 405:.\Generated_Source\PSoC4/Cm0Start.c **** 
 406:.\Generated_Source\PSoC4/Cm0Start.c **** #endif /* __GNUC__ */
 407:.\Generated_Source\PSoC4/Cm0Start.c **** 
 408:.\Generated_Source\PSoC4/Cm0Start.c **** 
 409:.\Generated_Source\PSoC4/Cm0Start.c **** /*******************************************************************************
 410:.\Generated_Source\PSoC4/Cm0Start.c **** * Ram Interrupt Vector table storage area. Must be placed at 0x20000000.
 411:.\Generated_Source\PSoC4/Cm0Start.c **** *******************************************************************************/
 412:.\Generated_Source\PSoC4/Cm0Start.c **** 
 413:.\Generated_Source\PSoC4/Cm0Start.c **** #if defined (__ICCARM__)
 414:.\Generated_Source\PSoC4/Cm0Start.c ****     #pragma location=".ramvectors"
 415:.\Generated_Source\PSoC4/Cm0Start.c **** #else
 416:.\Generated_Source\PSoC4/Cm0Start.c ****     #ifndef CY_SYS_RAM_VECTOR_SECTION
ARM GAS  C:\Users\humon\AppData\Local\Temp\cckEdLla.s 			page 14


 417:.\Generated_Source\PSoC4/Cm0Start.c ****         #define CY_SYS_RAM_VECTOR_SECTION CY_SECTION(".ramvectors")
 418:.\Generated_Source\PSoC4/Cm0Start.c ****     #endif /* CY_SYS_RAM_VECTOR_SECTION */
 419:.\Generated_Source\PSoC4/Cm0Start.c ****     CY_SYS_RAM_VECTOR_SECTION
 420:.\Generated_Source\PSoC4/Cm0Start.c **** #endif  /* defined (__ICCARM__) */
 421:.\Generated_Source\PSoC4/Cm0Start.c **** cyisraddress CyRamVectors[CY_NUM_VECTORS];
 422:.\Generated_Source\PSoC4/Cm0Start.c **** 
 423:.\Generated_Source\PSoC4/Cm0Start.c **** 
 424:.\Generated_Source\PSoC4/Cm0Start.c **** /*******************************************************************************
 425:.\Generated_Source\PSoC4/Cm0Start.c **** * Rom Interrupt Vector table storage area. Must be 256-byte aligned.
 426:.\Generated_Source\PSoC4/Cm0Start.c **** *******************************************************************************/
 427:.\Generated_Source\PSoC4/Cm0Start.c **** 
 428:.\Generated_Source\PSoC4/Cm0Start.c **** #if defined(__ARMCC_VERSION)
 429:.\Generated_Source\PSoC4/Cm0Start.c ****     /* Suppress diagnostic message 1296-D: extended constant initialiser used */
 430:.\Generated_Source\PSoC4/Cm0Start.c ****     #pragma diag_suppress 1296
 431:.\Generated_Source\PSoC4/Cm0Start.c **** #endif  /* defined(__ARMCC_VERSION) */
 432:.\Generated_Source\PSoC4/Cm0Start.c **** 
 433:.\Generated_Source\PSoC4/Cm0Start.c **** #if defined (__ICCARM__)
 434:.\Generated_Source\PSoC4/Cm0Start.c ****     #pragma location=".romvectors"
 435:.\Generated_Source\PSoC4/Cm0Start.c ****     const intvec_elem __vector_table[CY_NUM_ROM_VECTORS] =
 436:.\Generated_Source\PSoC4/Cm0Start.c **** #else
 437:.\Generated_Source\PSoC4/Cm0Start.c ****     #ifndef CY_SYS_ROM_VECTOR_SECTION
 438:.\Generated_Source\PSoC4/Cm0Start.c ****         #define CY_SYS_ROM_VECTOR_SECTION CY_SECTION(".romvectors")
 439:.\Generated_Source\PSoC4/Cm0Start.c ****     #endif /* CY_SYS_ROM_VECTOR_SECTION */
 440:.\Generated_Source\PSoC4/Cm0Start.c ****     CY_SYS_ROM_VECTOR_SECTION
 441:.\Generated_Source\PSoC4/Cm0Start.c ****     const cyisraddress RomVectors[CY_NUM_ROM_VECTORS] =
 442:.\Generated_Source\PSoC4/Cm0Start.c **** #endif  /* defined (__ICCARM__) */
 443:.\Generated_Source\PSoC4/Cm0Start.c **** {
 444:.\Generated_Source\PSoC4/Cm0Start.c ****     CY_SYS_INITIAL_STACK_POINTER,   /* The initial stack pointer  0 */
 445:.\Generated_Source\PSoC4/Cm0Start.c ****     #if defined (__ICCARM__) /* The reset handler          1 */
 446:.\Generated_Source\PSoC4/Cm0Start.c ****         __iar_program_start,
 447:.\Generated_Source\PSoC4/Cm0Start.c ****     #else
 448:.\Generated_Source\PSoC4/Cm0Start.c ****         (cyisraddress)&Reset,
 449:.\Generated_Source\PSoC4/Cm0Start.c ****     #endif  /* defined (__ICCARM__) */
 450:.\Generated_Source\PSoC4/Cm0Start.c ****     &IntDefaultHandler,      /* The NMI handler            2 */
 451:.\Generated_Source\PSoC4/Cm0Start.c ****     &IntDefaultHandler,      /* The hard fault handler     3 */
 452:.\Generated_Source\PSoC4/Cm0Start.c **** };
 453:.\Generated_Source\PSoC4/Cm0Start.c **** 
 454:.\Generated_Source\PSoC4/Cm0Start.c **** #if defined(__ARMCC_VERSION)
 455:.\Generated_Source\PSoC4/Cm0Start.c ****     #pragma diag_default 1296
 456:.\Generated_Source\PSoC4/Cm0Start.c **** #endif  /* defined(__ARMCC_VERSION) */
 457:.\Generated_Source\PSoC4/Cm0Start.c **** 
 458:.\Generated_Source\PSoC4/Cm0Start.c **** 
 459:.\Generated_Source\PSoC4/Cm0Start.c **** /*******************************************************************************
 460:.\Generated_Source\PSoC4/Cm0Start.c **** * Function Name: initialize_psoc
 461:.\Generated_Source\PSoC4/Cm0Start.c **** ****************************************************************************//**
 462:.\Generated_Source\PSoC4/Cm0Start.c **** *
 463:.\Generated_Source\PSoC4/Cm0Start.c **** * This function is used to initialize the PSoC chip before calling main.
 464:.\Generated_Source\PSoC4/Cm0Start.c **** *
 465:.\Generated_Source\PSoC4/Cm0Start.c **** *******************************************************************************/
 466:.\Generated_Source\PSoC4/Cm0Start.c **** #if(defined(__GNUC__) && !defined(__ARMCC_VERSION))
 467:.\Generated_Source\PSoC4/Cm0Start.c **** __attribute__ ((constructor(101)))
 468:.\Generated_Source\PSoC4/Cm0Start.c **** #endif  /* (defined(__GNUC__) && !defined(__ARMCC_VERSION)) */
 469:.\Generated_Source\PSoC4/Cm0Start.c **** void initialize_psoc(void)
 470:.\Generated_Source\PSoC4/Cm0Start.c **** {
 316              		.loc 1 470 0
 317              		.cfi_startproc
 318 0000 80B5     		push	{r7, lr}
ARM GAS  C:\Users\humon\AppData\Local\Temp\cckEdLla.s 			page 15


 319              		.cfi_def_cfa_offset 8
 320              		.cfi_offset 7, -8
 321              		.cfi_offset 14, -4
 322 0002 82B0     		sub	sp, sp, #8
 323              		.cfi_def_cfa_offset 16
 324 0004 00AF     		add	r7, sp, #0
 325              		.cfi_def_cfa_register 7
 471:.\Generated_Source\PSoC4/Cm0Start.c ****     uint32 indexInit;
 472:.\Generated_Source\PSoC4/Cm0Start.c **** 
 473:.\Generated_Source\PSoC4/Cm0Start.c ****     #if(CY_IP_CPUSSV2)
 474:.\Generated_Source\PSoC4/Cm0Start.c ****         #if (CY_IP_CPUSS_CM0)
 475:.\Generated_Source\PSoC4/Cm0Start.c ****             /***********************************************************************
 476:.\Generated_Source\PSoC4/Cm0Start.c ****             * Make sure that Vector Table is located at 0000_0000 in Flash, before
 477:.\Generated_Source\PSoC4/Cm0Start.c ****             * accessing RomVectors or calling functions that may be placed in
 478:.\Generated_Source\PSoC4/Cm0Start.c ****             * .psocinit (cyfitter_cfg and ClockSetup). Note The CY_CPUSS_CONFIG_REG
 479:.\Generated_Source\PSoC4/Cm0Start.c ****             * register is retention for the specified device family.
 480:.\Generated_Source\PSoC4/Cm0Start.c ****             ***********************************************************************/
 481:.\Generated_Source\PSoC4/Cm0Start.c ****             CY_CPUSS_CONFIG_REG &= (uint32) ~CY_CPUSS_CONFIG_VECT_IN_RAM;
 326              		.loc 1 481 0
 327 0006 154B     		ldr	r3, .L27
 328 0008 144A     		ldr	r2, .L27
 329 000a 1268     		ldr	r2, [r2]
 330 000c 0121     		mov	r1, #1
 331 000e 8A43     		bic	r2, r1
 332 0010 1A60     		str	r2, [r3]
 482:.\Generated_Source\PSoC4/Cm0Start.c ****         #endif /* (CY_IP_CPUSS_CM0) */
 483:.\Generated_Source\PSoC4/Cm0Start.c ****     #endif  /* (CY_IP_CPUSSV2) */
 484:.\Generated_Source\PSoC4/Cm0Start.c **** 
 485:.\Generated_Source\PSoC4/Cm0Start.c ****     /* Set Ram interrupt vectors to default functions. */
 486:.\Generated_Source\PSoC4/Cm0Start.c ****     for (indexInit = 0u; indexInit < CY_NUM_VECTORS; indexInit++)
 333              		.loc 1 486 0
 334 0012 0023     		mov	r3, #0
 335 0014 7B60     		str	r3, [r7, #4]
 336 0016 0FE0     		b	.L23
 337              	.L26:
 487:.\Generated_Source\PSoC4/Cm0Start.c ****     {
 488:.\Generated_Source\PSoC4/Cm0Start.c ****         CyRamVectors[indexInit] = (indexInit < CY_NUM_ROM_VECTORS) ?
 489:.\Generated_Source\PSoC4/Cm0Start.c ****             #if defined (__ICCARM__)
 490:.\Generated_Source\PSoC4/Cm0Start.c ****                 __vector_table[indexInit].__fun : &IntDefaultHandler;
 491:.\Generated_Source\PSoC4/Cm0Start.c ****             #else
 492:.\Generated_Source\PSoC4/Cm0Start.c ****                 RomVectors[indexInit] : &IntDefaultHandler;
 338              		.loc 1 492 0
 339 0018 7B68     		ldr	r3, [r7, #4]
 340 001a 032B     		cmp	r3, #3
 341 001c 04D8     		bhi	.L24
 342              		.loc 1 492 0 is_stmt 0 discriminator 1
 343 001e 104B     		ldr	r3, .L27+4
 344 0020 7A68     		ldr	r2, [r7, #4]
 345 0022 9200     		lsl	r2, r2, #2
 346 0024 D358     		ldr	r3, [r2, r3]
 347 0026 00E0     		b	.L25
 348              	.L24:
 349              		.loc 1 492 0 discriminator 2
 350 0028 0E4B     		ldr	r3, .L27+8
 351              	.L25:
 488:.\Generated_Source\PSoC4/Cm0Start.c ****             #if defined (__ICCARM__)
 352              		.loc 1 488 0 is_stmt 1 discriminator 2
ARM GAS  C:\Users\humon\AppData\Local\Temp\cckEdLla.s 			page 16


 353 002a 0F4A     		ldr	r2, .L27+12
 354 002c 7968     		ldr	r1, [r7, #4]
 355 002e 8900     		lsl	r1, r1, #2
 356 0030 8B50     		str	r3, [r1, r2]
 486:.\Generated_Source\PSoC4/Cm0Start.c ****     {
 357              		.loc 1 486 0 discriminator 2
 358 0032 7B68     		ldr	r3, [r7, #4]
 359 0034 0133     		add	r3, r3, #1
 360 0036 7B60     		str	r3, [r7, #4]
 361              	.L23:
 486:.\Generated_Source\PSoC4/Cm0Start.c ****     {
 362              		.loc 1 486 0 is_stmt 0 discriminator 1
 363 0038 7B68     		ldr	r3, [r7, #4]
 364 003a 2F2B     		cmp	r3, #47
 365 003c ECD9     		bls	.L26
 493:.\Generated_Source\PSoC4/Cm0Start.c ****             #endif  /* defined (__ICCARM__) */
 494:.\Generated_Source\PSoC4/Cm0Start.c ****     }
 495:.\Generated_Source\PSoC4/Cm0Start.c **** 
 496:.\Generated_Source\PSoC4/Cm0Start.c ****     /* Initialize configuration registers. */
 497:.\Generated_Source\PSoC4/Cm0Start.c ****     cyfitter_cfg();
 366              		.loc 1 497 0 is_stmt 1
 367 003e FFF7FEFF 		bl	cyfitter_cfg
 498:.\Generated_Source\PSoC4/Cm0Start.c **** 
 499:.\Generated_Source\PSoC4/Cm0Start.c ****     #if !defined (__ICCARM__)
 500:.\Generated_Source\PSoC4/Cm0Start.c ****         /* Actually, no need to clean this variable, just to make compiler happy. */
 501:.\Generated_Source\PSoC4/Cm0Start.c ****         cySysNoInitDataValid = 0u;
 368              		.loc 1 501 0
 369 0042 0A4B     		ldr	r3, .L27+16
 370 0044 0022     		mov	r2, #0
 371 0046 1A60     		str	r2, [r3]
 502:.\Generated_Source\PSoC4/Cm0Start.c ****     #endif  /* !defined (__ICCARM__) */
 503:.\Generated_Source\PSoC4/Cm0Start.c **** 
 504:.\Generated_Source\PSoC4/Cm0Start.c ****     #if (CYDEV_PROJ_TYPE != CYDEV_PROJ_TYPE_STANDARD)
 505:.\Generated_Source\PSoC4/Cm0Start.c **** 
 506:.\Generated_Source\PSoC4/Cm0Start.c ****         /* Need to make sure that this variable will not be optimized out */
 507:.\Generated_Source\PSoC4/Cm0Start.c ****         if (0u == cyBtldrRunType)
 508:.\Generated_Source\PSoC4/Cm0Start.c ****         {
 509:.\Generated_Source\PSoC4/Cm0Start.c ****             cyBtldrRunType = 0u;
 510:.\Generated_Source\PSoC4/Cm0Start.c ****         }
 511:.\Generated_Source\PSoC4/Cm0Start.c **** 
 512:.\Generated_Source\PSoC4/Cm0Start.c ****     #endif  /* (CYDEV_PROJ_TYPE != CYDEV_PROJ_TYPE_STANDARD) */
 513:.\Generated_Source\PSoC4/Cm0Start.c **** 
 514:.\Generated_Source\PSoC4/Cm0Start.c ****     #if (CY_IP_CPUSS_CM0)
 515:.\Generated_Source\PSoC4/Cm0Start.c ****         /* Vector Table is located at 0x2000:0000 in SRAM */
 516:.\Generated_Source\PSoC4/Cm0Start.c ****         CY_CPUSS_CONFIG_REG |= CY_CPUSS_CONFIG_VECT_IN_RAM;
 372              		.loc 1 516 0
 373 0048 044B     		ldr	r3, .L27
 374 004a 044A     		ldr	r2, .L27
 375 004c 1268     		ldr	r2, [r2]
 376 004e 0121     		mov	r1, #1
 377 0050 0A43     		orr	r2, r1
 378 0052 1A60     		str	r2, [r3]
 517:.\Generated_Source\PSoC4/Cm0Start.c **** 	#else
 518:.\Generated_Source\PSoC4/Cm0Start.c **** 		(*(uint32 *)CYREG_CM0P_VTOR) = CY_CPUSS_CONFIG_VECT_ADDR_IN_RAM;
 519:.\Generated_Source\PSoC4/Cm0Start.c ****     #endif /* (CY_IP_CPUSS_CM0) */
 520:.\Generated_Source\PSoC4/Cm0Start.c **** }
 379              		.loc 1 520 0
ARM GAS  C:\Users\humon\AppData\Local\Temp\cckEdLla.s 			page 17


 380 0054 BD46     		mov	sp, r7
 381 0056 02B0     		add	sp, sp, #8
 382              		@ sp needed
 383 0058 80BD     		pop	{r7, pc}
 384              	.L28:
 385 005a C046     		.align	2
 386              	.L27:
 387 005c 00001040 		.word	1074790400
 388 0060 00000000 		.word	RomVectors
 389 0064 00000000 		.word	IntDefaultHandler
 390 0068 00000000 		.word	CyRamVectors
 391 006c 00000000 		.word	cySysNoInitDataValid
 392              		.cfi_endproc
 393              	.LFE7:
 394              		.size	initialize_psoc, .-initialize_psoc
 395              		.section	.init_array,"aw",%init_array
 396              		.align	2
 397 0000 00000000 		.word	initialize_psoc(target1)
 398              		.data
 399              		.align	2
 400              		.type	heapPointer.4755, %object
 401              		.size	heapPointer.4755, 4
 402              	heapPointer.4755:
 403 0000 00000000 		.word	end
 404              		.weak	__cy_region_num
 405              		.text
 406              	.Letext0:
 407              		.file 2 ".\\Generated_Source\\PSoC4\\cytypes.h"
 408              		.file 3 "c:\\program files\\cypress\\psoc creator\\3.3\\psoc creator\\import\\gnu\\arm\\4.9.3\\lib
 409              		.section	.debug_info,"",%progbits
 410              	.Ldebug_info0:
 411 0000 FC020000 		.4byte	0x2fc
 412 0004 0400     		.2byte	0x4
 413 0006 00000000 		.4byte	.Ldebug_abbrev0
 414 000a 04       		.byte	0x4
 415 000b 01       		.uleb128 0x1
 416 000c 06000000 		.4byte	.LASF42
 417 0010 01       		.byte	0x1
 418 0011 6C020000 		.4byte	.LASF43
 419 0015 17020000 		.4byte	.LASF44
 420 0019 00000000 		.4byte	.Ldebug_ranges0+0
 421 001d 00000000 		.4byte	0
 422 0021 00000000 		.4byte	.Ldebug_line0
 423 0025 02       		.uleb128 0x2
 424 0026 01       		.byte	0x1
 425 0027 06       		.byte	0x6
 426 0028 A3020000 		.4byte	.LASF0
 427 002c 02       		.uleb128 0x2
 428 002d 01       		.byte	0x1
 429 002e 08       		.byte	0x8
 430 002f 0B010000 		.4byte	.LASF1
 431 0033 02       		.uleb128 0x2
 432 0034 02       		.byte	0x2
 433 0035 05       		.byte	0x5
 434 0036 90020000 		.4byte	.LASF2
 435 003a 02       		.uleb128 0x2
 436 003b 02       		.byte	0x2
ARM GAS  C:\Users\humon\AppData\Local\Temp\cckEdLla.s 			page 18


 437 003c 07       		.byte	0x7
 438 003d C2000000 		.4byte	.LASF3
 439 0041 02       		.uleb128 0x2
 440 0042 04       		.byte	0x4
 441 0043 05       		.byte	0x5
 442 0044 9A020000 		.4byte	.LASF4
 443 0048 02       		.uleb128 0x2
 444 0049 04       		.byte	0x4
 445 004a 07       		.byte	0x7
 446 004b 30010000 		.4byte	.LASF5
 447 004f 02       		.uleb128 0x2
 448 0050 08       		.byte	0x8
 449 0051 05       		.byte	0x5
 450 0052 04020000 		.4byte	.LASF6
 451 0056 02       		.uleb128 0x2
 452 0057 08       		.byte	0x8
 453 0058 07       		.byte	0x7
 454 0059 B6010000 		.4byte	.LASF7
 455 005d 03       		.uleb128 0x3
 456 005e 04       		.byte	0x4
 457 005f 05       		.byte	0x5
 458 0060 696E7400 		.ascii	"int\000"
 459 0064 02       		.uleb128 0x2
 460 0065 04       		.byte	0x4
 461 0066 07       		.byte	0x7
 462 0067 A9010000 		.4byte	.LASF8
 463 006b 04       		.uleb128 0x4
 464 006c 57010000 		.4byte	.LASF9
 465 0070 02       		.byte	0x2
 466 0071 9801     		.2byte	0x198
 467 0073 2C000000 		.4byte	0x2c
 468 0077 04       		.uleb128 0x4
 469 0078 98010000 		.4byte	.LASF10
 470 007c 02       		.byte	0x2
 471 007d 9A01     		.2byte	0x19a
 472 007f 48000000 		.4byte	0x48
 473 0083 02       		.uleb128 0x2
 474 0084 04       		.byte	0x4
 475 0085 04       		.byte	0x4
 476 0086 00010000 		.4byte	.LASF11
 477 008a 02       		.uleb128 0x2
 478 008b 08       		.byte	0x8
 479 008c 04       		.byte	0x4
 480 008d 81010000 		.4byte	.LASF12
 481 0091 02       		.uleb128 0x2
 482 0092 01       		.byte	0x1
 483 0093 08       		.byte	0x8
 484 0094 12020000 		.4byte	.LASF13
 485 0098 04       		.uleb128 0x4
 486 0099 00000000 		.4byte	.LASF14
 487 009d 02       		.byte	0x2
 488 009e 4402     		.2byte	0x244
 489 00a0 A4000000 		.4byte	0xa4
 490 00a4 05       		.uleb128 0x5
 491 00a5 77000000 		.4byte	0x77
 492 00a9 04       		.uleb128 0x4
 493 00aa D3010000 		.4byte	.LASF15
ARM GAS  C:\Users\humon\AppData\Local\Temp\cckEdLla.s 			page 19


 494 00ae 02       		.byte	0x2
 495 00af 5402     		.2byte	0x254
 496 00b1 B5000000 		.4byte	0xb5
 497 00b5 06       		.uleb128 0x6
 498 00b6 04       		.byte	0x4
 499 00b7 BB000000 		.4byte	0xbb
 500 00bb 07       		.uleb128 0x7
 501 00bc 08       		.uleb128 0x8
 502 00bd 94000000 		.4byte	.LASF16
 503 00c1 03       		.byte	0x3
 504 00c2 D4       		.byte	0xd4
 505 00c3 64000000 		.4byte	0x64
 506 00c7 02       		.uleb128 0x2
 507 00c8 04       		.byte	0x4
 508 00c9 07       		.byte	0x7
 509 00ca FB010000 		.4byte	.LASF17
 510 00ce 09       		.uleb128 0x9
 511 00cf 04       		.byte	0x4
 512 00d0 0A       		.uleb128 0xa
 513 00d1 91000000 		.4byte	0x91
 514 00d5 08       		.uleb128 0x8
 515 00d6 EA010000 		.4byte	.LASF18
 516 00da 01       		.byte	0x1
 517 00db CC       		.byte	0xcc
 518 00dc 2C000000 		.4byte	0x2c
 519 00e0 0B       		.uleb128 0xb
 520 00e1 CB020000 		.4byte	.LASF45
 521 00e5 10       		.byte	0x10
 522 00e6 01       		.byte	0x1
 523 00e7 CE       		.byte	0xce
 524 00e8 1D010000 		.4byte	0x11d
 525 00ec 0C       		.uleb128 0xc
 526 00ed E5000000 		.4byte	.LASF19
 527 00f1 01       		.byte	0x1
 528 00f2 D0       		.byte	0xd0
 529 00f3 1D010000 		.4byte	0x11d
 530 00f7 00       		.byte	0
 531 00f8 0C       		.uleb128 0xc
 532 00f9 06010000 		.4byte	.LASF20
 533 00fd 01       		.byte	0x1
 534 00fe D1       		.byte	0xd1
 535 00ff 1D010000 		.4byte	0x11d
 536 0103 04       		.byte	0x4
 537 0104 0C       		.uleb128 0xc
 538 0105 E0010000 		.4byte	.LASF21
 539 0109 01       		.byte	0x1
 540 010a D2       		.byte	0xd2
 541 010b BC000000 		.4byte	0xbc
 542 010f 08       		.byte	0x8
 543 0110 0C       		.uleb128 0xc
 544 0111 F1000000 		.4byte	.LASF22
 545 0115 01       		.byte	0x1
 546 0116 D3       		.byte	0xd3
 547 0117 BC000000 		.4byte	0xbc
 548 011b 0C       		.byte	0xc
 549 011c 00       		.byte	0
 550 011d 06       		.uleb128 0x6
ARM GAS  C:\Users\humon\AppData\Local\Temp\cckEdLla.s 			page 20


 551 011e 04       		.byte	0x4
 552 011f D5000000 		.4byte	0xd5
 553 0123 0D       		.uleb128 0xd
 554 0124 69010000 		.4byte	.LASF33
 555 0128 01       		.byte	0x1
 556 0129 6D       		.byte	0x6d
 557 012a 00000000 		.4byte	.LFB2
 558 012e 06000000 		.4byte	.LFE2-.LFB2
 559 0132 01       		.uleb128 0x1
 560 0133 9C       		.byte	0x9c
 561 0134 0E       		.uleb128 0xe
 562 0135 63010000 		.4byte	.LASF27
 563 0139 01       		.byte	0x1
 564 013a EC       		.byte	0xec
 565 013b 00000000 		.4byte	.LFB3
 566 013f 14000000 		.4byte	.LFE3-.LFB3
 567 0143 01       		.uleb128 0x1
 568 0144 9C       		.byte	0x9c
 569 0145 58010000 		.4byte	0x158
 570 0149 0F       		.uleb128 0xf
 571 014a EA000000 		.4byte	.LASF23
 572 014e 01       		.byte	0x1
 573 014f EC       		.byte	0xec
 574 0150 5D000000 		.4byte	0x5d
 575 0154 02       		.uleb128 0x2
 576 0155 91       		.byte	0x91
 577 0156 74       		.sleb128 -12
 578 0157 00       		.byte	0
 579 0158 10       		.uleb128 0x10
 580 0159 7B010000 		.4byte	.LASF46
 581 015d 01       		.byte	0x1
 582 015e 0601     		.2byte	0x106
 583 0160 CE000000 		.4byte	0xce
 584 0164 00000000 		.4byte	.LFB4
 585 0168 50000000 		.4byte	.LFE4-.LFB4
 586 016c 01       		.uleb128 0x1
 587 016d 9C       		.byte	0x9c
 588 016e AF010000 		.4byte	0x1af
 589 0172 11       		.uleb128 0x11
 590 0173 C4020000 		.4byte	.LASF24
 591 0177 01       		.byte	0x1
 592 0178 0601     		.2byte	0x106
 593 017a 5D000000 		.4byte	0x5d
 594 017e 02       		.uleb128 0x2
 595 017f 91       		.byte	0x91
 596 0180 6C       		.sleb128 -20
 597 0181 12       		.uleb128 0x12
 598 0182 656E6400 		.ascii	"end\000"
 599 0186 01       		.byte	0x1
 600 0187 0801     		.2byte	0x108
 601 0189 5D000000 		.4byte	0x5d
 602 018d 13       		.uleb128 0x13
 603 018e 19010000 		.4byte	.LASF25
 604 0192 01       		.byte	0x1
 605 0193 0901     		.2byte	0x109
 606 0195 CE000000 		.4byte	0xce
 607 0199 02       		.uleb128 0x2
ARM GAS  C:\Users\humon\AppData\Local\Temp\cckEdLla.s 			page 21


 608 019a 91       		.byte	0x91
 609 019b 74       		.sleb128 -12
 610 019c 13       		.uleb128 0x13
 611 019d B6000000 		.4byte	.LASF26
 612 01a1 01       		.byte	0x1
 613 01a2 0C01     		.2byte	0x10c
 614 01a4 CE000000 		.4byte	0xce
 615 01a8 05       		.uleb128 0x5
 616 01a9 03       		.byte	0x3
 617 01aa 00000000 		.4byte	heapPointer.4755
 618 01ae 00       		.byte	0
 619 01af 14       		.uleb128 0x14
 620 01b0 A8000000 		.4byte	.LASF28
 621 01b4 01       		.byte	0x1
 622 01b5 2701     		.2byte	0x127
 623 01b7 00000000 		.4byte	.LFB5
 624 01bb 98000000 		.4byte	.LFE5-.LFB5
 625 01bf 01       		.uleb128 0x1
 626 01c0 9C       		.byte	0x9c
 627 01c1 2A020000 		.4byte	0x22a
 628 01c5 13       		.uleb128 0x13
 629 01c6 BC020000 		.4byte	.LASF29
 630 01ca 01       		.byte	0x1
 631 01cb 2C01     		.2byte	0x12c
 632 01cd 64000000 		.4byte	0x64
 633 01d1 02       		.uleb128 0x2
 634 01d2 91       		.byte	0x91
 635 01d3 74       		.sleb128 -12
 636 01d4 13       		.uleb128 0x13
 637 01d5 FB000000 		.4byte	.LASF30
 638 01d9 01       		.byte	0x1
 639 01da 2D01     		.2byte	0x12d
 640 01dc 2A020000 		.4byte	0x22a
 641 01e0 02       		.uleb128 0x2
 642 01e1 91       		.byte	0x91
 643 01e2 70       		.sleb128 -16
 644 01e3 15       		.uleb128 0x15
 645 01e4 14000000 		.4byte	.LBB2
 646 01e8 66000000 		.4byte	.LBE2-.LBB2
 647 01ec 16       		.uleb128 0x16
 648 01ed 73726300 		.ascii	"src\000"
 649 01f1 01       		.byte	0x1
 650 01f2 3201     		.2byte	0x132
 651 01f4 35020000 		.4byte	0x235
 652 01f8 02       		.uleb128 0x2
 653 01f9 91       		.byte	0x91
 654 01fa 6C       		.sleb128 -20
 655 01fb 16       		.uleb128 0x16
 656 01fc 64737400 		.ascii	"dst\000"
 657 0200 01       		.byte	0x1
 658 0201 3301     		.2byte	0x133
 659 0203 35020000 		.4byte	0x235
 660 0207 02       		.uleb128 0x2
 661 0208 91       		.byte	0x91
 662 0209 68       		.sleb128 -24
 663 020a 13       		.uleb128 0x13
 664 020b CD010000 		.4byte	.LASF31
ARM GAS  C:\Users\humon\AppData\Local\Temp\cckEdLla.s 			page 22


 665 020f 01       		.byte	0x1
 666 0210 3401     		.2byte	0x134
 667 0212 64000000 		.4byte	0x64
 668 0216 02       		.uleb128 0x2
 669 0217 91       		.byte	0x91
 670 0218 60       		.sleb128 -32
 671 0219 13       		.uleb128 0x13
 672 021a B0000000 		.4byte	.LASF32
 673 021e 01       		.byte	0x1
 674 021f 3501     		.2byte	0x135
 675 0221 64000000 		.4byte	0x64
 676 0225 02       		.uleb128 0x2
 677 0226 91       		.byte	0x91
 678 0227 64       		.sleb128 -28
 679 0228 00       		.byte	0
 680 0229 00       		.byte	0
 681 022a 06       		.uleb128 0x6
 682 022b 04       		.byte	0x4
 683 022c 30020000 		.4byte	0x230
 684 0230 0A       		.uleb128 0xa
 685 0231 E0000000 		.4byte	0xe0
 686 0235 06       		.uleb128 0x6
 687 0236 04       		.byte	0x4
 688 0237 77000000 		.4byte	0x77
 689 023b 17       		.uleb128 0x17
 690 023c 5D010000 		.4byte	.LASF34
 691 0240 01       		.byte	0x1
 692 0241 5C01     		.2byte	0x15c
 693 0243 00000000 		.4byte	.LFB6
 694 0247 08000000 		.4byte	.LFE6-.LFB6
 695 024b 01       		.uleb128 0x1
 696 024c 9C       		.byte	0x9c
 697 024d 14       		.uleb128 0x14
 698 024e 88010000 		.4byte	.LASF35
 699 0252 01       		.byte	0x1
 700 0253 D501     		.2byte	0x1d5
 701 0255 00000000 		.4byte	.LFB7
 702 0259 70000000 		.4byte	.LFE7-.LFB7
 703 025d 01       		.uleb128 0x1
 704 025e 9C       		.byte	0x9c
 705 025f 73020000 		.4byte	0x273
 706 0263 13       		.uleb128 0x13
 707 0264 9F010000 		.4byte	.LASF36
 708 0268 01       		.byte	0x1
 709 0269 D701     		.2byte	0x1d7
 710 026b 77000000 		.4byte	0x77
 711 026f 02       		.uleb128 0x2
 712 0270 91       		.byte	0x91
 713 0271 74       		.sleb128 -12
 714 0272 00       		.byte	0
 715 0273 18       		.uleb128 0x18
 716 0274 42010000 		.4byte	.LASF37
 717 0278 01       		.byte	0x1
 718 0279 4E       		.byte	0x4e
 719 027a 77000000 		.4byte	0x77
 720 027e 05       		.uleb128 0x5
 721 027f 03       		.byte	0x3
ARM GAS  C:\Users\humon\AppData\Local\Temp\cckEdLla.s 			page 23


 722 0280 00000000 		.4byte	cySysNoInitDataValid
 723 0284 12       		.uleb128 0x12
 724 0285 656E6400 		.ascii	"end\000"
 725 0289 01       		.byte	0x1
 726 028a 0801     		.2byte	0x108
 727 028c 5D000000 		.4byte	0x5d
 728 0290 19       		.uleb128 0x19
 729 0291 E0000000 		.4byte	0xe0
 730 0295 9B020000 		.4byte	0x29b
 731 0299 1A       		.uleb128 0x1a
 732 029a 00       		.byte	0
 733 029b 1B       		.uleb128 0x1b
 734 029c AF020000 		.4byte	.LASF38
 735 02a0 01       		.byte	0x1
 736 02a1 D6       		.byte	0xd6
 737 02a2 A6020000 		.4byte	0x2a6
 738 02a6 0A       		.uleb128 0xa
 739 02a7 90020000 		.4byte	0x290
 740 02ab 1B       		.uleb128 0x1b
 741 02ac D5000000 		.4byte	.LASF39
 742 02b0 01       		.byte	0x1
 743 02b1 D7       		.byte	0xd7
 744 02b2 D0000000 		.4byte	0xd0
 745 02b6 19       		.uleb128 0x19
 746 02b7 A9000000 		.4byte	0xa9
 747 02bb C6020000 		.4byte	0x2c6
 748 02bf 1C       		.uleb128 0x1c
 749 02c0 C7000000 		.4byte	0xc7
 750 02c4 2F       		.byte	0x2f
 751 02c5 00       		.byte	0
 752 02c6 1D       		.uleb128 0x1d
 753 02c7 9B000000 		.4byte	.LASF40
 754 02cb 01       		.byte	0x1
 755 02cc A501     		.2byte	0x1a5
 756 02ce B6020000 		.4byte	0x2b6
 757 02d2 05       		.uleb128 0x5
 758 02d3 03       		.byte	0x3
 759 02d4 00000000 		.4byte	CyRamVectors
 760 02d8 19       		.uleb128 0x19
 761 02d9 A9000000 		.4byte	0xa9
 762 02dd E8020000 		.4byte	0x2e8
 763 02e1 1C       		.uleb128 0x1c
 764 02e2 C7000000 		.4byte	0xc7
 765 02e6 03       		.byte	0x3
 766 02e7 00       		.byte	0
 767 02e8 1D       		.uleb128 0x1d
 768 02e9 25010000 		.4byte	.LASF41
 769 02ed 01       		.byte	0x1
 770 02ee B901     		.2byte	0x1b9
 771 02f0 FA020000 		.4byte	0x2fa
 772 02f4 05       		.uleb128 0x5
 773 02f5 03       		.byte	0x3
 774 02f6 00000000 		.4byte	RomVectors
 775 02fa 0A       		.uleb128 0xa
 776 02fb D8020000 		.4byte	0x2d8
 777 02ff 00       		.byte	0
 778              		.section	.debug_abbrev,"",%progbits
ARM GAS  C:\Users\humon\AppData\Local\Temp\cckEdLla.s 			page 24


 779              	.Ldebug_abbrev0:
 780 0000 01       		.uleb128 0x1
 781 0001 11       		.uleb128 0x11
 782 0002 01       		.byte	0x1
 783 0003 25       		.uleb128 0x25
 784 0004 0E       		.uleb128 0xe
 785 0005 13       		.uleb128 0x13
 786 0006 0B       		.uleb128 0xb
 787 0007 03       		.uleb128 0x3
 788 0008 0E       		.uleb128 0xe
 789 0009 1B       		.uleb128 0x1b
 790 000a 0E       		.uleb128 0xe
 791 000b 55       		.uleb128 0x55
 792 000c 17       		.uleb128 0x17
 793 000d 11       		.uleb128 0x11
 794 000e 01       		.uleb128 0x1
 795 000f 10       		.uleb128 0x10
 796 0010 17       		.uleb128 0x17
 797 0011 00       		.byte	0
 798 0012 00       		.byte	0
 799 0013 02       		.uleb128 0x2
 800 0014 24       		.uleb128 0x24
 801 0015 00       		.byte	0
 802 0016 0B       		.uleb128 0xb
 803 0017 0B       		.uleb128 0xb
 804 0018 3E       		.uleb128 0x3e
 805 0019 0B       		.uleb128 0xb
 806 001a 03       		.uleb128 0x3
 807 001b 0E       		.uleb128 0xe
 808 001c 00       		.byte	0
 809 001d 00       		.byte	0
 810 001e 03       		.uleb128 0x3
 811 001f 24       		.uleb128 0x24
 812 0020 00       		.byte	0
 813 0021 0B       		.uleb128 0xb
 814 0022 0B       		.uleb128 0xb
 815 0023 3E       		.uleb128 0x3e
 816 0024 0B       		.uleb128 0xb
 817 0025 03       		.uleb128 0x3
 818 0026 08       		.uleb128 0x8
 819 0027 00       		.byte	0
 820 0028 00       		.byte	0
 821 0029 04       		.uleb128 0x4
 822 002a 16       		.uleb128 0x16
 823 002b 00       		.byte	0
 824 002c 03       		.uleb128 0x3
 825 002d 0E       		.uleb128 0xe
 826 002e 3A       		.uleb128 0x3a
 827 002f 0B       		.uleb128 0xb
 828 0030 3B       		.uleb128 0x3b
 829 0031 05       		.uleb128 0x5
 830 0032 49       		.uleb128 0x49
 831 0033 13       		.uleb128 0x13
 832 0034 00       		.byte	0
 833 0035 00       		.byte	0
 834 0036 05       		.uleb128 0x5
 835 0037 35       		.uleb128 0x35
ARM GAS  C:\Users\humon\AppData\Local\Temp\cckEdLla.s 			page 25


 836 0038 00       		.byte	0
 837 0039 49       		.uleb128 0x49
 838 003a 13       		.uleb128 0x13
 839 003b 00       		.byte	0
 840 003c 00       		.byte	0
 841 003d 06       		.uleb128 0x6
 842 003e 0F       		.uleb128 0xf
 843 003f 00       		.byte	0
 844 0040 0B       		.uleb128 0xb
 845 0041 0B       		.uleb128 0xb
 846 0042 49       		.uleb128 0x49
 847 0043 13       		.uleb128 0x13
 848 0044 00       		.byte	0
 849 0045 00       		.byte	0
 850 0046 07       		.uleb128 0x7
 851 0047 15       		.uleb128 0x15
 852 0048 00       		.byte	0
 853 0049 27       		.uleb128 0x27
 854 004a 19       		.uleb128 0x19
 855 004b 00       		.byte	0
 856 004c 00       		.byte	0
 857 004d 08       		.uleb128 0x8
 858 004e 16       		.uleb128 0x16
 859 004f 00       		.byte	0
 860 0050 03       		.uleb128 0x3
 861 0051 0E       		.uleb128 0xe
 862 0052 3A       		.uleb128 0x3a
 863 0053 0B       		.uleb128 0xb
 864 0054 3B       		.uleb128 0x3b
 865 0055 0B       		.uleb128 0xb
 866 0056 49       		.uleb128 0x49
 867 0057 13       		.uleb128 0x13
 868 0058 00       		.byte	0
 869 0059 00       		.byte	0
 870 005a 09       		.uleb128 0x9
 871 005b 0F       		.uleb128 0xf
 872 005c 00       		.byte	0
 873 005d 0B       		.uleb128 0xb
 874 005e 0B       		.uleb128 0xb
 875 005f 00       		.byte	0
 876 0060 00       		.byte	0
 877 0061 0A       		.uleb128 0xa
 878 0062 26       		.uleb128 0x26
 879 0063 00       		.byte	0
 880 0064 49       		.uleb128 0x49
 881 0065 13       		.uleb128 0x13
 882 0066 00       		.byte	0
 883 0067 00       		.byte	0
 884 0068 0B       		.uleb128 0xb
 885 0069 13       		.uleb128 0x13
 886 006a 01       		.byte	0x1
 887 006b 03       		.uleb128 0x3
 888 006c 0E       		.uleb128 0xe
 889 006d 0B       		.uleb128 0xb
 890 006e 0B       		.uleb128 0xb
 891 006f 3A       		.uleb128 0x3a
 892 0070 0B       		.uleb128 0xb
ARM GAS  C:\Users\humon\AppData\Local\Temp\cckEdLla.s 			page 26


 893 0071 3B       		.uleb128 0x3b
 894 0072 0B       		.uleb128 0xb
 895 0073 01       		.uleb128 0x1
 896 0074 13       		.uleb128 0x13
 897 0075 00       		.byte	0
 898 0076 00       		.byte	0
 899 0077 0C       		.uleb128 0xc
 900 0078 0D       		.uleb128 0xd
 901 0079 00       		.byte	0
 902 007a 03       		.uleb128 0x3
 903 007b 0E       		.uleb128 0xe
 904 007c 3A       		.uleb128 0x3a
 905 007d 0B       		.uleb128 0xb
 906 007e 3B       		.uleb128 0x3b
 907 007f 0B       		.uleb128 0xb
 908 0080 49       		.uleb128 0x49
 909 0081 13       		.uleb128 0x13
 910 0082 38       		.uleb128 0x38
 911 0083 0B       		.uleb128 0xb
 912 0084 00       		.byte	0
 913 0085 00       		.byte	0
 914 0086 0D       		.uleb128 0xd
 915 0087 2E       		.uleb128 0x2e
 916 0088 00       		.byte	0
 917 0089 3F       		.uleb128 0x3f
 918 008a 19       		.uleb128 0x19
 919 008b 03       		.uleb128 0x3
 920 008c 0E       		.uleb128 0xe
 921 008d 3A       		.uleb128 0x3a
 922 008e 0B       		.uleb128 0xb
 923 008f 3B       		.uleb128 0x3b
 924 0090 0B       		.uleb128 0xb
 925 0091 27       		.uleb128 0x27
 926 0092 19       		.uleb128 0x19
 927 0093 11       		.uleb128 0x11
 928 0094 01       		.uleb128 0x1
 929 0095 12       		.uleb128 0x12
 930 0096 06       		.uleb128 0x6
 931 0097 40       		.uleb128 0x40
 932 0098 18       		.uleb128 0x18
 933 0099 9742     		.uleb128 0x2117
 934 009b 19       		.uleb128 0x19
 935 009c 00       		.byte	0
 936 009d 00       		.byte	0
 937 009e 0E       		.uleb128 0xe
 938 009f 2E       		.uleb128 0x2e
 939 00a0 01       		.byte	0x1
 940 00a1 3F       		.uleb128 0x3f
 941 00a2 19       		.uleb128 0x19
 942 00a3 03       		.uleb128 0x3
 943 00a4 0E       		.uleb128 0xe
 944 00a5 3A       		.uleb128 0x3a
 945 00a6 0B       		.uleb128 0xb
 946 00a7 3B       		.uleb128 0x3b
 947 00a8 0B       		.uleb128 0xb
 948 00a9 27       		.uleb128 0x27
 949 00aa 19       		.uleb128 0x19
ARM GAS  C:\Users\humon\AppData\Local\Temp\cckEdLla.s 			page 27


 950 00ab 11       		.uleb128 0x11
 951 00ac 01       		.uleb128 0x1
 952 00ad 12       		.uleb128 0x12
 953 00ae 06       		.uleb128 0x6
 954 00af 40       		.uleb128 0x40
 955 00b0 18       		.uleb128 0x18
 956 00b1 9642     		.uleb128 0x2116
 957 00b3 19       		.uleb128 0x19
 958 00b4 01       		.uleb128 0x1
 959 00b5 13       		.uleb128 0x13
 960 00b6 00       		.byte	0
 961 00b7 00       		.byte	0
 962 00b8 0F       		.uleb128 0xf
 963 00b9 05       		.uleb128 0x5
 964 00ba 00       		.byte	0
 965 00bb 03       		.uleb128 0x3
 966 00bc 0E       		.uleb128 0xe
 967 00bd 3A       		.uleb128 0x3a
 968 00be 0B       		.uleb128 0xb
 969 00bf 3B       		.uleb128 0x3b
 970 00c0 0B       		.uleb128 0xb
 971 00c1 49       		.uleb128 0x49
 972 00c2 13       		.uleb128 0x13
 973 00c3 02       		.uleb128 0x2
 974 00c4 18       		.uleb128 0x18
 975 00c5 00       		.byte	0
 976 00c6 00       		.byte	0
 977 00c7 10       		.uleb128 0x10
 978 00c8 2E       		.uleb128 0x2e
 979 00c9 01       		.byte	0x1
 980 00ca 3F       		.uleb128 0x3f
 981 00cb 19       		.uleb128 0x19
 982 00cc 03       		.uleb128 0x3
 983 00cd 0E       		.uleb128 0xe
 984 00ce 3A       		.uleb128 0x3a
 985 00cf 0B       		.uleb128 0xb
 986 00d0 3B       		.uleb128 0x3b
 987 00d1 05       		.uleb128 0x5
 988 00d2 27       		.uleb128 0x27
 989 00d3 19       		.uleb128 0x19
 990 00d4 49       		.uleb128 0x49
 991 00d5 13       		.uleb128 0x13
 992 00d6 11       		.uleb128 0x11
 993 00d7 01       		.uleb128 0x1
 994 00d8 12       		.uleb128 0x12
 995 00d9 06       		.uleb128 0x6
 996 00da 40       		.uleb128 0x40
 997 00db 18       		.uleb128 0x18
 998 00dc 9642     		.uleb128 0x2116
 999 00de 19       		.uleb128 0x19
 1000 00df 01       		.uleb128 0x1
 1001 00e0 13       		.uleb128 0x13
 1002 00e1 00       		.byte	0
 1003 00e2 00       		.byte	0
 1004 00e3 11       		.uleb128 0x11
 1005 00e4 05       		.uleb128 0x5
 1006 00e5 00       		.byte	0
ARM GAS  C:\Users\humon\AppData\Local\Temp\cckEdLla.s 			page 28


 1007 00e6 03       		.uleb128 0x3
 1008 00e7 0E       		.uleb128 0xe
 1009 00e8 3A       		.uleb128 0x3a
 1010 00e9 0B       		.uleb128 0xb
 1011 00ea 3B       		.uleb128 0x3b
 1012 00eb 05       		.uleb128 0x5
 1013 00ec 49       		.uleb128 0x49
 1014 00ed 13       		.uleb128 0x13
 1015 00ee 02       		.uleb128 0x2
 1016 00ef 18       		.uleb128 0x18
 1017 00f0 00       		.byte	0
 1018 00f1 00       		.byte	0
 1019 00f2 12       		.uleb128 0x12
 1020 00f3 34       		.uleb128 0x34
 1021 00f4 00       		.byte	0
 1022 00f5 03       		.uleb128 0x3
 1023 00f6 08       		.uleb128 0x8
 1024 00f7 3A       		.uleb128 0x3a
 1025 00f8 0B       		.uleb128 0xb
 1026 00f9 3B       		.uleb128 0x3b
 1027 00fa 05       		.uleb128 0x5
 1028 00fb 49       		.uleb128 0x49
 1029 00fc 13       		.uleb128 0x13
 1030 00fd 3F       		.uleb128 0x3f
 1031 00fe 19       		.uleb128 0x19
 1032 00ff 3C       		.uleb128 0x3c
 1033 0100 19       		.uleb128 0x19
 1034 0101 00       		.byte	0
 1035 0102 00       		.byte	0
 1036 0103 13       		.uleb128 0x13
 1037 0104 34       		.uleb128 0x34
 1038 0105 00       		.byte	0
 1039 0106 03       		.uleb128 0x3
 1040 0107 0E       		.uleb128 0xe
 1041 0108 3A       		.uleb128 0x3a
 1042 0109 0B       		.uleb128 0xb
 1043 010a 3B       		.uleb128 0x3b
 1044 010b 05       		.uleb128 0x5
 1045 010c 49       		.uleb128 0x49
 1046 010d 13       		.uleb128 0x13
 1047 010e 02       		.uleb128 0x2
 1048 010f 18       		.uleb128 0x18
 1049 0110 00       		.byte	0
 1050 0111 00       		.byte	0
 1051 0112 14       		.uleb128 0x14
 1052 0113 2E       		.uleb128 0x2e
 1053 0114 01       		.byte	0x1
 1054 0115 3F       		.uleb128 0x3f
 1055 0116 19       		.uleb128 0x19
 1056 0117 03       		.uleb128 0x3
 1057 0118 0E       		.uleb128 0xe
 1058 0119 3A       		.uleb128 0x3a
 1059 011a 0B       		.uleb128 0xb
 1060 011b 3B       		.uleb128 0x3b
 1061 011c 05       		.uleb128 0x5
 1062 011d 27       		.uleb128 0x27
 1063 011e 19       		.uleb128 0x19
ARM GAS  C:\Users\humon\AppData\Local\Temp\cckEdLla.s 			page 29


 1064 011f 11       		.uleb128 0x11
 1065 0120 01       		.uleb128 0x1
 1066 0121 12       		.uleb128 0x12
 1067 0122 06       		.uleb128 0x6
 1068 0123 40       		.uleb128 0x40
 1069 0124 18       		.uleb128 0x18
 1070 0125 9642     		.uleb128 0x2116
 1071 0127 19       		.uleb128 0x19
 1072 0128 01       		.uleb128 0x1
 1073 0129 13       		.uleb128 0x13
 1074 012a 00       		.byte	0
 1075 012b 00       		.byte	0
 1076 012c 15       		.uleb128 0x15
 1077 012d 0B       		.uleb128 0xb
 1078 012e 01       		.byte	0x1
 1079 012f 11       		.uleb128 0x11
 1080 0130 01       		.uleb128 0x1
 1081 0131 12       		.uleb128 0x12
 1082 0132 06       		.uleb128 0x6
 1083 0133 00       		.byte	0
 1084 0134 00       		.byte	0
 1085 0135 16       		.uleb128 0x16
 1086 0136 34       		.uleb128 0x34
 1087 0137 00       		.byte	0
 1088 0138 03       		.uleb128 0x3
 1089 0139 08       		.uleb128 0x8
 1090 013a 3A       		.uleb128 0x3a
 1091 013b 0B       		.uleb128 0xb
 1092 013c 3B       		.uleb128 0x3b
 1093 013d 05       		.uleb128 0x5
 1094 013e 49       		.uleb128 0x49
 1095 013f 13       		.uleb128 0x13
 1096 0140 02       		.uleb128 0x2
 1097 0141 18       		.uleb128 0x18
 1098 0142 00       		.byte	0
 1099 0143 00       		.byte	0
 1100 0144 17       		.uleb128 0x17
 1101 0145 2E       		.uleb128 0x2e
 1102 0146 00       		.byte	0
 1103 0147 3F       		.uleb128 0x3f
 1104 0148 19       		.uleb128 0x19
 1105 0149 03       		.uleb128 0x3
 1106 014a 0E       		.uleb128 0xe
 1107 014b 3A       		.uleb128 0x3a
 1108 014c 0B       		.uleb128 0xb
 1109 014d 3B       		.uleb128 0x3b
 1110 014e 05       		.uleb128 0x5
 1111 014f 27       		.uleb128 0x27
 1112 0150 19       		.uleb128 0x19
 1113 0151 11       		.uleb128 0x11
 1114 0152 01       		.uleb128 0x1
 1115 0153 12       		.uleb128 0x12
 1116 0154 06       		.uleb128 0x6
 1117 0155 40       		.uleb128 0x40
 1118 0156 18       		.uleb128 0x18
 1119 0157 9642     		.uleb128 0x2116
 1120 0159 19       		.uleb128 0x19
ARM GAS  C:\Users\humon\AppData\Local\Temp\cckEdLla.s 			page 30


 1121 015a 00       		.byte	0
 1122 015b 00       		.byte	0
 1123 015c 18       		.uleb128 0x18
 1124 015d 34       		.uleb128 0x34
 1125 015e 00       		.byte	0
 1126 015f 03       		.uleb128 0x3
 1127 0160 0E       		.uleb128 0xe
 1128 0161 3A       		.uleb128 0x3a
 1129 0162 0B       		.uleb128 0xb
 1130 0163 3B       		.uleb128 0x3b
 1131 0164 0B       		.uleb128 0xb
 1132 0165 49       		.uleb128 0x49
 1133 0166 13       		.uleb128 0x13
 1134 0167 02       		.uleb128 0x2
 1135 0168 18       		.uleb128 0x18
 1136 0169 00       		.byte	0
 1137 016a 00       		.byte	0
 1138 016b 19       		.uleb128 0x19
 1139 016c 01       		.uleb128 0x1
 1140 016d 01       		.byte	0x1
 1141 016e 49       		.uleb128 0x49
 1142 016f 13       		.uleb128 0x13
 1143 0170 01       		.uleb128 0x1
 1144 0171 13       		.uleb128 0x13
 1145 0172 00       		.byte	0
 1146 0173 00       		.byte	0
 1147 0174 1A       		.uleb128 0x1a
 1148 0175 21       		.uleb128 0x21
 1149 0176 00       		.byte	0
 1150 0177 00       		.byte	0
 1151 0178 00       		.byte	0
 1152 0179 1B       		.uleb128 0x1b
 1153 017a 34       		.uleb128 0x34
 1154 017b 00       		.byte	0
 1155 017c 03       		.uleb128 0x3
 1156 017d 0E       		.uleb128 0xe
 1157 017e 3A       		.uleb128 0x3a
 1158 017f 0B       		.uleb128 0xb
 1159 0180 3B       		.uleb128 0x3b
 1160 0181 0B       		.uleb128 0xb
 1161 0182 49       		.uleb128 0x49
 1162 0183 13       		.uleb128 0x13
 1163 0184 3F       		.uleb128 0x3f
 1164 0185 19       		.uleb128 0x19
 1165 0186 3C       		.uleb128 0x3c
 1166 0187 19       		.uleb128 0x19
 1167 0188 00       		.byte	0
 1168 0189 00       		.byte	0
 1169 018a 1C       		.uleb128 0x1c
 1170 018b 21       		.uleb128 0x21
 1171 018c 00       		.byte	0
 1172 018d 49       		.uleb128 0x49
 1173 018e 13       		.uleb128 0x13
 1174 018f 2F       		.uleb128 0x2f
 1175 0190 0B       		.uleb128 0xb
 1176 0191 00       		.byte	0
 1177 0192 00       		.byte	0
ARM GAS  C:\Users\humon\AppData\Local\Temp\cckEdLla.s 			page 31


 1178 0193 1D       		.uleb128 0x1d
 1179 0194 34       		.uleb128 0x34
 1180 0195 00       		.byte	0
 1181 0196 03       		.uleb128 0x3
 1182 0197 0E       		.uleb128 0xe
 1183 0198 3A       		.uleb128 0x3a
 1184 0199 0B       		.uleb128 0xb
 1185 019a 3B       		.uleb128 0x3b
 1186 019b 05       		.uleb128 0x5
 1187 019c 49       		.uleb128 0x49
 1188 019d 13       		.uleb128 0x13
 1189 019e 3F       		.uleb128 0x3f
 1190 019f 19       		.uleb128 0x19
 1191 01a0 02       		.uleb128 0x2
 1192 01a1 18       		.uleb128 0x18
 1193 01a2 00       		.byte	0
 1194 01a3 00       		.byte	0
 1195 01a4 00       		.byte	0
 1196              		.section	.debug_aranges,"",%progbits
 1197 0000 44000000 		.4byte	0x44
 1198 0004 0200     		.2byte	0x2
 1199 0006 00000000 		.4byte	.Ldebug_info0
 1200 000a 04       		.byte	0x4
 1201 000b 00       		.byte	0
 1202 000c 0000     		.2byte	0
 1203 000e 0000     		.2byte	0
 1204 0010 00000000 		.4byte	.LFB2
 1205 0014 06000000 		.4byte	.LFE2-.LFB2
 1206 0018 00000000 		.4byte	.LFB3
 1207 001c 14000000 		.4byte	.LFE3-.LFB3
 1208 0020 00000000 		.4byte	.LFB4
 1209 0024 50000000 		.4byte	.LFE4-.LFB4
 1210 0028 00000000 		.4byte	.LFB5
 1211 002c 98000000 		.4byte	.LFE5-.LFB5
 1212 0030 00000000 		.4byte	.LFB6
 1213 0034 08000000 		.4byte	.LFE6-.LFB6
 1214 0038 00000000 		.4byte	.LFB7
 1215 003c 70000000 		.4byte	.LFE7-.LFB7
 1216 0040 00000000 		.4byte	0
 1217 0044 00000000 		.4byte	0
 1218              		.section	.debug_ranges,"",%progbits
 1219              	.Ldebug_ranges0:
 1220 0000 00000000 		.4byte	.LFB2
 1221 0004 06000000 		.4byte	.LFE2
 1222 0008 00000000 		.4byte	.LFB3
 1223 000c 14000000 		.4byte	.LFE3
 1224 0010 00000000 		.4byte	.LFB4
 1225 0014 50000000 		.4byte	.LFE4
 1226 0018 00000000 		.4byte	.LFB5
 1227 001c 98000000 		.4byte	.LFE5
 1228 0020 00000000 		.4byte	.LFB6
 1229 0024 08000000 		.4byte	.LFE6
 1230 0028 00000000 		.4byte	.LFB7
 1231 002c 70000000 		.4byte	.LFE7
 1232 0030 00000000 		.4byte	0
 1233 0034 00000000 		.4byte	0
 1234              		.section	.debug_line,"",%progbits
ARM GAS  C:\Users\humon\AppData\Local\Temp\cckEdLla.s 			page 32


 1235              	.Ldebug_line0:
 1236 0000 C0010000 		.section	.debug_str,"MS",%progbits,1
 1236      0200C300 
 1236      00000201 
 1236      FB0E0D00 
 1236      01010101 
 1237              	.LASF14:
 1238 0000 72656733 		.ascii	"reg32\000"
 1238      3200
 1239              	.LASF42:
 1240 0006 474E5520 		.ascii	"GNU C 4.9.3 20150303 (release) [ARM/embedded-4_9-br"
 1240      4320342E 
 1240      392E3320 
 1240      32303135 
 1240      30333033 
 1241 0039 616E6368 		.ascii	"anch revision 221220] -mcpu=cortex-m0 -mthumb -g -O"
 1241      20726576 
 1241      6973696F 
 1241      6E203232 
 1241      31323230 
 1242 006c 30202D66 		.ascii	"0 -ffunction-sections -ffat-lto-objects\000"
 1242      66756E63 
 1242      74696F6E 
 1242      2D736563 
 1242      74696F6E 
 1243              	.LASF16:
 1244 0094 73697A65 		.ascii	"size_t\000"
 1244      5F7400
 1245              	.LASF40:
 1246 009b 43795261 		.ascii	"CyRamVectors\000"
 1246      6D566563 
 1246      746F7273 
 1246      00
 1247              	.LASF28:
 1248 00a8 53746172 		.ascii	"Start_c\000"
 1248      745F6300 
 1249              	.LASF32:
 1250 00b0 636F756E 		.ascii	"count\000"
 1250      7400
 1251              	.LASF26:
 1252 00b6 68656170 		.ascii	"heapPointer\000"
 1252      506F696E 
 1252      74657200 
 1253              	.LASF3:
 1254 00c2 73686F72 		.ascii	"short unsigned int\000"
 1254      7420756E 
 1254      7369676E 
 1254      65642069 
 1254      6E7400
 1255              	.LASF39:
 1256 00d5 5F5F6379 		.ascii	"__cy_region_num\000"
 1256      5F726567 
 1256      696F6E5F 
 1256      6E756D00 
 1257              	.LASF19:
 1258 00e5 696E6974 		.ascii	"init\000"
 1258      00
ARM GAS  C:\Users\humon\AppData\Local\Temp\cckEdLla.s 			page 33


 1259              	.LASF23:
 1260 00ea 73746174 		.ascii	"status\000"
 1260      757300
 1261              	.LASF22:
 1262 00f1 7A65726F 		.ascii	"zero_size\000"
 1262      5F73697A 
 1262      6500
 1263              	.LASF30:
 1264 00fb 72707472 		.ascii	"rptr\000"
 1264      00
 1265              	.LASF11:
 1266 0100 666C6F61 		.ascii	"float\000"
 1266      7400
 1267              	.LASF20:
 1268 0106 64617461 		.ascii	"data\000"
 1268      00
 1269              	.LASF1:
 1270 010b 756E7369 		.ascii	"unsigned char\000"
 1270      676E6564 
 1270      20636861 
 1270      7200
 1271              	.LASF25:
 1272 0119 72657475 		.ascii	"returnValue\000"
 1272      726E5661 
 1272      6C756500 
 1273              	.LASF41:
 1274 0125 526F6D56 		.ascii	"RomVectors\000"
 1274      6563746F 
 1274      727300
 1275              	.LASF5:
 1276 0130 6C6F6E67 		.ascii	"long unsigned int\000"
 1276      20756E73 
 1276      69676E65 
 1276      6420696E 
 1276      7400
 1277              	.LASF37:
 1278 0142 63795379 		.ascii	"cySysNoInitDataValid\000"
 1278      734E6F49 
 1278      6E697444 
 1278      61746156 
 1278      616C6964 
 1279              	.LASF9:
 1280 0157 75696E74 		.ascii	"uint8\000"
 1280      3800
 1281              	.LASF34:
 1282 015d 52657365 		.ascii	"Reset\000"
 1282      7400
 1283              	.LASF27:
 1284 0163 5F657869 		.ascii	"_exit\000"
 1284      7400
 1285              	.LASF33:
 1286 0169 496E7444 		.ascii	"IntDefaultHandler\000"
 1286      65666175 
 1286      6C744861 
 1286      6E646C65 
 1286      7200
 1287              	.LASF46:
ARM GAS  C:\Users\humon\AppData\Local\Temp\cckEdLla.s 			page 34


 1288 017b 5F736272 		.ascii	"_sbrk\000"
 1288      6B00
 1289              	.LASF12:
 1290 0181 646F7562 		.ascii	"double\000"
 1290      6C6500
 1291              	.LASF35:
 1292 0188 696E6974 		.ascii	"initialize_psoc\000"
 1292      69616C69 
 1292      7A655F70 
 1292      736F6300 
 1293              	.LASF10:
 1294 0198 75696E74 		.ascii	"uint32\000"
 1294      333200
 1295              	.LASF36:
 1296 019f 696E6465 		.ascii	"indexInit\000"
 1296      78496E69 
 1296      7400
 1297              	.LASF8:
 1298 01a9 756E7369 		.ascii	"unsigned int\000"
 1298      676E6564 
 1298      20696E74 
 1298      00
 1299              	.LASF7:
 1300 01b6 6C6F6E67 		.ascii	"long long unsigned int\000"
 1300      206C6F6E 
 1300      6720756E 
 1300      7369676E 
 1300      65642069 
 1301              	.LASF31:
 1302 01cd 6C696D69 		.ascii	"limit\000"
 1302      7400
 1303              	.LASF15:
 1304 01d3 63796973 		.ascii	"cyisraddress\000"
 1304      72616464 
 1304      72657373 
 1304      00
 1305              	.LASF21:
 1306 01e0 696E6974 		.ascii	"init_size\000"
 1306      5F73697A 
 1306      6500
 1307              	.LASF18:
 1308 01ea 5F5F6379 		.ascii	"__cy_byte_align8\000"
 1308      5F627974 
 1308      655F616C 
 1308      69676E38 
 1308      00
 1309              	.LASF17:
 1310 01fb 73697A65 		.ascii	"sizetype\000"
 1310      74797065 
 1310      00
 1311              	.LASF6:
 1312 0204 6C6F6E67 		.ascii	"long long int\000"
 1312      206C6F6E 
 1312      6720696E 
 1312      7400
 1313              	.LASF13:
 1314 0212 63686172 		.ascii	"char\000"
ARM GAS  C:\Users\humon\AppData\Local\Temp\cckEdLla.s 			page 35


 1314      00
 1315              	.LASF44:
 1316 0217 433A5C55 		.ascii	"C:\\Users\\humon\\Desktop\\CypressMinimal\\MinimalF"
 1316      73657273 
 1316      5C68756D 
 1316      6F6E5C44 
 1316      65736B74 
 1317 0245 69726D77 		.ascii	"irmwareWorkspace\\MinimalFirmware.cydsn\000"
 1317      61726557 
 1317      6F726B73 
 1317      70616365 
 1317      5C4D696E 
 1318              	.LASF43:
 1319 026c 2E5C4765 		.ascii	".\\Generated_Source\\PSoC4\\Cm0Start.c\000"
 1319      6E657261 
 1319      7465645F 
 1319      536F7572 
 1319      63655C50 
 1320              	.LASF2:
 1321 0290 73686F72 		.ascii	"short int\000"
 1321      7420696E 
 1321      7400
 1322              	.LASF4:
 1323 029a 6C6F6E67 		.ascii	"long int\000"
 1323      20696E74 
 1323      00
 1324              	.LASF0:
 1325 02a3 7369676E 		.ascii	"signed char\000"
 1325      65642063 
 1325      68617200 
 1326              	.LASF38:
 1327 02af 5F5F6379 		.ascii	"__cy_regions\000"
 1327      5F726567 
 1327      696F6E73 
 1327      00
 1328              	.LASF29:
 1329 02bc 72656769 		.ascii	"regions\000"
 1329      6F6E7300 
 1330              	.LASF24:
 1331 02c4 6E627974 		.ascii	"nbytes\000"
 1331      657300
 1332              	.LASF45:
 1333 02cb 5F5F6379 		.ascii	"__cy_region\000"
 1333      5F726567 
 1333      696F6E00 
 1334              		.ident	"GCC: (GNU Tools for ARM Embedded Processors) 4.9.3 20150303 (release) [ARM/embedded-4_9-br
