ARM GAS  C:\Users\humon\AppData\Local\Temp\ccjAVzgg.s 			page 1


   1              		.cpu cortex-m0
   2              		.fpu softvfp
   3              		.eabi_attribute 20, 1
   4              		.eabi_attribute 21, 1
   5              		.eabi_attribute 23, 3
   6              		.eabi_attribute 24, 1
   7              		.eabi_attribute 25, 1
   8              		.eabi_attribute 26, 1
   9              		.eabi_attribute 30, 6
  10              		.eabi_attribute 34, 0
  11              		.eabi_attribute 18, 4
  12              		.code	16
  13              		.file	"cyfitter_cfg.c"
  14              		.text
  15              	.Ltext0:
  16              		.cfi_sections	.debug_frame
  17              		.section	.text.CYMEMZERO,"ax",%progbits
  18              		.align	2
  19              		.code	16
  20              		.thumb_func
  21              		.type	CYMEMZERO, %function
  22              	CYMEMZERO:
  23              	.LFB2:
  24              		.file 1 ".\\Generated_Source\\PSoC4\\cyfitter_cfg.c"
   1:.\Generated_Source\PSoC4/cyfitter_cfg.c **** /*******************************************************************************
   2:.\Generated_Source\PSoC4/cyfitter_cfg.c **** * File Name: cyfitter_cfg.c
   3:.\Generated_Source\PSoC4/cyfitter_cfg.c **** * 
   4:.\Generated_Source\PSoC4/cyfitter_cfg.c **** * PSoC Creator  3.3 CP3
   5:.\Generated_Source\PSoC4/cyfitter_cfg.c **** *
   6:.\Generated_Source\PSoC4/cyfitter_cfg.c **** * Description:
   7:.\Generated_Source\PSoC4/cyfitter_cfg.c **** * This file contains device initialization code.
   8:.\Generated_Source\PSoC4/cyfitter_cfg.c **** * Except for the user defined sections in CyClockStartupError(), this file should not be modified.
   9:.\Generated_Source\PSoC4/cyfitter_cfg.c **** * This file is automatically generated by PSoC Creator.
  10:.\Generated_Source\PSoC4/cyfitter_cfg.c **** *
  11:.\Generated_Source\PSoC4/cyfitter_cfg.c **** ********************************************************************************
  12:.\Generated_Source\PSoC4/cyfitter_cfg.c **** * Copyright (c) 2007-2016 Cypress Semiconductor.  All rights reserved.
  13:.\Generated_Source\PSoC4/cyfitter_cfg.c **** * You may use this file only in accordance with the license, terms, conditions, 
  14:.\Generated_Source\PSoC4/cyfitter_cfg.c **** * disclaimers, and limitations in the end user license agreement accompanying 
  15:.\Generated_Source\PSoC4/cyfitter_cfg.c **** * the software package with which this file was provided.
  16:.\Generated_Source\PSoC4/cyfitter_cfg.c **** ********************************************************************************/
  17:.\Generated_Source\PSoC4/cyfitter_cfg.c **** 
  18:.\Generated_Source\PSoC4/cyfitter_cfg.c **** #include <string.h>
  19:.\Generated_Source\PSoC4/cyfitter_cfg.c **** #include "cytypes.h"
  20:.\Generated_Source\PSoC4/cyfitter_cfg.c **** #include "cydevice_trm.h"
  21:.\Generated_Source\PSoC4/cyfitter_cfg.c **** #include "cyfitter.h"
  22:.\Generated_Source\PSoC4/cyfitter_cfg.c **** #include "CyLib.h"
  23:.\Generated_Source\PSoC4/cyfitter_cfg.c **** #include "CyLFClk.h"
  24:.\Generated_Source\PSoC4/cyfitter_cfg.c **** #include "cyfitter_cfg.h"
  25:.\Generated_Source\PSoC4/cyfitter_cfg.c **** 
  26:.\Generated_Source\PSoC4/cyfitter_cfg.c **** 
  27:.\Generated_Source\PSoC4/cyfitter_cfg.c **** #if defined(__GNUC__) || defined(__ARMCC_VERSION)
  28:.\Generated_Source\PSoC4/cyfitter_cfg.c ****     #define CYPACKED 
  29:.\Generated_Source\PSoC4/cyfitter_cfg.c ****     #define CYPACKED_ATTR __attribute__ ((packed))
  30:.\Generated_Source\PSoC4/cyfitter_cfg.c ****     #define CYALIGNED __attribute__ ((aligned))
  31:.\Generated_Source\PSoC4/cyfitter_cfg.c ****     #define CY_CFG_UNUSED __attribute__ ((unused))
  32:.\Generated_Source\PSoC4/cyfitter_cfg.c ****     #ifndef CY_CFG_SECTION
  33:.\Generated_Source\PSoC4/cyfitter_cfg.c ****         #define CY_CFG_SECTION __attribute__ ((section(".psocinit")))
ARM GAS  C:\Users\humon\AppData\Local\Temp\ccjAVzgg.s 			page 2


  34:.\Generated_Source\PSoC4/cyfitter_cfg.c ****     #endif
  35:.\Generated_Source\PSoC4/cyfitter_cfg.c ****     
  36:.\Generated_Source\PSoC4/cyfitter_cfg.c ****     #if defined(__ARMCC_VERSION)
  37:.\Generated_Source\PSoC4/cyfitter_cfg.c ****         #define CY_CFG_MEMORY_BARRIER() __memory_changed()
  38:.\Generated_Source\PSoC4/cyfitter_cfg.c ****     #else
  39:.\Generated_Source\PSoC4/cyfitter_cfg.c ****         #define CY_CFG_MEMORY_BARRIER() __sync_synchronize()
  40:.\Generated_Source\PSoC4/cyfitter_cfg.c ****     #endif
  41:.\Generated_Source\PSoC4/cyfitter_cfg.c ****     
  42:.\Generated_Source\PSoC4/cyfitter_cfg.c **** #elif defined(__ICCARM__)
  43:.\Generated_Source\PSoC4/cyfitter_cfg.c ****     #include <intrinsics.h>
  44:.\Generated_Source\PSoC4/cyfitter_cfg.c **** 
  45:.\Generated_Source\PSoC4/cyfitter_cfg.c ****     #define CYPACKED __packed
  46:.\Generated_Source\PSoC4/cyfitter_cfg.c ****     #define CYPACKED_ATTR 
  47:.\Generated_Source\PSoC4/cyfitter_cfg.c ****     #define CYALIGNED _Pragma("data_alignment=4")
  48:.\Generated_Source\PSoC4/cyfitter_cfg.c ****     #define CY_CFG_UNUSED _Pragma("diag_suppress=Pe177")
  49:.\Generated_Source\PSoC4/cyfitter_cfg.c ****     #define CY_CFG_SECTION _Pragma("location=\".psocinit\"")
  50:.\Generated_Source\PSoC4/cyfitter_cfg.c ****     
  51:.\Generated_Source\PSoC4/cyfitter_cfg.c ****     #define CY_CFG_MEMORY_BARRIER() __DMB()
  52:.\Generated_Source\PSoC4/cyfitter_cfg.c ****     
  53:.\Generated_Source\PSoC4/cyfitter_cfg.c **** #else
  54:.\Generated_Source\PSoC4/cyfitter_cfg.c ****     #error Unsupported toolchain
  55:.\Generated_Source\PSoC4/cyfitter_cfg.c **** #endif
  56:.\Generated_Source\PSoC4/cyfitter_cfg.c **** 
  57:.\Generated_Source\PSoC4/cyfitter_cfg.c **** 
  58:.\Generated_Source\PSoC4/cyfitter_cfg.c **** CY_CFG_UNUSED
  59:.\Generated_Source\PSoC4/cyfitter_cfg.c **** static void CYMEMZERO(void *s, size_t n);
  60:.\Generated_Source\PSoC4/cyfitter_cfg.c **** CY_CFG_UNUSED
  61:.\Generated_Source\PSoC4/cyfitter_cfg.c **** static void CYMEMZERO(void *s, size_t n)
  62:.\Generated_Source\PSoC4/cyfitter_cfg.c **** {
  25              		.loc 1 62 0
  26              		.cfi_startproc
  27 0000 80B5     		push	{r7, lr}
  28              		.cfi_def_cfa_offset 8
  29              		.cfi_offset 7, -8
  30              		.cfi_offset 14, -4
  31 0002 82B0     		sub	sp, sp, #8
  32              		.cfi_def_cfa_offset 16
  33 0004 00AF     		add	r7, sp, #0
  34              		.cfi_def_cfa_register 7
  35 0006 7860     		str	r0, [r7, #4]
  36 0008 3960     		str	r1, [r7]
  63:.\Generated_Source\PSoC4/cyfitter_cfg.c **** 	(void)memset(s, 0, n);
  37              		.loc 1 63 0
  38 000a 7A68     		ldr	r2, [r7, #4]
  39 000c 3B68     		ldr	r3, [r7]
  40 000e 101C     		mov	r0, r2
  41 0010 0021     		mov	r1, #0
  42 0012 1A1C     		mov	r2, r3
  43 0014 FFF7FEFF 		bl	memset
  64:.\Generated_Source\PSoC4/cyfitter_cfg.c **** }
  44              		.loc 1 64 0
  45 0018 BD46     		mov	sp, r7
  46 001a 02B0     		add	sp, sp, #8
  47              		@ sp needed
  48 001c 80BD     		pop	{r7, pc}
  49              		.cfi_endproc
  50              	.LFE2:
ARM GAS  C:\Users\humon\AppData\Local\Temp\ccjAVzgg.s 			page 3


  51              		.size	CYMEMZERO, .-CYMEMZERO
  52 001e C046     		.section	.text.CYCONFIGCPY,"ax",%progbits
  53              		.align	2
  54              		.code	16
  55              		.thumb_func
  56              		.type	CYCONFIGCPY, %function
  57              	CYCONFIGCPY:
  58              	.LFB3:
  65:.\Generated_Source\PSoC4/cyfitter_cfg.c **** CY_CFG_UNUSED
  66:.\Generated_Source\PSoC4/cyfitter_cfg.c **** static void CYCONFIGCPY(void *dest, const void *src, size_t n);
  67:.\Generated_Source\PSoC4/cyfitter_cfg.c **** CY_CFG_UNUSED
  68:.\Generated_Source\PSoC4/cyfitter_cfg.c **** static void CYCONFIGCPY(void *dest, const void *src, size_t n)
  69:.\Generated_Source\PSoC4/cyfitter_cfg.c **** {
  59              		.loc 1 69 0
  60              		.cfi_startproc
  61 0000 80B5     		push	{r7, lr}
  62              		.cfi_def_cfa_offset 8
  63              		.cfi_offset 7, -8
  64              		.cfi_offset 14, -4
  65 0002 84B0     		sub	sp, sp, #16
  66              		.cfi_def_cfa_offset 24
  67 0004 00AF     		add	r7, sp, #0
  68              		.cfi_def_cfa_register 7
  69 0006 F860     		str	r0, [r7, #12]
  70 0008 B960     		str	r1, [r7, #8]
  71 000a 7A60     		str	r2, [r7, #4]
  70:.\Generated_Source\PSoC4/cyfitter_cfg.c **** 	(void)memcpy(dest, src, n);
  72              		.loc 1 70 0
  73 000c F968     		ldr	r1, [r7, #12]
  74 000e BA68     		ldr	r2, [r7, #8]
  75 0010 7B68     		ldr	r3, [r7, #4]
  76 0012 081C     		mov	r0, r1
  77 0014 111C     		mov	r1, r2
  78 0016 1A1C     		mov	r2, r3
  79 0018 FFF7FEFF 		bl	memcpy
  71:.\Generated_Source\PSoC4/cyfitter_cfg.c **** }
  80              		.loc 1 71 0
  81 001c BD46     		mov	sp, r7
  82 001e 04B0     		add	sp, sp, #16
  83              		@ sp needed
  84 0020 80BD     		pop	{r7, pc}
  85              		.cfi_endproc
  86              	.LFE3:
  87              		.size	CYCONFIGCPY, .-CYCONFIGCPY
  88 0022 C046     		.section	.text.CYCONFIGCPYCODE,"ax",%progbits
  89              		.align	2
  90              		.code	16
  91              		.thumb_func
  92              		.type	CYCONFIGCPYCODE, %function
  93              	CYCONFIGCPYCODE:
  94              	.LFB4:
  72:.\Generated_Source\PSoC4/cyfitter_cfg.c **** CY_CFG_UNUSED
  73:.\Generated_Source\PSoC4/cyfitter_cfg.c **** static void CYCONFIGCPYCODE(void *dest, const void *src, size_t n);
  74:.\Generated_Source\PSoC4/cyfitter_cfg.c **** CY_CFG_UNUSED
  75:.\Generated_Source\PSoC4/cyfitter_cfg.c **** static void CYCONFIGCPYCODE(void *dest, const void *src, size_t n)
  76:.\Generated_Source\PSoC4/cyfitter_cfg.c **** {
  95              		.loc 1 76 0
ARM GAS  C:\Users\humon\AppData\Local\Temp\ccjAVzgg.s 			page 4


  96              		.cfi_startproc
  97 0000 80B5     		push	{r7, lr}
  98              		.cfi_def_cfa_offset 8
  99              		.cfi_offset 7, -8
 100              		.cfi_offset 14, -4
 101 0002 84B0     		sub	sp, sp, #16
 102              		.cfi_def_cfa_offset 24
 103 0004 00AF     		add	r7, sp, #0
 104              		.cfi_def_cfa_register 7
 105 0006 F860     		str	r0, [r7, #12]
 106 0008 B960     		str	r1, [r7, #8]
 107 000a 7A60     		str	r2, [r7, #4]
  77:.\Generated_Source\PSoC4/cyfitter_cfg.c **** 	(void)memcpy(dest, src, n);
 108              		.loc 1 77 0
 109 000c F968     		ldr	r1, [r7, #12]
 110 000e BA68     		ldr	r2, [r7, #8]
 111 0010 7B68     		ldr	r3, [r7, #4]
 112 0012 081C     		mov	r0, r1
 113 0014 111C     		mov	r1, r2
 114 0016 1A1C     		mov	r2, r3
 115 0018 FFF7FEFF 		bl	memcpy
  78:.\Generated_Source\PSoC4/cyfitter_cfg.c **** }
 116              		.loc 1 78 0
 117 001c BD46     		mov	sp, r7
 118 001e 04B0     		add	sp, sp, #16
 119              		@ sp needed
 120 0020 80BD     		pop	{r7, pc}
 121              		.cfi_endproc
 122              	.LFE4:
 123              		.size	CYCONFIGCPYCODE, .-CYCONFIGCPYCODE
 124 0022 C046     		.section	.text.cfg_write_bytes32,"ax",%progbits
 125              		.align	2
 126              		.code	16
 127              		.thumb_func
 128              		.type	cfg_write_bytes32, %function
 129              	cfg_write_bytes32:
 130              	.LFB5:
  79:.\Generated_Source\PSoC4/cyfitter_cfg.c **** 
  80:.\Generated_Source\PSoC4/cyfitter_cfg.c **** 
  81:.\Generated_Source\PSoC4/cyfitter_cfg.c **** 
  82:.\Generated_Source\PSoC4/cyfitter_cfg.c **** /* Clock startup error codes                                                   */
  83:.\Generated_Source\PSoC4/cyfitter_cfg.c **** #define CYCLOCKSTART_NO_ERROR    0u
  84:.\Generated_Source\PSoC4/cyfitter_cfg.c **** #define CYCLOCKSTART_XTAL_ERROR  1u
  85:.\Generated_Source\PSoC4/cyfitter_cfg.c **** #define CYCLOCKSTART_32KHZ_ERROR 2u
  86:.\Generated_Source\PSoC4/cyfitter_cfg.c **** #define CYCLOCKSTART_PLL_ERROR   3u
  87:.\Generated_Source\PSoC4/cyfitter_cfg.c **** 
  88:.\Generated_Source\PSoC4/cyfitter_cfg.c **** #ifdef CY_NEED_CYCLOCKSTARTUPERROR
  89:.\Generated_Source\PSoC4/cyfitter_cfg.c **** /*******************************************************************************
  90:.\Generated_Source\PSoC4/cyfitter_cfg.c **** * Function Name: CyClockStartupError
  91:.\Generated_Source\PSoC4/cyfitter_cfg.c **** ********************************************************************************
  92:.\Generated_Source\PSoC4/cyfitter_cfg.c **** * Summary:
  93:.\Generated_Source\PSoC4/cyfitter_cfg.c **** *  If an error is encountered during clock configuration (crystal startup error,
  94:.\Generated_Source\PSoC4/cyfitter_cfg.c **** *  PLL lock error, etc.), the system will end up here.  Unless reimplemented by
  95:.\Generated_Source\PSoC4/cyfitter_cfg.c **** *  the customer, this function will stop in an infinite loop.
  96:.\Generated_Source\PSoC4/cyfitter_cfg.c **** *
  97:.\Generated_Source\PSoC4/cyfitter_cfg.c **** * Parameters:
  98:.\Generated_Source\PSoC4/cyfitter_cfg.c **** *   void
ARM GAS  C:\Users\humon\AppData\Local\Temp\ccjAVzgg.s 			page 5


  99:.\Generated_Source\PSoC4/cyfitter_cfg.c **** *
 100:.\Generated_Source\PSoC4/cyfitter_cfg.c **** * Return:
 101:.\Generated_Source\PSoC4/cyfitter_cfg.c **** *   void
 102:.\Generated_Source\PSoC4/cyfitter_cfg.c **** *
 103:.\Generated_Source\PSoC4/cyfitter_cfg.c **** *******************************************************************************/
 104:.\Generated_Source\PSoC4/cyfitter_cfg.c **** CY_CFG_UNUSED
 105:.\Generated_Source\PSoC4/cyfitter_cfg.c **** static void CyClockStartupError(uint8 errorCode);
 106:.\Generated_Source\PSoC4/cyfitter_cfg.c **** CY_CFG_UNUSED
 107:.\Generated_Source\PSoC4/cyfitter_cfg.c **** static void CyClockStartupError(uint8 errorCode)
 108:.\Generated_Source\PSoC4/cyfitter_cfg.c **** {
 109:.\Generated_Source\PSoC4/cyfitter_cfg.c ****     /* To remove the compiler warning if errorCode not used.                */
 110:.\Generated_Source\PSoC4/cyfitter_cfg.c ****     errorCode = errorCode;
 111:.\Generated_Source\PSoC4/cyfitter_cfg.c **** 
 112:.\Generated_Source\PSoC4/cyfitter_cfg.c ****     /* `#START CyClockStartupError` */
 113:.\Generated_Source\PSoC4/cyfitter_cfg.c **** 
 114:.\Generated_Source\PSoC4/cyfitter_cfg.c ****     /* If we have a clock startup error (bad MHz crystal, PLL lock, etc.),  */
 115:.\Generated_Source\PSoC4/cyfitter_cfg.c ****     /* we will end up here to allow the customer to implement something to  */
 116:.\Generated_Source\PSoC4/cyfitter_cfg.c ****     /* deal with the clock condition.                                       */
 117:.\Generated_Source\PSoC4/cyfitter_cfg.c **** 
 118:.\Generated_Source\PSoC4/cyfitter_cfg.c ****     /* `#END` */
 119:.\Generated_Source\PSoC4/cyfitter_cfg.c **** 
 120:.\Generated_Source\PSoC4/cyfitter_cfg.c ****     /* If nothing else, stop here since the clocks have not started         */
 121:.\Generated_Source\PSoC4/cyfitter_cfg.c ****     /* correctly.                                                           */
 122:.\Generated_Source\PSoC4/cyfitter_cfg.c ****     while(1) {}
 123:.\Generated_Source\PSoC4/cyfitter_cfg.c **** }
 124:.\Generated_Source\PSoC4/cyfitter_cfg.c **** #endif
 125:.\Generated_Source\PSoC4/cyfitter_cfg.c **** 
 126:.\Generated_Source\PSoC4/cyfitter_cfg.c **** #define CY_CFG_BASE_ADDR_COUNT 1u
 127:.\Generated_Source\PSoC4/cyfitter_cfg.c **** CYPACKED typedef struct
 128:.\Generated_Source\PSoC4/cyfitter_cfg.c **** {
 129:.\Generated_Source\PSoC4/cyfitter_cfg.c **** 	uint8 offset;
 130:.\Generated_Source\PSoC4/cyfitter_cfg.c **** 	uint8 value;
 131:.\Generated_Source\PSoC4/cyfitter_cfg.c **** } CYPACKED_ATTR cy_cfg_addrvalue_t;
 132:.\Generated_Source\PSoC4/cyfitter_cfg.c **** 
 133:.\Generated_Source\PSoC4/cyfitter_cfg.c **** 
 134:.\Generated_Source\PSoC4/cyfitter_cfg.c **** 
 135:.\Generated_Source\PSoC4/cyfitter_cfg.c **** /*******************************************************************************
 136:.\Generated_Source\PSoC4/cyfitter_cfg.c **** * Function Name: cfg_write_bytes32
 137:.\Generated_Source\PSoC4/cyfitter_cfg.c **** ********************************************************************************
 138:.\Generated_Source\PSoC4/cyfitter_cfg.c **** * Summary:
 139:.\Generated_Source\PSoC4/cyfitter_cfg.c **** *  This function is used for setting up the chip configuration areas that
 140:.\Generated_Source\PSoC4/cyfitter_cfg.c **** *  contain relatively sparse data.
 141:.\Generated_Source\PSoC4/cyfitter_cfg.c **** *
 142:.\Generated_Source\PSoC4/cyfitter_cfg.c **** * Parameters:
 143:.\Generated_Source\PSoC4/cyfitter_cfg.c **** *   void
 144:.\Generated_Source\PSoC4/cyfitter_cfg.c **** *
 145:.\Generated_Source\PSoC4/cyfitter_cfg.c **** * Return:
 146:.\Generated_Source\PSoC4/cyfitter_cfg.c **** *   void
 147:.\Generated_Source\PSoC4/cyfitter_cfg.c **** *
 148:.\Generated_Source\PSoC4/cyfitter_cfg.c **** *******************************************************************************/
 149:.\Generated_Source\PSoC4/cyfitter_cfg.c **** static void cfg_write_bytes32(const uint32 addr_table[], const cy_cfg_addrvalue_t data_table[]);
 150:.\Generated_Source\PSoC4/cyfitter_cfg.c **** static void cfg_write_bytes32(const uint32 addr_table[], const cy_cfg_addrvalue_t data_table[])
 151:.\Generated_Source\PSoC4/cyfitter_cfg.c **** {
 131              		.loc 1 151 0
 132              		.cfi_startproc
 133 0000 80B5     		push	{r7, lr}
 134              		.cfi_def_cfa_offset 8
ARM GAS  C:\Users\humon\AppData\Local\Temp\ccjAVzgg.s 			page 6


 135              		.cfi_offset 7, -8
 136              		.cfi_offset 14, -4
 137 0002 86B0     		sub	sp, sp, #24
 138              		.cfi_def_cfa_offset 32
 139 0004 00AF     		add	r7, sp, #0
 140              		.cfi_def_cfa_register 7
 141 0006 7860     		str	r0, [r7, #4]
 142 0008 3960     		str	r1, [r7]
 152:.\Generated_Source\PSoC4/cyfitter_cfg.c **** 	/* For 32-bit little-endian architectures */
 153:.\Generated_Source\PSoC4/cyfitter_cfg.c **** 	uint32 i, j = 0u;
 143              		.loc 1 153 0
 144 000a 0023     		mov	r3, #0
 145 000c 3B61     		str	r3, [r7, #16]
 154:.\Generated_Source\PSoC4/cyfitter_cfg.c **** 	for (i = 0u; i < CY_CFG_BASE_ADDR_COUNT; i++)
 146              		.loc 1 154 0
 147 000e 0023     		mov	r3, #0
 148 0010 7B61     		str	r3, [r7, #20]
 149 0012 2FE0     		b	.L5
 150              	.L8:
 151              	.LBB2:
 155:.\Generated_Source\PSoC4/cyfitter_cfg.c **** 	{
 156:.\Generated_Source\PSoC4/cyfitter_cfg.c **** 		uint32 baseAddr = addr_table[i];
 152              		.loc 1 156 0
 153 0014 7B69     		ldr	r3, [r7, #20]
 154 0016 9B00     		lsl	r3, r3, #2
 155 0018 7A68     		ldr	r2, [r7, #4]
 156 001a D318     		add	r3, r2, r3
 157 001c 1B68     		ldr	r3, [r3]
 158 001e BB60     		str	r3, [r7, #8]
 157:.\Generated_Source\PSoC4/cyfitter_cfg.c **** 		uint8 count = (uint8)baseAddr;
 159              		.loc 1 157 0
 160 0020 0F23     		mov	r3, #15
 161 0022 FB18     		add	r3, r7, r3
 162 0024 BA68     		ldr	r2, [r7, #8]
 163 0026 1A70     		strb	r2, [r3]
 158:.\Generated_Source\PSoC4/cyfitter_cfg.c **** 		baseAddr &= 0xFFFFFF00u;
 164              		.loc 1 158 0
 165 0028 BB68     		ldr	r3, [r7, #8]
 166 002a FF22     		mov	r2, #255
 167 002c 9343     		bic	r3, r2
 168 002e BB60     		str	r3, [r7, #8]
 159:.\Generated_Source\PSoC4/cyfitter_cfg.c **** 		while (count != 0u)
 169              		.loc 1 159 0
 170 0030 18E0     		b	.L6
 171              	.L7:
 160:.\Generated_Source\PSoC4/cyfitter_cfg.c **** 		{
 161:.\Generated_Source\PSoC4/cyfitter_cfg.c **** 			CY_SET_XTND_REG8((void CYFAR *)(baseAddr + data_table[j].offset), data_table[j].value);
 172              		.loc 1 161 0
 173 0032 3B69     		ldr	r3, [r7, #16]
 174 0034 5B00     		lsl	r3, r3, #1
 175 0036 3A68     		ldr	r2, [r7]
 176 0038 D318     		add	r3, r2, r3
 177 003a 1B78     		ldrb	r3, [r3]
 178 003c 1A1C     		mov	r2, r3
 179 003e BB68     		ldr	r3, [r7, #8]
 180 0040 D318     		add	r3, r2, r3
 181 0042 191C     		mov	r1, r3
ARM GAS  C:\Users\humon\AppData\Local\Temp\ccjAVzgg.s 			page 7


 182 0044 3B69     		ldr	r3, [r7, #16]
 183 0046 5B00     		lsl	r3, r3, #1
 184 0048 3A68     		ldr	r2, [r7]
 185 004a D318     		add	r3, r2, r3
 186 004c 5B78     		ldrb	r3, [r3, #1]
 187 004e 0B70     		strb	r3, [r1]
 162:.\Generated_Source\PSoC4/cyfitter_cfg.c **** 			j++;
 188              		.loc 1 162 0
 189 0050 3B69     		ldr	r3, [r7, #16]
 190 0052 0133     		add	r3, r3, #1
 191 0054 3B61     		str	r3, [r7, #16]
 163:.\Generated_Source\PSoC4/cyfitter_cfg.c **** 			count--;
 192              		.loc 1 163 0
 193 0056 0F23     		mov	r3, #15
 194 0058 FB18     		add	r3, r7, r3
 195 005a 1A78     		ldrb	r2, [r3]
 196 005c 0F23     		mov	r3, #15
 197 005e FB18     		add	r3, r7, r3
 198 0060 013A     		sub	r2, r2, #1
 199 0062 1A70     		strb	r2, [r3]
 200              	.L6:
 159:.\Generated_Source\PSoC4/cyfitter_cfg.c **** 		{
 201              		.loc 1 159 0
 202 0064 0F23     		mov	r3, #15
 203 0066 FB18     		add	r3, r7, r3
 204 0068 1B78     		ldrb	r3, [r3]
 205 006a 002B     		cmp	r3, #0
 206 006c E1D1     		bne	.L7
 207              	.LBE2:
 154:.\Generated_Source\PSoC4/cyfitter_cfg.c **** 	{
 208              		.loc 1 154 0 discriminator 2
 209 006e 7B69     		ldr	r3, [r7, #20]
 210 0070 0133     		add	r3, r3, #1
 211 0072 7B61     		str	r3, [r7, #20]
 212              	.L5:
 154:.\Generated_Source\PSoC4/cyfitter_cfg.c **** 	{
 213              		.loc 1 154 0 is_stmt 0 discriminator 1
 214 0074 7B69     		ldr	r3, [r7, #20]
 215 0076 002B     		cmp	r3, #0
 216 0078 CCD0     		beq	.L8
 164:.\Generated_Source\PSoC4/cyfitter_cfg.c **** 		}
 165:.\Generated_Source\PSoC4/cyfitter_cfg.c **** 	}
 166:.\Generated_Source\PSoC4/cyfitter_cfg.c **** }
 217              		.loc 1 166 0 is_stmt 1
 218 007a BD46     		mov	sp, r7
 219 007c 06B0     		add	sp, sp, #24
 220              		@ sp needed
 221 007e 80BD     		pop	{r7, pc}
 222              		.cfi_endproc
 223              	.LFE5:
 224              		.size	cfg_write_bytes32, .-cfg_write_bytes32
 225              		.section	.psocinit,"ax",%progbits
 226              		.align	2
 227              		.code	16
 228              		.thumb_func
 229              		.type	ClockSetup, %function
 230              	ClockSetup:
ARM GAS  C:\Users\humon\AppData\Local\Temp\ccjAVzgg.s 			page 8


 231              	.LFB6:
 167:.\Generated_Source\PSoC4/cyfitter_cfg.c **** 
 168:.\Generated_Source\PSoC4/cyfitter_cfg.c **** 
 169:.\Generated_Source\PSoC4/cyfitter_cfg.c **** /*******************************************************************************
 170:.\Generated_Source\PSoC4/cyfitter_cfg.c **** * Function Name: ClockSetup
 171:.\Generated_Source\PSoC4/cyfitter_cfg.c **** ********************************************************************************
 172:.\Generated_Source\PSoC4/cyfitter_cfg.c **** *
 173:.\Generated_Source\PSoC4/cyfitter_cfg.c **** * Summary:
 174:.\Generated_Source\PSoC4/cyfitter_cfg.c **** *   Performs the initialization of all of the clocks in the device based on the
 175:.\Generated_Source\PSoC4/cyfitter_cfg.c **** *   settings in the Clock tab of the DWR.  This includes enabling the requested
 176:.\Generated_Source\PSoC4/cyfitter_cfg.c **** *   clocks and setting the necessary dividers to produce the desired frequency. 
 177:.\Generated_Source\PSoC4/cyfitter_cfg.c **** *
 178:.\Generated_Source\PSoC4/cyfitter_cfg.c **** * Parameters:
 179:.\Generated_Source\PSoC4/cyfitter_cfg.c **** *   void
 180:.\Generated_Source\PSoC4/cyfitter_cfg.c **** *
 181:.\Generated_Source\PSoC4/cyfitter_cfg.c **** * Return:
 182:.\Generated_Source\PSoC4/cyfitter_cfg.c **** *   void
 183:.\Generated_Source\PSoC4/cyfitter_cfg.c **** *
 184:.\Generated_Source\PSoC4/cyfitter_cfg.c **** *******************************************************************************/
 185:.\Generated_Source\PSoC4/cyfitter_cfg.c **** static void ClockSetup(void);
 186:.\Generated_Source\PSoC4/cyfitter_cfg.c **** CY_CFG_SECTION
 187:.\Generated_Source\PSoC4/cyfitter_cfg.c **** static void ClockSetup(void)
 188:.\Generated_Source\PSoC4/cyfitter_cfg.c **** {
 232              		.loc 1 188 0
 233              		.cfi_startproc
 234 0000 80B5     		push	{r7, lr}
 235              		.cfi_def_cfa_offset 8
 236              		.cfi_offset 7, -8
 237              		.cfi_offset 14, -4
 238 0002 00AF     		add	r7, sp, #0
 239              		.cfi_def_cfa_register 7
 189:.\Generated_Source\PSoC4/cyfitter_cfg.c **** 
 190:.\Generated_Source\PSoC4/cyfitter_cfg.c **** 	/* Set Flash Cycles based on max possible frequency in case a glitch occurs during ClockSetup(). *
 191:.\Generated_Source\PSoC4/cyfitter_cfg.c **** 	CY_SET_REG32((void CYXDATA *)(CYREG_CPUSS_FLASH_CTL), (0x0012u));
 240              		.loc 1 191 0
 241 0004 264B     		ldr	r3, .L10
 242 0006 1222     		mov	r2, #18
 243 0008 1A60     		str	r2, [r3]
 192:.\Generated_Source\PSoC4/cyfitter_cfg.c **** 
 193:.\Generated_Source\PSoC4/cyfitter_cfg.c **** 	/* Start the WCO */
 194:.\Generated_Source\PSoC4/cyfitter_cfg.c **** 	CySysClkWcoStart();
 244              		.loc 1 194 0
 245 000a FFF7FEFF 		bl	CySysClkWcoStart
 195:.\Generated_Source\PSoC4/cyfitter_cfg.c **** 	CyDelayCycles(12000000u); /* WCO may take up to 500ms to start */
 246              		.loc 1 195 0
 247 000e 254B     		ldr	r3, .L10+4
 248 0010 181C     		mov	r0, r3
 249 0012 FFF7FEFF 		bl	CyDelayCycles
 196:.\Generated_Source\PSoC4/cyfitter_cfg.c **** 	(void)CySysClkWcoSetPowerMode(CY_SYS_CLK_WCO_LPM);    /* Switch to the low power mode */
 250              		.loc 1 196 0
 251 0016 0120     		mov	r0, #1
 252 0018 FFF7FEFF 		bl	CySysClkWcoSetPowerMode
 197:.\Generated_Source\PSoC4/cyfitter_cfg.c **** 
 198:.\Generated_Source\PSoC4/cyfitter_cfg.c **** 	/* Setup and trim IMO based on desired frequency. */
 199:.\Generated_Source\PSoC4/cyfitter_cfg.c **** 	CySysClkWriteImoFreq(48u);
 253              		.loc 1 199 0
 254 001c 3020     		mov	r0, #48
ARM GAS  C:\Users\humon\AppData\Local\Temp\ccjAVzgg.s 			page 9


 255 001e FFF7FEFF 		bl	CySysClkWriteImoFreq
 200:.\Generated_Source\PSoC4/cyfitter_cfg.c **** 	/* CYDEV_CLK_ILO_CONFIG Starting address: CYDEV_CLK_ILO_CONFIG */
 201:.\Generated_Source\PSoC4/cyfitter_cfg.c **** 	CY_SET_XTND_REG32((void CYFAR *)(CYREG_CLK_ILO_CONFIG), 0x80000006u);
 256              		.loc 1 201 0
 257 0022 214B     		ldr	r3, .L10+8
 258 0024 214A     		ldr	r2, .L10+12
 259 0026 1A60     		str	r2, [r3]
 202:.\Generated_Source\PSoC4/cyfitter_cfg.c **** 
 203:.\Generated_Source\PSoC4/cyfitter_cfg.c **** 	/* CYDEV_WDT_CONFIG Starting address: CYDEV_WDT_CONFIG */
 204:.\Generated_Source\PSoC4/cyfitter_cfg.c **** 	CY_SET_XTND_REG32((void CYFAR *)(CYREG_WDT_CONFIG), 0x40000000u);
 260              		.loc 1 204 0
 261 0028 214B     		ldr	r3, .L10+16
 262 002a 8022     		mov	r2, #128
 263 002c D205     		lsl	r2, r2, #23
 264 002e 1A60     		str	r2, [r3]
 205:.\Generated_Source\PSoC4/cyfitter_cfg.c **** 
 206:.\Generated_Source\PSoC4/cyfitter_cfg.c **** 
 207:.\Generated_Source\PSoC4/cyfitter_cfg.c **** 	/* Enable fast start mode for XO */
 208:.\Generated_Source\PSoC4/cyfitter_cfg.c **** 	CY_SET_REG32((void*)CYREG_BLE_BLERD_BB_XO, CY_GET_REG32((void*)CYREG_BLE_BLERD_BB_XO) | (uint32)0x
 265              		.loc 1 208 0
 266 0030 204B     		ldr	r3, .L10+20
 267 0032 204A     		ldr	r2, .L10+20
 268 0034 1268     		ldr	r2, [r2]
 269 0036 0221     		mov	r1, #2
 270 0038 0A43     		orr	r2, r1
 271 003a 1A60     		str	r2, [r3]
 209:.\Generated_Source\PSoC4/cyfitter_cfg.c **** 	CY_SET_XTND_REG32((void CYFAR *)(CYREG_BLE_BLERD_BB_XO_CAPTRIM), 0x00003E2Du);
 272              		.loc 1 209 0
 273 003c 1E4B     		ldr	r3, .L10+24
 274 003e 1F4A     		ldr	r2, .L10+28
 275 0040 1A60     		str	r2, [r3]
 210:.\Generated_Source\PSoC4/cyfitter_cfg.c **** 	/* Disable Crystal Stable Interrupt before enabling ECO */
 211:.\Generated_Source\PSoC4/cyfitter_cfg.c **** 	CY_SET_REG32((void*)CYREG_BLE_BLESS_LL_DSM_CTRL, CY_GET_REG32((void*)CYREG_BLE_BLESS_LL_DSM_CTRL) 
 276              		.loc 1 211 0
 277 0042 1F4B     		ldr	r3, .L10+32
 278 0044 1E4A     		ldr	r2, .L10+32
 279 0046 1268     		ldr	r2, [r2]
 280 0048 0821     		mov	r1, #8
 281 004a 8A43     		bic	r2, r1
 282 004c 1A60     		str	r2, [r3]
 212:.\Generated_Source\PSoC4/cyfitter_cfg.c **** 	/* Start the ECO and do not check status since it is not needed for HFCLK */
 213:.\Generated_Source\PSoC4/cyfitter_cfg.c **** 	(void)CySysClkEcoStart(2000u);
 283              		.loc 1 213 0
 284 004e FA23     		mov	r3, #250
 285 0050 DB00     		lsl	r3, r3, #3
 286 0052 181C     		mov	r0, r3
 287 0054 FFF7FEFF 		bl	CySysClkEcoStart
 214:.\Generated_Source\PSoC4/cyfitter_cfg.c **** 	CyDelayUs(1500u); /* Wait to stabalize */
 288              		.loc 1 214 0
 289 0058 1A4B     		ldr	r3, .L10+36
 290 005a 181C     		mov	r0, r3
 291 005c FFF7FEFF 		bl	CyDelayUs
 215:.\Generated_Source\PSoC4/cyfitter_cfg.c **** 
 216:.\Generated_Source\PSoC4/cyfitter_cfg.c **** 	/* Setup phase aligned clocks */
 217:.\Generated_Source\PSoC4/cyfitter_cfg.c **** 	CY_SET_REG32((void *)CYREG_PERI_DIV_16_CTL0, 0x00001D00u);
 292              		.loc 1 217 0
 293 0060 194B     		ldr	r3, .L10+40
ARM GAS  C:\Users\humon\AppData\Local\Temp\ccjAVzgg.s 			page 10


 294 0062 E822     		mov	r2, #232
 295 0064 5201     		lsl	r2, r2, #5
 296 0066 1A60     		str	r2, [r3]
 218:.\Generated_Source\PSoC4/cyfitter_cfg.c **** 	CY_SET_REG32((void *)CYREG_PERI_DIV_CMD, 0x8000FF40u);
 297              		.loc 1 218 0
 298 0068 184B     		ldr	r3, .L10+44
 299 006a 194A     		ldr	r2, .L10+48
 300 006c 1A60     		str	r2, [r3]
 219:.\Generated_Source\PSoC4/cyfitter_cfg.c **** 
 220:.\Generated_Source\PSoC4/cyfitter_cfg.c **** 	/* CYDEV_CLK_IMO_CONFIG Starting address: CYDEV_CLK_IMO_CONFIG */
 221:.\Generated_Source\PSoC4/cyfitter_cfg.c **** 	CY_SET_XTND_REG32((void CYFAR *)(CYREG_CLK_IMO_CONFIG), 0x80000000u);
 301              		.loc 1 221 0
 302 006e 194B     		ldr	r3, .L10+52
 303 0070 8022     		mov	r2, #128
 304 0072 1206     		lsl	r2, r2, #24
 305 0074 1A60     		str	r2, [r3]
 222:.\Generated_Source\PSoC4/cyfitter_cfg.c **** 
 223:.\Generated_Source\PSoC4/cyfitter_cfg.c **** 	/* CYDEV_CLK_SELECT Starting address: CYDEV_CLK_SELECT */
 224:.\Generated_Source\PSoC4/cyfitter_cfg.c **** 	CY_SET_XTND_REG32((void CYFAR *)(CYREG_CLK_SELECT), 0x00040000u);
 306              		.loc 1 224 0
 307 0076 184B     		ldr	r3, .L10+56
 308 0078 8022     		mov	r2, #128
 309 007a D202     		lsl	r2, r2, #11
 310 007c 1A60     		str	r2, [r3]
 225:.\Generated_Source\PSoC4/cyfitter_cfg.c **** 
 226:.\Generated_Source\PSoC4/cyfitter_cfg.c **** 	/* CYDEV_PERI_PCLK_CTL2 Starting address: CYDEV_PERI_PCLK_CTL2 */
 227:.\Generated_Source\PSoC4/cyfitter_cfg.c **** 	CY_SET_XTND_REG32((void CYFAR *)(CYREG_PERI_PCLK_CTL2), 0x00000040u);
 311              		.loc 1 227 0
 312 007e 174B     		ldr	r3, .L10+60
 313 0080 4022     		mov	r2, #64
 314 0082 1A60     		str	r2, [r3]
 228:.\Generated_Source\PSoC4/cyfitter_cfg.c **** 
 229:.\Generated_Source\PSoC4/cyfitter_cfg.c **** 	(void)CyIntSetVector(8u, &CySysWdtIsr);
 315              		.loc 1 229 0
 316 0084 164B     		ldr	r3, .L10+64
 317 0086 0820     		mov	r0, #8
 318 0088 191C     		mov	r1, r3
 319 008a FFF7FEFF 		bl	CyIntSetVector
 230:.\Generated_Source\PSoC4/cyfitter_cfg.c **** 	CyIntEnable(8u);
 320              		.loc 1 230 0
 321 008e 0820     		mov	r0, #8
 322 0090 FFF7FEFF 		bl	CyIntEnable
 231:.\Generated_Source\PSoC4/cyfitter_cfg.c **** 	CY_SET_XTND_REG32((void CYFAR *)(CYREG_WDT_CONFIG), 0x40000000u);
 323              		.loc 1 231 0
 324 0094 064B     		ldr	r3, .L10+16
 325 0096 8022     		mov	r2, #128
 326 0098 D205     		lsl	r2, r2, #23
 327 009a 1A60     		str	r2, [r3]
 232:.\Generated_Source\PSoC4/cyfitter_cfg.c **** }
 328              		.loc 1 232 0
 329 009c BD46     		mov	sp, r7
 330              		@ sp needed
 331 009e 80BD     		pop	{r7, pc}
 332              	.L11:
 333              		.align	2
 334              	.L10:
 335 00a0 30001040 		.word	1074790448
ARM GAS  C:\Users\humon\AppData\Local\Temp\ccjAVzgg.s 			page 11


 336 00a4 001BB700 		.word	12000000
 337 00a8 04010B40 		.word	1074462980
 338 00ac 06000080 		.word	-2147483642
 339 00b0 0C020B40 		.word	1074463244
 340 00b4 78002E40 		.word	1076756600
 341 00b8 7C002E40 		.word	1076756604
 342 00bc 2D3E0000 		.word	15917
 343 00c0 6CF02E40 		.word	1076818028
 344 00c4 DC050000 		.word	1500
 345 00c8 00030140 		.word	1073808128
 346 00cc 00000140 		.word	1073807360
 347 00d0 40FF0080 		.word	-2147418304
 348 00d4 08010B40 		.word	1074462984
 349 00d8 00010B40 		.word	1074462976
 350 00dc 08010140 		.word	1073807624
 351 00e0 00000000 		.word	CySysWdtIsr
 352              		.cfi_endproc
 353              	.LFE6:
 354              		.size	ClockSetup, .-ClockSetup
 355              		.section	.text.AnalogSetDefault,"ax",%progbits
 356              		.align	2
 357              		.code	16
 358              		.thumb_func
 359              		.type	AnalogSetDefault, %function
 360              	AnalogSetDefault:
 361              	.LFB7:
 233:.\Generated_Source\PSoC4/cyfitter_cfg.c **** 
 234:.\Generated_Source\PSoC4/cyfitter_cfg.c **** 
 235:.\Generated_Source\PSoC4/cyfitter_cfg.c **** /* Analog API Functions */
 236:.\Generated_Source\PSoC4/cyfitter_cfg.c **** 
 237:.\Generated_Source\PSoC4/cyfitter_cfg.c **** 
 238:.\Generated_Source\PSoC4/cyfitter_cfg.c **** /*******************************************************************************
 239:.\Generated_Source\PSoC4/cyfitter_cfg.c **** * Function Name: AnalogSetDefault
 240:.\Generated_Source\PSoC4/cyfitter_cfg.c **** ********************************************************************************
 241:.\Generated_Source\PSoC4/cyfitter_cfg.c **** *
 242:.\Generated_Source\PSoC4/cyfitter_cfg.c **** * Summary:
 243:.\Generated_Source\PSoC4/cyfitter_cfg.c **** *  Sets up the analog portions of the chip to default values based on chip
 244:.\Generated_Source\PSoC4/cyfitter_cfg.c **** *  configuration options from the project.
 245:.\Generated_Source\PSoC4/cyfitter_cfg.c **** *
 246:.\Generated_Source\PSoC4/cyfitter_cfg.c **** * Parameters:
 247:.\Generated_Source\PSoC4/cyfitter_cfg.c **** *  void
 248:.\Generated_Source\PSoC4/cyfitter_cfg.c **** *
 249:.\Generated_Source\PSoC4/cyfitter_cfg.c **** * Return:
 250:.\Generated_Source\PSoC4/cyfitter_cfg.c **** *  void
 251:.\Generated_Source\PSoC4/cyfitter_cfg.c **** *
 252:.\Generated_Source\PSoC4/cyfitter_cfg.c **** *******************************************************************************/
 253:.\Generated_Source\PSoC4/cyfitter_cfg.c **** static void AnalogSetDefault(void);
 254:.\Generated_Source\PSoC4/cyfitter_cfg.c **** static void AnalogSetDefault(void)
 255:.\Generated_Source\PSoC4/cyfitter_cfg.c **** {
 362              		.loc 1 255 0
 363              		.cfi_startproc
 364 0000 80B5     		push	{r7, lr}
 365              		.cfi_def_cfa_offset 8
 366              		.cfi_offset 7, -8
 367              		.cfi_offset 14, -4
 368 0002 00AF     		add	r7, sp, #0
 369              		.cfi_def_cfa_register 7
ARM GAS  C:\Users\humon\AppData\Local\Temp\ccjAVzgg.s 			page 12


 256:.\Generated_Source\PSoC4/cyfitter_cfg.c **** 	CY_SET_XTND_REG32((void CYFAR *)CYREG_CTBM0_DFT_CTRL, 0x00000003u);
 370              		.loc 1 256 0
 371 0004 054B     		ldr	r3, .L13
 372 0006 0322     		mov	r2, #3
 373 0008 1A60     		str	r2, [r3]
 257:.\Generated_Source\PSoC4/cyfitter_cfg.c **** 	CY_SET_XTND_REG32((void CYFAR *)CYREG_CTBM1_DFT_CTRL, 0x00000003u);
 374              		.loc 1 257 0
 375 000a 054B     		ldr	r3, .L13+4
 376 000c 0322     		mov	r2, #3
 377 000e 1A60     		str	r2, [r3]
 258:.\Generated_Source\PSoC4/cyfitter_cfg.c **** 	CY_SET_XTND_REG32((void CYFAR *)CYREG_PASS_DSAB_DSAB_CTRL, 0x00000000u);
 378              		.loc 1 258 0
 379 0010 044B     		ldr	r3, .L13+8
 380 0012 0022     		mov	r2, #0
 381 0014 1A60     		str	r2, [r3]
 259:.\Generated_Source\PSoC4/cyfitter_cfg.c **** }
 382              		.loc 1 259 0
 383 0016 BD46     		mov	sp, r7
 384              		@ sp needed
 385 0018 80BD     		pop	{r7, pc}
 386              	.L14:
 387 001a C046     		.align	2
 388              	.L13:
 389 001c 30003040 		.word	1076887600
 390 0020 30003140 		.word	1076953136
 391 0024 000E3F40 		.word	1077874176
 392              		.cfi_endproc
 393              	.LFE7:
 394              		.size	AnalogSetDefault, .-AnalogSetDefault
 395              		.section	.psocinit
 396              		.align	2
 397              		.global	cyfitter_cfg
 398              		.code	16
 399              		.thumb_func
 400              		.type	cyfitter_cfg, %function
 401              	cyfitter_cfg:
 402              	.LFB8:
 260:.\Generated_Source\PSoC4/cyfitter_cfg.c **** 
 261:.\Generated_Source\PSoC4/cyfitter_cfg.c **** #define CY_AMUX_UNUSED CYREG_CM0_ROM_DWT
 262:.\Generated_Source\PSoC4/cyfitter_cfg.c **** 
 263:.\Generated_Source\PSoC4/cyfitter_cfg.c **** 
 264:.\Generated_Source\PSoC4/cyfitter_cfg.c **** /*******************************************************************************
 265:.\Generated_Source\PSoC4/cyfitter_cfg.c **** * Function Name: cyfitter_cfg
 266:.\Generated_Source\PSoC4/cyfitter_cfg.c **** ********************************************************************************
 267:.\Generated_Source\PSoC4/cyfitter_cfg.c **** * Summary:
 268:.\Generated_Source\PSoC4/cyfitter_cfg.c **** *  This function is called by the start-up code for the selected device. It
 269:.\Generated_Source\PSoC4/cyfitter_cfg.c **** *  performs all of the necessary device configuration based on the design
 270:.\Generated_Source\PSoC4/cyfitter_cfg.c **** *  settings.  This includes settings from the Design Wide Resources (DWR) such
 271:.\Generated_Source\PSoC4/cyfitter_cfg.c **** *  as Clocks and Pins as well as any component configuration that is necessary.
 272:.\Generated_Source\PSoC4/cyfitter_cfg.c **** *
 273:.\Generated_Source\PSoC4/cyfitter_cfg.c **** * Parameters:  
 274:.\Generated_Source\PSoC4/cyfitter_cfg.c **** *   void
 275:.\Generated_Source\PSoC4/cyfitter_cfg.c **** *
 276:.\Generated_Source\PSoC4/cyfitter_cfg.c **** * Return:
 277:.\Generated_Source\PSoC4/cyfitter_cfg.c **** *   void
 278:.\Generated_Source\PSoC4/cyfitter_cfg.c **** *
 279:.\Generated_Source\PSoC4/cyfitter_cfg.c **** *******************************************************************************/
ARM GAS  C:\Users\humon\AppData\Local\Temp\ccjAVzgg.s 			page 13


 280:.\Generated_Source\PSoC4/cyfitter_cfg.c **** CY_CFG_SECTION
 281:.\Generated_Source\PSoC4/cyfitter_cfg.c **** void cyfitter_cfg(void)
 282:.\Generated_Source\PSoC4/cyfitter_cfg.c **** {
 403              		.loc 1 282 0
 404              		.cfi_startproc
 405 00e4 80B5     		push	{r7, lr}
 406              		.cfi_def_cfa_offset 8
 407              		.cfi_offset 7, -8
 408              		.cfi_offset 14, -4
 409 00e6 82B0     		sub	sp, sp, #8
 410              		.cfi_def_cfa_offset 16
 411 00e8 00AF     		add	r7, sp, #0
 412              		.cfi_def_cfa_register 7
 283:.\Generated_Source\PSoC4/cyfitter_cfg.c **** 	/* Disable interrupts by default. Let user enable if/when they want. */
 284:.\Generated_Source\PSoC4/cyfitter_cfg.c **** 	CyGlobalIntDisable;
 413              		.loc 1 284 0
 414              	@ 284 ".\Generated_Source\PSoC4\cyfitter_cfg.c" 1
 415 00ea 72B6     		CPSID   i
 416              	@ 0 "" 2
 285:.\Generated_Source\PSoC4/cyfitter_cfg.c **** 
 286:.\Generated_Source\PSoC4/cyfitter_cfg.c **** 	CY_SET_XTND_REG32((void CYFAR *)(CYREG_BLE_BLESS_LL_DSM_CTRL), 0x00000000u);
 417              		.loc 1 286 0
 418              		.code	16
 419 00ec 3F4B     		ldr	r3, .L18
 420 00ee 0022     		mov	r2, #0
 421 00f0 1A60     		str	r2, [r3]
 422              	.LBB3:
 287:.\Generated_Source\PSoC4/cyfitter_cfg.c **** 
 288:.\Generated_Source\PSoC4/cyfitter_cfg.c **** 	{
 289:.\Generated_Source\PSoC4/cyfitter_cfg.c **** 		static const uint32 CYCODE cy_cfg_addr_table[] = {
 290:.\Generated_Source\PSoC4/cyfitter_cfg.c **** 			0x400F6002u, /* Base address: 0x400F6000 Count: 2 */
 291:.\Generated_Source\PSoC4/cyfitter_cfg.c **** 		};
 292:.\Generated_Source\PSoC4/cyfitter_cfg.c **** 
 293:.\Generated_Source\PSoC4/cyfitter_cfg.c **** 		static const cy_cfg_addrvalue_t CYCODE cy_cfg_data_table[] = {
 294:.\Generated_Source\PSoC4/cyfitter_cfg.c **** 			{0x02u, 0x01u},
 295:.\Generated_Source\PSoC4/cyfitter_cfg.c **** 			{0x11u, 0x01u},
 296:.\Generated_Source\PSoC4/cyfitter_cfg.c **** 		};
 297:.\Generated_Source\PSoC4/cyfitter_cfg.c **** 
 298:.\Generated_Source\PSoC4/cyfitter_cfg.c **** 
 299:.\Generated_Source\PSoC4/cyfitter_cfg.c **** 
 300:.\Generated_Source\PSoC4/cyfitter_cfg.c **** 		CYPACKED typedef struct {
 301:.\Generated_Source\PSoC4/cyfitter_cfg.c **** 			void CYFAR *address;
 302:.\Generated_Source\PSoC4/cyfitter_cfg.c **** 			uint16 size;
 303:.\Generated_Source\PSoC4/cyfitter_cfg.c **** 		} CYPACKED_ATTR cfg_memset_t;
 304:.\Generated_Source\PSoC4/cyfitter_cfg.c **** 
 305:.\Generated_Source\PSoC4/cyfitter_cfg.c **** 		static const cfg_memset_t CYCODE cfg_memset_list [] = {
 306:.\Generated_Source\PSoC4/cyfitter_cfg.c **** 			/* address, size */
 307:.\Generated_Source\PSoC4/cyfitter_cfg.c **** 			{(void CYFAR *)(CYDEV_UDB_P0_U0_BASE), 1024u},
 308:.\Generated_Source\PSoC4/cyfitter_cfg.c **** 			{(void CYFAR *)(CYDEV_UDB_DSI0_BASE), 1024u},
 309:.\Generated_Source\PSoC4/cyfitter_cfg.c **** 		};
 310:.\Generated_Source\PSoC4/cyfitter_cfg.c **** 
 311:.\Generated_Source\PSoC4/cyfitter_cfg.c **** 		uint8 CYDATA i;
 312:.\Generated_Source\PSoC4/cyfitter_cfg.c **** 
 313:.\Generated_Source\PSoC4/cyfitter_cfg.c **** 		/* Zero out critical memory blocks before beginning configuration */
 314:.\Generated_Source\PSoC4/cyfitter_cfg.c **** 		for (i = 0u; i < (sizeof(cfg_memset_list)/sizeof(cfg_memset_list[0])); i++)
 423              		.loc 1 314 0
 424 00f2 FB1D     		add	r3, r7, #7
ARM GAS  C:\Users\humon\AppData\Local\Temp\ccjAVzgg.s 			page 14


 425 00f4 0022     		mov	r2, #0
 426 00f6 1A70     		strb	r2, [r3]
 427 00f8 23E0     		b	.L16
 428              	.L17:
 429              	.LBB4:
 315:.\Generated_Source\PSoC4/cyfitter_cfg.c **** 		{
 316:.\Generated_Source\PSoC4/cyfitter_cfg.c **** 			const cfg_memset_t CYCODE * CYDATA ms = &cfg_memset_list[i];
 430              		.loc 1 316 0 discriminator 3
 431 00fa FB1D     		add	r3, r7, #7
 432 00fc 1A78     		ldrb	r2, [r3]
 433 00fe 131C     		mov	r3, r2
 434 0100 5B00     		lsl	r3, r3, #1
 435 0102 9B18     		add	r3, r3, r2
 436 0104 5B00     		lsl	r3, r3, #1
 437 0106 3A4A     		ldr	r2, .L18+4
 438 0108 9B18     		add	r3, r3, r2
 439 010a 3B60     		str	r3, [r7]
 317:.\Generated_Source\PSoC4/cyfitter_cfg.c **** 			CYMEMZERO(ms->address, (size_t)(uint32)(ms->size));
 440              		.loc 1 317 0 discriminator 3
 441 010c 3B68     		ldr	r3, [r7]
 442 010e 1A78     		ldrb	r2, [r3]
 443 0110 5978     		ldrb	r1, [r3, #1]
 444 0112 0902     		lsl	r1, r1, #8
 445 0114 0A43     		orr	r2, r1
 446 0116 9978     		ldrb	r1, [r3, #2]
 447 0118 0904     		lsl	r1, r1, #16
 448 011a 0A43     		orr	r2, r1
 449 011c DB78     		ldrb	r3, [r3, #3]
 450 011e 1B06     		lsl	r3, r3, #24
 451 0120 1343     		orr	r3, r2
 452 0122 191C     		mov	r1, r3
 453 0124 3B68     		ldr	r3, [r7]
 454 0126 1A79     		ldrb	r2, [r3, #4]
 455 0128 5B79     		ldrb	r3, [r3, #5]
 456 012a 1B02     		lsl	r3, r3, #8
 457 012c 1343     		orr	r3, r2
 458 012e 9BB2     		uxth	r3, r3
 459 0130 081C     		mov	r0, r1
 460 0132 191C     		mov	r1, r3
 461 0134 FFF7FEFF 		bl	CYMEMZERO
 462              	.LBE4:
 314:.\Generated_Source\PSoC4/cyfitter_cfg.c **** 		{
 463              		.loc 1 314 0 discriminator 3
 464 0138 FB1D     		add	r3, r7, #7
 465 013a 1A78     		ldrb	r2, [r3]
 466 013c FB1D     		add	r3, r7, #7
 467 013e 0132     		add	r2, r2, #1
 468 0140 1A70     		strb	r2, [r3]
 469              	.L16:
 314:.\Generated_Source\PSoC4/cyfitter_cfg.c **** 		{
 470              		.loc 1 314 0 is_stmt 0 discriminator 1
 471 0142 FB1D     		add	r3, r7, #7
 472 0144 1B78     		ldrb	r3, [r3]
 473 0146 012B     		cmp	r3, #1
 474 0148 D7D9     		bls	.L17
 318:.\Generated_Source\PSoC4/cyfitter_cfg.c **** 		}
 319:.\Generated_Source\PSoC4/cyfitter_cfg.c **** 
ARM GAS  C:\Users\humon\AppData\Local\Temp\ccjAVzgg.s 			page 15


 320:.\Generated_Source\PSoC4/cyfitter_cfg.c **** 		cfg_write_bytes32(cy_cfg_addr_table, cy_cfg_data_table);
 475              		.loc 1 320 0 is_stmt 1
 476 014a 2A4A     		ldr	r2, .L18+8
 477 014c 2A4B     		ldr	r3, .L18+12
 478 014e 101C     		mov	r0, r2
 479 0150 191C     		mov	r1, r3
 480 0152 FFF7FEFF 		bl	cfg_write_bytes32
 321:.\Generated_Source\PSoC4/cyfitter_cfg.c **** 
 322:.\Generated_Source\PSoC4/cyfitter_cfg.c **** 		/* HSIOM Starting address: CYDEV_HSIOM_BASE */
 323:.\Generated_Source\PSoC4/cyfitter_cfg.c **** 		CY_SET_XTND_REG32((void CYFAR *)(CYDEV_HSIOM_BASE), 0xEE000000u);
 481              		.loc 1 323 0
 482 0156 294B     		ldr	r3, .L18+16
 483 0158 EE22     		mov	r2, #238
 484 015a 1206     		lsl	r2, r2, #24
 485 015c 1A60     		str	r2, [r3]
 324:.\Generated_Source\PSoC4/cyfitter_cfg.c **** 		CY_SET_XTND_REG32((void CYFAR *)(CYREG_HSIOM_PORT_SEL5), 0x000000EEu);
 486              		.loc 1 324 0
 487 015e 284B     		ldr	r3, .L18+20
 488 0160 EE22     		mov	r2, #238
 489 0162 1A60     		str	r2, [r3]
 325:.\Generated_Source\PSoC4/cyfitter_cfg.c **** 
 326:.\Generated_Source\PSoC4/cyfitter_cfg.c **** 		/* UDB_PA_0 Starting address: CYDEV_UDB_PA0_BASE */
 327:.\Generated_Source\PSoC4/cyfitter_cfg.c **** 		CY_SET_XTND_REG32((void CYFAR *)(CYDEV_UDB_PA0_BASE), 0x00990000u);
 490              		.loc 1 327 0
 491 0164 274B     		ldr	r3, .L18+24
 492 0166 9922     		mov	r2, #153
 493 0168 1204     		lsl	r2, r2, #16
 494 016a 1A60     		str	r2, [r3]
 328:.\Generated_Source\PSoC4/cyfitter_cfg.c **** 
 329:.\Generated_Source\PSoC4/cyfitter_cfg.c **** 		/* UDB_PA_3 Starting address: CYDEV_UDB_PA3_BASE */
 330:.\Generated_Source\PSoC4/cyfitter_cfg.c **** 		CY_SET_XTND_REG32((void CYFAR *)(CYDEV_UDB_PA3_BASE), 0x00990000u);
 495              		.loc 1 330 0
 496 016c 264B     		ldr	r3, .L18+28
 497 016e 9922     		mov	r2, #153
 498 0170 1204     		lsl	r2, r2, #16
 499 0172 1A60     		str	r2, [r3]
 331:.\Generated_Source\PSoC4/cyfitter_cfg.c **** 		CY_SET_XTND_REG32((void CYFAR *)(CYREG_UDB_PA3_CFG4), 0x80000000u);
 500              		.loc 1 331 0
 501 0174 254B     		ldr	r3, .L18+32
 502 0176 8022     		mov	r2, #128
 503 0178 1206     		lsl	r2, r2, #24
 504 017a 1A60     		str	r2, [r3]
 332:.\Generated_Source\PSoC4/cyfitter_cfg.c **** 
 333:.\Generated_Source\PSoC4/cyfitter_cfg.c **** 		/* Enable digital routing */
 334:.\Generated_Source\PSoC4/cyfitter_cfg.c **** 		CY_SET_XTND_REG8((void *)CYREG_UDB_UDBIF_BANK_CTL, CY_GET_XTND_REG8((void *)CYREG_UDB_UDBIF_BANK_
 505              		.loc 1 334 0
 506 017c 244A     		ldr	r2, .L18+36
 507 017e 244B     		ldr	r3, .L18+36
 508 0180 1B78     		ldrb	r3, [r3]
 509 0182 DBB2     		uxtb	r3, r3
 510 0184 0221     		mov	r1, #2
 511 0186 0B43     		orr	r3, r1
 512 0188 DBB2     		uxtb	r3, r3
 513 018a 1370     		strb	r3, [r2]
 335:.\Generated_Source\PSoC4/cyfitter_cfg.c **** 
 336:.\Generated_Source\PSoC4/cyfitter_cfg.c **** 		/* Enable UDB array */
 337:.\Generated_Source\PSoC4/cyfitter_cfg.c **** 		CY_SET_XTND_REG8((void *)CYREG_UDB_UDBIF_WAIT_CFG, (uint8)((CY_GET_XTND_REG8((void *)CYREG_UDB_UD
ARM GAS  C:\Users\humon\AppData\Local\Temp\ccjAVzgg.s 			page 16


 514              		.loc 1 337 0
 515 018c 214A     		ldr	r2, .L18+40
 516 018e 214B     		ldr	r3, .L18+40
 517 0190 1B78     		ldrb	r3, [r3]
 518 0192 DBB2     		uxtb	r3, r3
 519 0194 3C21     		mov	r1, #60
 520 0196 8B43     		bic	r3, r1
 521 0198 DBB2     		uxtb	r3, r3
 522 019a 1421     		mov	r1, #20
 523 019c 0B43     		orr	r3, r1
 524 019e DBB2     		uxtb	r3, r3
 525 01a0 1370     		strb	r3, [r2]
 338:.\Generated_Source\PSoC4/cyfitter_cfg.c **** 		CY_SET_XTND_REG8((void *)CYREG_UDB_UDBIF_BANK_CTL, (uint8)(CY_GET_XTND_REG8((void *)CYREG_UDB_UDB
 526              		.loc 1 338 0
 527 01a2 1B4A     		ldr	r2, .L18+36
 528 01a4 1A4B     		ldr	r3, .L18+36
 529 01a6 1B78     		ldrb	r3, [r3]
 530 01a8 DBB2     		uxtb	r3, r3
 531 01aa 1621     		mov	r1, #22
 532 01ac 0B43     		orr	r3, r1
 533 01ae DBB2     		uxtb	r3, r3
 534 01b0 1370     		strb	r3, [r2]
 535              	.LBE3:
 339:.\Generated_Source\PSoC4/cyfitter_cfg.c **** 	}
 340:.\Generated_Source\PSoC4/cyfitter_cfg.c **** 
 341:.\Generated_Source\PSoC4/cyfitter_cfg.c **** 	/* Perform second pass device configuration. These items must be configured in specific order afte
 342:.\Generated_Source\PSoC4/cyfitter_cfg.c **** 	/* IOPINS0_0 Starting address: CYDEV_GPIO_PRT0_BASE */
 343:.\Generated_Source\PSoC4/cyfitter_cfg.c **** 	CY_SET_XTND_REG32((void CYFAR *)(CYREG_GPIO_PRT0_PC), 0x00D80000u);
 536              		.loc 1 343 0
 537 01b2 194B     		ldr	r3, .L18+44
 538 01b4 D822     		mov	r2, #216
 539 01b6 1204     		lsl	r2, r2, #16
 540 01b8 1A60     		str	r2, [r3]
 344:.\Generated_Source\PSoC4/cyfitter_cfg.c **** 
 345:.\Generated_Source\PSoC4/cyfitter_cfg.c **** 	/* IOPINS0_3 Starting address: CYDEV_GPIO_PRT3_BASE */
 346:.\Generated_Source\PSoC4/cyfitter_cfg.c **** 	CY_SET_XTND_REG32((void CYFAR *)(CYDEV_GPIO_PRT3_BASE), 0x000000B0u);
 541              		.loc 1 346 0
 542 01ba 184B     		ldr	r3, .L18+48
 543 01bc B022     		mov	r2, #176
 544 01be 1A60     		str	r2, [r3]
 347:.\Generated_Source\PSoC4/cyfitter_cfg.c **** 	CY_SET_XTND_REG32((void CYFAR *)(CYREG_GPIO_PRT3_PC), 0x00A12000u);
 545              		.loc 1 347 0
 546 01c0 174B     		ldr	r3, .L18+52
 547 01c2 184A     		ldr	r2, .L18+56
 548 01c4 1A60     		str	r2, [r3]
 348:.\Generated_Source\PSoC4/cyfitter_cfg.c **** 
 349:.\Generated_Source\PSoC4/cyfitter_cfg.c **** 	/* IOPINS0_4 Starting address: CYDEV_GPIO_PRT4_BASE */
 350:.\Generated_Source\PSoC4/cyfitter_cfg.c **** 	CY_SET_XTND_REG32((void CYFAR *)(CYDEV_GPIO_PRT4_BASE), 0x00000002u);
 549              		.loc 1 350 0
 550 01c6 184B     		ldr	r3, .L18+60
 551 01c8 0222     		mov	r2, #2
 552 01ca 1A60     		str	r2, [r3]
 351:.\Generated_Source\PSoC4/cyfitter_cfg.c **** 	CY_SET_XTND_REG32((void CYFAR *)(CYREG_GPIO_PRT4_PC), 0x00000030u);
 553              		.loc 1 351 0
 554 01cc 174B     		ldr	r3, .L18+64
 555 01ce 3022     		mov	r2, #48
 556 01d0 1A60     		str	r2, [r3]
ARM GAS  C:\Users\humon\AppData\Local\Temp\ccjAVzgg.s 			page 17


 352:.\Generated_Source\PSoC4/cyfitter_cfg.c **** 
 353:.\Generated_Source\PSoC4/cyfitter_cfg.c **** 	/* IOPINS0_5 Starting address: CYDEV_GPIO_PRT5_BASE */
 354:.\Generated_Source\PSoC4/cyfitter_cfg.c **** 	CY_SET_XTND_REG32((void CYFAR *)(CYDEV_GPIO_PRT5_BASE), 0x00000003u);
 557              		.loc 1 354 0
 558 01d2 174B     		ldr	r3, .L18+68
 559 01d4 0322     		mov	r2, #3
 560 01d6 1A60     		str	r2, [r3]
 355:.\Generated_Source\PSoC4/cyfitter_cfg.c **** 	CY_SET_XTND_REG32((void CYFAR *)(CYREG_GPIO_PRT5_PC), 0x00000024u);
 561              		.loc 1 355 0
 562 01d8 164B     		ldr	r3, .L18+72
 563 01da 2422     		mov	r2, #36
 564 01dc 1A60     		str	r2, [r3]
 356:.\Generated_Source\PSoC4/cyfitter_cfg.c **** 
 357:.\Generated_Source\PSoC4/cyfitter_cfg.c **** 
 358:.\Generated_Source\PSoC4/cyfitter_cfg.c **** 	/* Setup clocks based on selections from Clock DWR */
 359:.\Generated_Source\PSoC4/cyfitter_cfg.c **** 	ClockSetup();
 565              		.loc 1 359 0
 566 01de FFF70FFF 		bl	ClockSetup
 360:.\Generated_Source\PSoC4/cyfitter_cfg.c **** 
 361:.\Generated_Source\PSoC4/cyfitter_cfg.c **** 	/* Perform basic analog initialization to defaults */
 362:.\Generated_Source\PSoC4/cyfitter_cfg.c **** 	AnalogSetDefault();
 567              		.loc 1 362 0
 568 01e2 FFF7FEFF 		bl	AnalogSetDefault
 363:.\Generated_Source\PSoC4/cyfitter_cfg.c **** 
 364:.\Generated_Source\PSoC4/cyfitter_cfg.c **** }
 569              		.loc 1 364 0
 570 01e6 BD46     		mov	sp, r7
 571 01e8 02B0     		add	sp, sp, #8
 572              		@ sp needed
 573 01ea 80BD     		pop	{r7, pc}
 574              	.L19:
 575              		.align	2
 576              	.L18:
 577 01ec 6CF02E40 		.word	1076818028
 578 01f0 00000000 		.word	cfg_memset_list.4781
 579 01f4 0C000000 		.word	cy_cfg_addr_table.4775
 580 01f8 10000000 		.word	cy_cfg_data_table.4776
 581 01fc 00000240 		.word	1073872896
 582 0200 00050240 		.word	1073874176
 583 0204 00500F40 		.word	1074745344
 584 0208 30500F40 		.word	1074745392
 585 020c 34500F40 		.word	1074745396
 586 0210 00700F40 		.word	1074753536
 587 0214 01700F40 		.word	1074753537
 588 0218 08000440 		.word	1074003976
 589 021c 00030440 		.word	1074004736
 590 0220 08030440 		.word	1074004744
 591 0224 0020A100 		.word	10559488
 592 0228 00040440 		.word	1074004992
 593 022c 08040440 		.word	1074005000
 594 0230 00050440 		.word	1074005248
 595 0234 08050440 		.word	1074005256
 596              		.cfi_endproc
 597              	.LFE8:
 598              		.size	cyfitter_cfg, .-cyfitter_cfg
 599              		.section	.rodata
 600              		.align	2
ARM GAS  C:\Users\humon\AppData\Local\Temp\ccjAVzgg.s 			page 18


 601              		.type	cfg_memset_list.4781, %object
 602              		.size	cfg_memset_list.4781, 12
 603              	cfg_memset_list.4781:
 604 0000 00300F40 		.word	1074737152
 605 0004 0004     		.short	1024
 606 0006 00400F40 		.4byte	1074741248
 607 000a 0004     		.short	1024
 608              		.align	2
 609              		.type	cy_cfg_addr_table.4775, %object
 610              		.size	cy_cfg_addr_table.4775, 4
 611              	cy_cfg_addr_table.4775:
 612 000c 02600F40 		.word	1074749442
 613              		.align	2
 614              		.type	cy_cfg_data_table.4776, %object
 615              		.size	cy_cfg_data_table.4776, 4
 616              	cy_cfg_data_table.4776:
 617 0010 02       		.byte	2
 618 0011 01       		.byte	1
 619 0012 11       		.byte	17
 620 0013 01       		.byte	1
 621              		.text
 622              	.Letext0:
 623              		.file 2 "c:\\program files\\cypress\\psoc creator\\3.3\\psoc creator\\import\\gnu\\arm\\4.9.3\\lib
 624              		.file 3 ".\\Generated_Source\\PSoC4\\cytypes.h"
 625              		.section	.debug_info,"",%progbits
 626              	.Ldebug_info0:
 627 0000 52030000 		.4byte	0x352
 628 0004 0400     		.2byte	0x4
 629 0006 00000000 		.4byte	.Ldebug_abbrev0
 630 000a 04       		.byte	0x4
 631 000b 01       		.uleb128 0x1
 632 000c 4D010000 		.4byte	.LASF39
 633 0010 01       		.byte	0x1
 634 0011 26020000 		.4byte	.LASF40
 635 0015 5F000000 		.4byte	.LASF41
 636 0019 00000000 		.4byte	.Ldebug_ranges0+0
 637 001d 00000000 		.4byte	0
 638 0021 00000000 		.4byte	.Ldebug_line0
 639 0025 02       		.uleb128 0x2
 640 0026 04       		.byte	0x4
 641 0027 05       		.byte	0x5
 642 0028 696E7400 		.ascii	"int\000"
 643 002c 03       		.uleb128 0x3
 644 002d 06000000 		.4byte	.LASF11
 645 0031 02       		.byte	0x2
 646 0032 D4       		.byte	0xd4
 647 0033 37000000 		.4byte	0x37
 648 0037 04       		.uleb128 0x4
 649 0038 04       		.byte	0x4
 650 0039 07       		.byte	0x7
 651 003a DB010000 		.4byte	.LASF0
 652 003e 04       		.uleb128 0x4
 653 003f 01       		.byte	0x1
 654 0040 06       		.byte	0x6
 655 0041 8E020000 		.4byte	.LASF1
 656 0045 04       		.uleb128 0x4
 657 0046 01       		.byte	0x1
ARM GAS  C:\Users\humon\AppData\Local\Temp\ccjAVzgg.s 			page 19


 658 0047 08       		.byte	0x8
 659 0048 F5000000 		.4byte	.LASF2
 660 004c 04       		.uleb128 0x4
 661 004d 02       		.byte	0x2
 662 004e 05       		.byte	0x5
 663 004f 7B020000 		.4byte	.LASF3
 664 0053 04       		.uleb128 0x4
 665 0054 02       		.byte	0x2
 666 0055 07       		.byte	0x7
 667 0056 9A020000 		.4byte	.LASF4
 668 005a 04       		.uleb128 0x4
 669 005b 04       		.byte	0x4
 670 005c 05       		.byte	0x5
 671 005d 85020000 		.4byte	.LASF5
 672 0061 04       		.uleb128 0x4
 673 0062 04       		.byte	0x4
 674 0063 07       		.byte	0x7
 675 0064 D3000000 		.4byte	.LASF6
 676 0068 04       		.uleb128 0x4
 677 0069 08       		.byte	0x8
 678 006a 05       		.byte	0x5
 679 006b 4E020000 		.4byte	.LASF7
 680 006f 04       		.uleb128 0x4
 681 0070 08       		.byte	0x8
 682 0071 07       		.byte	0x7
 683 0072 F0010000 		.4byte	.LASF8
 684 0076 04       		.uleb128 0x4
 685 0077 04       		.byte	0x4
 686 0078 07       		.byte	0x7
 687 0079 1D020000 		.4byte	.LASF9
 688 007d 05       		.uleb128 0x5
 689 007e 04       		.byte	0x4
 690 007f 04       		.uleb128 0x4
 691 0080 01       		.byte	0x1
 692 0081 08       		.byte	0x8
 693 0082 5C020000 		.4byte	.LASF10
 694 0086 06       		.uleb128 0x6
 695 0087 E5000000 		.4byte	.LASF12
 696 008b 03       		.byte	0x3
 697 008c 9801     		.2byte	0x198
 698 008e 45000000 		.4byte	0x45
 699 0092 06       		.uleb128 0x6
 700 0093 34010000 		.4byte	.LASF13
 701 0097 03       		.byte	0x3
 702 0098 9901     		.2byte	0x199
 703 009a 53000000 		.4byte	0x53
 704 009e 06       		.uleb128 0x6
 705 009f 46010000 		.4byte	.LASF14
 706 00a3 03       		.byte	0x3
 707 00a4 9A01     		.2byte	0x19a
 708 00a6 61000000 		.4byte	0x61
 709 00aa 04       		.uleb128 0x4
 710 00ab 04       		.byte	0x4
 711 00ac 04       		.byte	0x4
 712 00ad 59000000 		.4byte	.LASF15
 713 00b1 04       		.uleb128 0x4
 714 00b2 08       		.byte	0x8
ARM GAS  C:\Users\humon\AppData\Local\Temp\ccjAVzgg.s 			page 20


 715 00b3 04       		.byte	0x4
 716 00b4 03010000 		.4byte	.LASF16
 717 00b8 06       		.uleb128 0x6
 718 00b9 CE000000 		.4byte	.LASF17
 719 00bd 03       		.byte	0x3
 720 00be 4202     		.2byte	0x242
 721 00c0 C4000000 		.4byte	0xc4
 722 00c4 07       		.uleb128 0x7
 723 00c5 86000000 		.4byte	0x86
 724 00c9 06       		.uleb128 0x6
 725 00ca 00000000 		.4byte	.LASF18
 726 00ce 03       		.byte	0x3
 727 00cf 4402     		.2byte	0x244
 728 00d1 D5000000 		.4byte	0xd5
 729 00d5 07       		.uleb128 0x7
 730 00d6 9E000000 		.4byte	0x9e
 731 00da 08       		.uleb128 0x8
 732 00db 02       		.byte	0x2
 733 00dc 01       		.byte	0x1
 734 00dd 7F       		.byte	0x7f
 735 00de FB000000 		.4byte	0xfb
 736 00e2 09       		.uleb128 0x9
 737 00e3 74020000 		.4byte	.LASF19
 738 00e7 01       		.byte	0x1
 739 00e8 81       		.byte	0x81
 740 00e9 86000000 		.4byte	0x86
 741 00ed 00       		.byte	0
 742 00ee 09       		.uleb128 0x9
 743 00ef 1E000000 		.4byte	.LASF20
 744 00f3 01       		.byte	0x1
 745 00f4 82       		.byte	0x82
 746 00f5 86000000 		.4byte	0x86
 747 00f9 01       		.byte	0x1
 748 00fa 00       		.byte	0
 749 00fb 03       		.uleb128 0x3
 750 00fc 61020000 		.4byte	.LASF21
 751 0100 01       		.byte	0x1
 752 0101 83       		.byte	0x83
 753 0102 DA000000 		.4byte	0xda
 754 0106 0A       		.uleb128 0xa
 755 0107 EB000000 		.4byte	.LASF22
 756 010b 01       		.byte	0x1
 757 010c 3D       		.byte	0x3d
 758 010d 00000000 		.4byte	.LFB2
 759 0111 1E000000 		.4byte	.LFE2-.LFB2
 760 0115 01       		.uleb128 0x1
 761 0116 9C       		.byte	0x9c
 762 0117 34010000 		.4byte	0x134
 763 011b 0B       		.uleb128 0xb
 764 011c 7300     		.ascii	"s\000"
 765 011e 01       		.byte	0x1
 766 011f 3D       		.byte	0x3d
 767 0120 7D000000 		.4byte	0x7d
 768 0124 02       		.uleb128 0x2
 769 0125 91       		.byte	0x91
 770 0126 74       		.sleb128 -12
 771 0127 0B       		.uleb128 0xb
ARM GAS  C:\Users\humon\AppData\Local\Temp\ccjAVzgg.s 			page 21


 772 0128 6E00     		.ascii	"n\000"
 773 012a 01       		.byte	0x1
 774 012b 3D       		.byte	0x3d
 775 012c 2C000000 		.4byte	0x2c
 776 0130 02       		.uleb128 0x2
 777 0131 91       		.byte	0x91
 778 0132 70       		.sleb128 -16
 779 0133 00       		.byte	0
 780 0134 0A       		.uleb128 0xa
 781 0135 BD020000 		.4byte	.LASF23
 782 0139 01       		.byte	0x1
 783 013a 44       		.byte	0x44
 784 013b 00000000 		.4byte	.LFB3
 785 013f 22000000 		.4byte	.LFE3-.LFB3
 786 0143 01       		.uleb128 0x1
 787 0144 9C       		.byte	0x9c
 788 0145 72010000 		.4byte	0x172
 789 0149 0C       		.uleb128 0xc
 790 014a B4000000 		.4byte	.LASF24
 791 014e 01       		.byte	0x1
 792 014f 44       		.byte	0x44
 793 0150 7D000000 		.4byte	0x7d
 794 0154 02       		.uleb128 0x2
 795 0155 91       		.byte	0x91
 796 0156 74       		.sleb128 -12
 797 0157 0B       		.uleb128 0xb
 798 0158 73726300 		.ascii	"src\000"
 799 015c 01       		.byte	0x1
 800 015d 44       		.byte	0x44
 801 015e 72010000 		.4byte	0x172
 802 0162 02       		.uleb128 0x2
 803 0163 91       		.byte	0x91
 804 0164 70       		.sleb128 -16
 805 0165 0B       		.uleb128 0xb
 806 0166 6E00     		.ascii	"n\000"
 807 0168 01       		.byte	0x1
 808 0169 44       		.byte	0x44
 809 016a 2C000000 		.4byte	0x2c
 810 016e 02       		.uleb128 0x2
 811 016f 91       		.byte	0x91
 812 0170 6C       		.sleb128 -20
 813 0171 00       		.byte	0
 814 0172 0D       		.uleb128 0xd
 815 0173 04       		.byte	0x4
 816 0174 78010000 		.4byte	0x178
 817 0178 0E       		.uleb128 0xe
 818 0179 0A       		.uleb128 0xa
 819 017a AD020000 		.4byte	.LASF25
 820 017e 01       		.byte	0x1
 821 017f 4B       		.byte	0x4b
 822 0180 00000000 		.4byte	.LFB4
 823 0184 22000000 		.4byte	.LFE4-.LFB4
 824 0188 01       		.uleb128 0x1
 825 0189 9C       		.byte	0x9c
 826 018a B7010000 		.4byte	0x1b7
 827 018e 0C       		.uleb128 0xc
 828 018f B4000000 		.4byte	.LASF24
ARM GAS  C:\Users\humon\AppData\Local\Temp\ccjAVzgg.s 			page 22


 829 0193 01       		.byte	0x1
 830 0194 4B       		.byte	0x4b
 831 0195 7D000000 		.4byte	0x7d
 832 0199 02       		.uleb128 0x2
 833 019a 91       		.byte	0x91
 834 019b 74       		.sleb128 -12
 835 019c 0B       		.uleb128 0xb
 836 019d 73726300 		.ascii	"src\000"
 837 01a1 01       		.byte	0x1
 838 01a2 4B       		.byte	0x4b
 839 01a3 72010000 		.4byte	0x172
 840 01a7 02       		.uleb128 0x2
 841 01a8 91       		.byte	0x91
 842 01a9 70       		.sleb128 -16
 843 01aa 0B       		.uleb128 0xb
 844 01ab 6E00     		.ascii	"n\000"
 845 01ad 01       		.byte	0x1
 846 01ae 4B       		.byte	0x4b
 847 01af 2C000000 		.4byte	0x2c
 848 01b3 02       		.uleb128 0x2
 849 01b4 91       		.byte	0x91
 850 01b5 6C       		.sleb128 -20
 851 01b6 00       		.byte	0
 852 01b7 0F       		.uleb128 0xf
 853 01b8 0A010000 		.4byte	.LASF26
 854 01bc 01       		.byte	0x1
 855 01bd 96       		.byte	0x96
 856 01be 00000000 		.4byte	.LFB5
 857 01c2 80000000 		.4byte	.LFE5-.LFB5
 858 01c6 01       		.uleb128 0x1
 859 01c7 9C       		.byte	0x9c
 860 01c8 27020000 		.4byte	0x227
 861 01cc 0C       		.uleb128 0xc
 862 01cd 29010000 		.4byte	.LASF27
 863 01d1 01       		.byte	0x1
 864 01d2 96       		.byte	0x96
 865 01d3 27020000 		.4byte	0x227
 866 01d7 02       		.uleb128 0x2
 867 01d8 91       		.byte	0x91
 868 01d9 64       		.sleb128 -28
 869 01da 0C       		.uleb128 0xc
 870 01db 3B010000 		.4byte	.LASF28
 871 01df 01       		.byte	0x1
 872 01e0 96       		.byte	0x96
 873 01e1 32020000 		.4byte	0x232
 874 01e5 02       		.uleb128 0x2
 875 01e6 91       		.byte	0x91
 876 01e7 60       		.sleb128 -32
 877 01e8 10       		.uleb128 0x10
 878 01e9 6900     		.ascii	"i\000"
 879 01eb 01       		.byte	0x1
 880 01ec 99       		.byte	0x99
 881 01ed 9E000000 		.4byte	0x9e
 882 01f1 02       		.uleb128 0x2
 883 01f2 91       		.byte	0x91
 884 01f3 74       		.sleb128 -12
 885 01f4 10       		.uleb128 0x10
ARM GAS  C:\Users\humon\AppData\Local\Temp\ccjAVzgg.s 			page 23


 886 01f5 6A00     		.ascii	"j\000"
 887 01f7 01       		.byte	0x1
 888 01f8 99       		.byte	0x99
 889 01f9 9E000000 		.4byte	0x9e
 890 01fd 02       		.uleb128 0x2
 891 01fe 91       		.byte	0x91
 892 01ff 70       		.sleb128 -16
 893 0200 11       		.uleb128 0x11
 894 0201 14000000 		.4byte	.LBB2
 895 0205 5A000000 		.4byte	.LBE2-.LBB2
 896 0209 12       		.uleb128 0x12
 897 020a 14020000 		.4byte	.LASF29
 898 020e 01       		.byte	0x1
 899 020f 9C       		.byte	0x9c
 900 0210 9E000000 		.4byte	0x9e
 901 0214 02       		.uleb128 0x2
 902 0215 91       		.byte	0x91
 903 0216 68       		.sleb128 -24
 904 0217 12       		.uleb128 0x12
 905 0218 24000000 		.4byte	.LASF30
 906 021c 01       		.byte	0x1
 907 021d 9D       		.byte	0x9d
 908 021e 86000000 		.4byte	0x86
 909 0222 02       		.uleb128 0x2
 910 0223 91       		.byte	0x91
 911 0224 6F       		.sleb128 -17
 912 0225 00       		.byte	0
 913 0226 00       		.byte	0
 914 0227 0D       		.uleb128 0xd
 915 0228 04       		.byte	0x4
 916 0229 2D020000 		.4byte	0x22d
 917 022d 13       		.uleb128 0x13
 918 022e 9E000000 		.4byte	0x9e
 919 0232 0D       		.uleb128 0xd
 920 0233 04       		.byte	0x4
 921 0234 38020000 		.4byte	0x238
 922 0238 13       		.uleb128 0x13
 923 0239 FB000000 		.4byte	0xfb
 924 023d 14       		.uleb128 0x14
 925 023e 2A000000 		.4byte	.LASF31
 926 0242 01       		.byte	0x1
 927 0243 BB       		.byte	0xbb
 928 0244 00000000 		.4byte	.LFB6
 929 0248 E4000000 		.4byte	.LFE6-.LFB6
 930 024c 01       		.uleb128 0x1
 931 024d 9C       		.byte	0x9c
 932 024e 15       		.uleb128 0x15
 933 024f 0D000000 		.4byte	.LASF32
 934 0253 01       		.byte	0x1
 935 0254 FE       		.byte	0xfe
 936 0255 00000000 		.4byte	.LFB7
 937 0259 28000000 		.4byte	.LFE7-.LFB7
 938 025d 01       		.uleb128 0x1
 939 025e 9C       		.byte	0x9c
 940 025f 16       		.uleb128 0x16
 941 0260 1C010000 		.4byte	.LASF42
 942 0264 01       		.byte	0x1
ARM GAS  C:\Users\humon\AppData\Local\Temp\ccjAVzgg.s 			page 24


 943 0265 1901     		.2byte	0x119
 944 0267 E4000000 		.4byte	.LFB8
 945 026b 54010000 		.4byte	.LFE8-.LFB8
 946 026f 01       		.uleb128 0x1
 947 0270 9C       		.byte	0x9c
 948 0271 2B030000 		.4byte	0x32b
 949 0275 11       		.uleb128 0x11
 950 0276 F2000000 		.4byte	.LBB3
 951 027a C0000000 		.4byte	.LBE3-.LBB3
 952 027e 17       		.uleb128 0x17
 953 027f 35000000 		.4byte	.LASF33
 954 0283 01       		.byte	0x1
 955 0284 2101     		.2byte	0x121
 956 0286 3B030000 		.4byte	0x33b
 957 028a 05       		.uleb128 0x5
 958 028b 03       		.byte	0x3
 959 028c 0C000000 		.4byte	cy_cfg_addr_table.4775
 960 0290 17       		.uleb128 0x17
 961 0291 47000000 		.4byte	.LASF34
 962 0295 01       		.byte	0x1
 963 0296 2501     		.2byte	0x125
 964 0298 50030000 		.4byte	0x350
 965 029c 05       		.uleb128 0x5
 966 029d 03       		.byte	0x3
 967 029e 10000000 		.4byte	cy_cfg_data_table.4776
 968 02a2 18       		.uleb128 0x18
 969 02a3 06       		.byte	0x6
 970 02a4 01       		.byte	0x1
 971 02a5 2C01     		.2byte	0x12c
 972 02a7 C6020000 		.4byte	0x2c6
 973 02ab 19       		.uleb128 0x19
 974 02ac E8010000 		.4byte	.LASF35
 975 02b0 01       		.byte	0x1
 976 02b1 2D01     		.2byte	0x12d
 977 02b3 7D000000 		.4byte	0x7d
 978 02b7 00       		.byte	0
 979 02b8 19       		.uleb128 0x19
 980 02b9 C9000000 		.4byte	.LASF36
 981 02bd 01       		.byte	0x1
 982 02be 2E01     		.2byte	0x12e
 983 02c0 92000000 		.4byte	0x92
 984 02c4 04       		.byte	0x4
 985 02c5 00       		.byte	0
 986 02c6 06       		.uleb128 0x6
 987 02c7 07020000 		.4byte	.LASF37
 988 02cb 01       		.byte	0x1
 989 02cc 2F01     		.2byte	0x12f
 990 02ce A2020000 		.4byte	0x2a2
 991 02d2 1A       		.uleb128 0x1a
 992 02d3 C6020000 		.4byte	0x2c6
 993 02d7 E2020000 		.4byte	0x2e2
 994 02db 1B       		.uleb128 0x1b
 995 02dc 76000000 		.4byte	0x76
 996 02e0 01       		.byte	0x1
 997 02e1 00       		.byte	0
 998 02e2 17       		.uleb128 0x17
 999 02e3 B9000000 		.4byte	.LASF38
ARM GAS  C:\Users\humon\AppData\Local\Temp\ccjAVzgg.s 			page 25


 1000 02e7 01       		.byte	0x1
 1001 02e8 3101     		.2byte	0x131
 1002 02ea F4020000 		.4byte	0x2f4
 1003 02ee 05       		.uleb128 0x5
 1004 02ef 03       		.byte	0x3
 1005 02f0 00000000 		.4byte	cfg_memset_list.4781
 1006 02f4 13       		.uleb128 0x13
 1007 02f5 D2020000 		.4byte	0x2d2
 1008 02f9 1C       		.uleb128 0x1c
 1009 02fa 6900     		.ascii	"i\000"
 1010 02fc 01       		.byte	0x1
 1011 02fd 3701     		.2byte	0x137
 1012 02ff 86000000 		.4byte	0x86
 1013 0303 02       		.uleb128 0x2
 1014 0304 91       		.byte	0x91
 1015 0305 77       		.sleb128 -9
 1016 0306 11       		.uleb128 0x11
 1017 0307 FA000000 		.4byte	.LBB4
 1018 030b 3E000000 		.4byte	.LBE4-.LBB4
 1019 030f 1C       		.uleb128 0x1c
 1020 0310 6D7300   		.ascii	"ms\000"
 1021 0313 01       		.byte	0x1
 1022 0314 3C01     		.2byte	0x13c
 1023 0316 1D030000 		.4byte	0x31d
 1024 031a 02       		.uleb128 0x2
 1025 031b 91       		.byte	0x91
 1026 031c 70       		.sleb128 -16
 1027 031d 0D       		.uleb128 0xd
 1028 031e 04       		.byte	0x4
 1029 031f 23030000 		.4byte	0x323
 1030 0323 13       		.uleb128 0x13
 1031 0324 C6020000 		.4byte	0x2c6
 1032 0328 00       		.byte	0
 1033 0329 00       		.byte	0
 1034 032a 00       		.byte	0
 1035 032b 1A       		.uleb128 0x1a
 1036 032c 9E000000 		.4byte	0x9e
 1037 0330 3B030000 		.4byte	0x33b
 1038 0334 1B       		.uleb128 0x1b
 1039 0335 76000000 		.4byte	0x76
 1040 0339 00       		.byte	0
 1041 033a 00       		.byte	0
 1042 033b 13       		.uleb128 0x13
 1043 033c 2B030000 		.4byte	0x32b
 1044 0340 1A       		.uleb128 0x1a
 1045 0341 FB000000 		.4byte	0xfb
 1046 0345 50030000 		.4byte	0x350
 1047 0349 1B       		.uleb128 0x1b
 1048 034a 76000000 		.4byte	0x76
 1049 034e 01       		.byte	0x1
 1050 034f 00       		.byte	0
 1051 0350 13       		.uleb128 0x13
 1052 0351 40030000 		.4byte	0x340
 1053 0355 00       		.byte	0
 1054              		.section	.debug_abbrev,"",%progbits
 1055              	.Ldebug_abbrev0:
 1056 0000 01       		.uleb128 0x1
ARM GAS  C:\Users\humon\AppData\Local\Temp\ccjAVzgg.s 			page 26


 1057 0001 11       		.uleb128 0x11
 1058 0002 01       		.byte	0x1
 1059 0003 25       		.uleb128 0x25
 1060 0004 0E       		.uleb128 0xe
 1061 0005 13       		.uleb128 0x13
 1062 0006 0B       		.uleb128 0xb
 1063 0007 03       		.uleb128 0x3
 1064 0008 0E       		.uleb128 0xe
 1065 0009 1B       		.uleb128 0x1b
 1066 000a 0E       		.uleb128 0xe
 1067 000b 55       		.uleb128 0x55
 1068 000c 17       		.uleb128 0x17
 1069 000d 11       		.uleb128 0x11
 1070 000e 01       		.uleb128 0x1
 1071 000f 10       		.uleb128 0x10
 1072 0010 17       		.uleb128 0x17
 1073 0011 00       		.byte	0
 1074 0012 00       		.byte	0
 1075 0013 02       		.uleb128 0x2
 1076 0014 24       		.uleb128 0x24
 1077 0015 00       		.byte	0
 1078 0016 0B       		.uleb128 0xb
 1079 0017 0B       		.uleb128 0xb
 1080 0018 3E       		.uleb128 0x3e
 1081 0019 0B       		.uleb128 0xb
 1082 001a 03       		.uleb128 0x3
 1083 001b 08       		.uleb128 0x8
 1084 001c 00       		.byte	0
 1085 001d 00       		.byte	0
 1086 001e 03       		.uleb128 0x3
 1087 001f 16       		.uleb128 0x16
 1088 0020 00       		.byte	0
 1089 0021 03       		.uleb128 0x3
 1090 0022 0E       		.uleb128 0xe
 1091 0023 3A       		.uleb128 0x3a
 1092 0024 0B       		.uleb128 0xb
 1093 0025 3B       		.uleb128 0x3b
 1094 0026 0B       		.uleb128 0xb
 1095 0027 49       		.uleb128 0x49
 1096 0028 13       		.uleb128 0x13
 1097 0029 00       		.byte	0
 1098 002a 00       		.byte	0
 1099 002b 04       		.uleb128 0x4
 1100 002c 24       		.uleb128 0x24
 1101 002d 00       		.byte	0
 1102 002e 0B       		.uleb128 0xb
 1103 002f 0B       		.uleb128 0xb
 1104 0030 3E       		.uleb128 0x3e
 1105 0031 0B       		.uleb128 0xb
 1106 0032 03       		.uleb128 0x3
 1107 0033 0E       		.uleb128 0xe
 1108 0034 00       		.byte	0
 1109 0035 00       		.byte	0
 1110 0036 05       		.uleb128 0x5
 1111 0037 0F       		.uleb128 0xf
 1112 0038 00       		.byte	0
 1113 0039 0B       		.uleb128 0xb
ARM GAS  C:\Users\humon\AppData\Local\Temp\ccjAVzgg.s 			page 27


 1114 003a 0B       		.uleb128 0xb
 1115 003b 00       		.byte	0
 1116 003c 00       		.byte	0
 1117 003d 06       		.uleb128 0x6
 1118 003e 16       		.uleb128 0x16
 1119 003f 00       		.byte	0
 1120 0040 03       		.uleb128 0x3
 1121 0041 0E       		.uleb128 0xe
 1122 0042 3A       		.uleb128 0x3a
 1123 0043 0B       		.uleb128 0xb
 1124 0044 3B       		.uleb128 0x3b
 1125 0045 05       		.uleb128 0x5
 1126 0046 49       		.uleb128 0x49
 1127 0047 13       		.uleb128 0x13
 1128 0048 00       		.byte	0
 1129 0049 00       		.byte	0
 1130 004a 07       		.uleb128 0x7
 1131 004b 35       		.uleb128 0x35
 1132 004c 00       		.byte	0
 1133 004d 49       		.uleb128 0x49
 1134 004e 13       		.uleb128 0x13
 1135 004f 00       		.byte	0
 1136 0050 00       		.byte	0
 1137 0051 08       		.uleb128 0x8
 1138 0052 13       		.uleb128 0x13
 1139 0053 01       		.byte	0x1
 1140 0054 0B       		.uleb128 0xb
 1141 0055 0B       		.uleb128 0xb
 1142 0056 3A       		.uleb128 0x3a
 1143 0057 0B       		.uleb128 0xb
 1144 0058 3B       		.uleb128 0x3b
 1145 0059 0B       		.uleb128 0xb
 1146 005a 01       		.uleb128 0x1
 1147 005b 13       		.uleb128 0x13
 1148 005c 00       		.byte	0
 1149 005d 00       		.byte	0
 1150 005e 09       		.uleb128 0x9
 1151 005f 0D       		.uleb128 0xd
 1152 0060 00       		.byte	0
 1153 0061 03       		.uleb128 0x3
 1154 0062 0E       		.uleb128 0xe
 1155 0063 3A       		.uleb128 0x3a
 1156 0064 0B       		.uleb128 0xb
 1157 0065 3B       		.uleb128 0x3b
 1158 0066 0B       		.uleb128 0xb
 1159 0067 49       		.uleb128 0x49
 1160 0068 13       		.uleb128 0x13
 1161 0069 38       		.uleb128 0x38
 1162 006a 0B       		.uleb128 0xb
 1163 006b 00       		.byte	0
 1164 006c 00       		.byte	0
 1165 006d 0A       		.uleb128 0xa
 1166 006e 2E       		.uleb128 0x2e
 1167 006f 01       		.byte	0x1
 1168 0070 03       		.uleb128 0x3
 1169 0071 0E       		.uleb128 0xe
 1170 0072 3A       		.uleb128 0x3a
ARM GAS  C:\Users\humon\AppData\Local\Temp\ccjAVzgg.s 			page 28


 1171 0073 0B       		.uleb128 0xb
 1172 0074 3B       		.uleb128 0x3b
 1173 0075 0B       		.uleb128 0xb
 1174 0076 27       		.uleb128 0x27
 1175 0077 19       		.uleb128 0x19
 1176 0078 11       		.uleb128 0x11
 1177 0079 01       		.uleb128 0x1
 1178 007a 12       		.uleb128 0x12
 1179 007b 06       		.uleb128 0x6
 1180 007c 40       		.uleb128 0x40
 1181 007d 18       		.uleb128 0x18
 1182 007e 9642     		.uleb128 0x2116
 1183 0080 19       		.uleb128 0x19
 1184 0081 01       		.uleb128 0x1
 1185 0082 13       		.uleb128 0x13
 1186 0083 00       		.byte	0
 1187 0084 00       		.byte	0
 1188 0085 0B       		.uleb128 0xb
 1189 0086 05       		.uleb128 0x5
 1190 0087 00       		.byte	0
 1191 0088 03       		.uleb128 0x3
 1192 0089 08       		.uleb128 0x8
 1193 008a 3A       		.uleb128 0x3a
 1194 008b 0B       		.uleb128 0xb
 1195 008c 3B       		.uleb128 0x3b
 1196 008d 0B       		.uleb128 0xb
 1197 008e 49       		.uleb128 0x49
 1198 008f 13       		.uleb128 0x13
 1199 0090 02       		.uleb128 0x2
 1200 0091 18       		.uleb128 0x18
 1201 0092 00       		.byte	0
 1202 0093 00       		.byte	0
 1203 0094 0C       		.uleb128 0xc
 1204 0095 05       		.uleb128 0x5
 1205 0096 00       		.byte	0
 1206 0097 03       		.uleb128 0x3
 1207 0098 0E       		.uleb128 0xe
 1208 0099 3A       		.uleb128 0x3a
 1209 009a 0B       		.uleb128 0xb
 1210 009b 3B       		.uleb128 0x3b
 1211 009c 0B       		.uleb128 0xb
 1212 009d 49       		.uleb128 0x49
 1213 009e 13       		.uleb128 0x13
 1214 009f 02       		.uleb128 0x2
 1215 00a0 18       		.uleb128 0x18
 1216 00a1 00       		.byte	0
 1217 00a2 00       		.byte	0
 1218 00a3 0D       		.uleb128 0xd
 1219 00a4 0F       		.uleb128 0xf
 1220 00a5 00       		.byte	0
 1221 00a6 0B       		.uleb128 0xb
 1222 00a7 0B       		.uleb128 0xb
 1223 00a8 49       		.uleb128 0x49
 1224 00a9 13       		.uleb128 0x13
 1225 00aa 00       		.byte	0
 1226 00ab 00       		.byte	0
 1227 00ac 0E       		.uleb128 0xe
ARM GAS  C:\Users\humon\AppData\Local\Temp\ccjAVzgg.s 			page 29


 1228 00ad 26       		.uleb128 0x26
 1229 00ae 00       		.byte	0
 1230 00af 00       		.byte	0
 1231 00b0 00       		.byte	0
 1232 00b1 0F       		.uleb128 0xf
 1233 00b2 2E       		.uleb128 0x2e
 1234 00b3 01       		.byte	0x1
 1235 00b4 03       		.uleb128 0x3
 1236 00b5 0E       		.uleb128 0xe
 1237 00b6 3A       		.uleb128 0x3a
 1238 00b7 0B       		.uleb128 0xb
 1239 00b8 3B       		.uleb128 0x3b
 1240 00b9 0B       		.uleb128 0xb
 1241 00ba 27       		.uleb128 0x27
 1242 00bb 19       		.uleb128 0x19
 1243 00bc 11       		.uleb128 0x11
 1244 00bd 01       		.uleb128 0x1
 1245 00be 12       		.uleb128 0x12
 1246 00bf 06       		.uleb128 0x6
 1247 00c0 40       		.uleb128 0x40
 1248 00c1 18       		.uleb128 0x18
 1249 00c2 9742     		.uleb128 0x2117
 1250 00c4 19       		.uleb128 0x19
 1251 00c5 01       		.uleb128 0x1
 1252 00c6 13       		.uleb128 0x13
 1253 00c7 00       		.byte	0
 1254 00c8 00       		.byte	0
 1255 00c9 10       		.uleb128 0x10
 1256 00ca 34       		.uleb128 0x34
 1257 00cb 00       		.byte	0
 1258 00cc 03       		.uleb128 0x3
 1259 00cd 08       		.uleb128 0x8
 1260 00ce 3A       		.uleb128 0x3a
 1261 00cf 0B       		.uleb128 0xb
 1262 00d0 3B       		.uleb128 0x3b
 1263 00d1 0B       		.uleb128 0xb
 1264 00d2 49       		.uleb128 0x49
 1265 00d3 13       		.uleb128 0x13
 1266 00d4 02       		.uleb128 0x2
 1267 00d5 18       		.uleb128 0x18
 1268 00d6 00       		.byte	0
 1269 00d7 00       		.byte	0
 1270 00d8 11       		.uleb128 0x11
 1271 00d9 0B       		.uleb128 0xb
 1272 00da 01       		.byte	0x1
 1273 00db 11       		.uleb128 0x11
 1274 00dc 01       		.uleb128 0x1
 1275 00dd 12       		.uleb128 0x12
 1276 00de 06       		.uleb128 0x6
 1277 00df 00       		.byte	0
 1278 00e0 00       		.byte	0
 1279 00e1 12       		.uleb128 0x12
 1280 00e2 34       		.uleb128 0x34
 1281 00e3 00       		.byte	0
 1282 00e4 03       		.uleb128 0x3
 1283 00e5 0E       		.uleb128 0xe
 1284 00e6 3A       		.uleb128 0x3a
ARM GAS  C:\Users\humon\AppData\Local\Temp\ccjAVzgg.s 			page 30


 1285 00e7 0B       		.uleb128 0xb
 1286 00e8 3B       		.uleb128 0x3b
 1287 00e9 0B       		.uleb128 0xb
 1288 00ea 49       		.uleb128 0x49
 1289 00eb 13       		.uleb128 0x13
 1290 00ec 02       		.uleb128 0x2
 1291 00ed 18       		.uleb128 0x18
 1292 00ee 00       		.byte	0
 1293 00ef 00       		.byte	0
 1294 00f0 13       		.uleb128 0x13
 1295 00f1 26       		.uleb128 0x26
 1296 00f2 00       		.byte	0
 1297 00f3 49       		.uleb128 0x49
 1298 00f4 13       		.uleb128 0x13
 1299 00f5 00       		.byte	0
 1300 00f6 00       		.byte	0
 1301 00f7 14       		.uleb128 0x14
 1302 00f8 2E       		.uleb128 0x2e
 1303 00f9 00       		.byte	0
 1304 00fa 03       		.uleb128 0x3
 1305 00fb 0E       		.uleb128 0xe
 1306 00fc 3A       		.uleb128 0x3a
 1307 00fd 0B       		.uleb128 0xb
 1308 00fe 3B       		.uleb128 0x3b
 1309 00ff 0B       		.uleb128 0xb
 1310 0100 27       		.uleb128 0x27
 1311 0101 19       		.uleb128 0x19
 1312 0102 11       		.uleb128 0x11
 1313 0103 01       		.uleb128 0x1
 1314 0104 12       		.uleb128 0x12
 1315 0105 06       		.uleb128 0x6
 1316 0106 40       		.uleb128 0x40
 1317 0107 18       		.uleb128 0x18
 1318 0108 9642     		.uleb128 0x2116
 1319 010a 19       		.uleb128 0x19
 1320 010b 00       		.byte	0
 1321 010c 00       		.byte	0
 1322 010d 15       		.uleb128 0x15
 1323 010e 2E       		.uleb128 0x2e
 1324 010f 00       		.byte	0
 1325 0110 03       		.uleb128 0x3
 1326 0111 0E       		.uleb128 0xe
 1327 0112 3A       		.uleb128 0x3a
 1328 0113 0B       		.uleb128 0xb
 1329 0114 3B       		.uleb128 0x3b
 1330 0115 0B       		.uleb128 0xb
 1331 0116 27       		.uleb128 0x27
 1332 0117 19       		.uleb128 0x19
 1333 0118 11       		.uleb128 0x11
 1334 0119 01       		.uleb128 0x1
 1335 011a 12       		.uleb128 0x12
 1336 011b 06       		.uleb128 0x6
 1337 011c 40       		.uleb128 0x40
 1338 011d 18       		.uleb128 0x18
 1339 011e 9742     		.uleb128 0x2117
 1340 0120 19       		.uleb128 0x19
 1341 0121 00       		.byte	0
ARM GAS  C:\Users\humon\AppData\Local\Temp\ccjAVzgg.s 			page 31


 1342 0122 00       		.byte	0
 1343 0123 16       		.uleb128 0x16
 1344 0124 2E       		.uleb128 0x2e
 1345 0125 01       		.byte	0x1
 1346 0126 3F       		.uleb128 0x3f
 1347 0127 19       		.uleb128 0x19
 1348 0128 03       		.uleb128 0x3
 1349 0129 0E       		.uleb128 0xe
 1350 012a 3A       		.uleb128 0x3a
 1351 012b 0B       		.uleb128 0xb
 1352 012c 3B       		.uleb128 0x3b
 1353 012d 05       		.uleb128 0x5
 1354 012e 27       		.uleb128 0x27
 1355 012f 19       		.uleb128 0x19
 1356 0130 11       		.uleb128 0x11
 1357 0131 01       		.uleb128 0x1
 1358 0132 12       		.uleb128 0x12
 1359 0133 06       		.uleb128 0x6
 1360 0134 40       		.uleb128 0x40
 1361 0135 18       		.uleb128 0x18
 1362 0136 9642     		.uleb128 0x2116
 1363 0138 19       		.uleb128 0x19
 1364 0139 01       		.uleb128 0x1
 1365 013a 13       		.uleb128 0x13
 1366 013b 00       		.byte	0
 1367 013c 00       		.byte	0
 1368 013d 17       		.uleb128 0x17
 1369 013e 34       		.uleb128 0x34
 1370 013f 00       		.byte	0
 1371 0140 03       		.uleb128 0x3
 1372 0141 0E       		.uleb128 0xe
 1373 0142 3A       		.uleb128 0x3a
 1374 0143 0B       		.uleb128 0xb
 1375 0144 3B       		.uleb128 0x3b
 1376 0145 05       		.uleb128 0x5
 1377 0146 49       		.uleb128 0x49
 1378 0147 13       		.uleb128 0x13
 1379 0148 02       		.uleb128 0x2
 1380 0149 18       		.uleb128 0x18
 1381 014a 00       		.byte	0
 1382 014b 00       		.byte	0
 1383 014c 18       		.uleb128 0x18
 1384 014d 13       		.uleb128 0x13
 1385 014e 01       		.byte	0x1
 1386 014f 0B       		.uleb128 0xb
 1387 0150 0B       		.uleb128 0xb
 1388 0151 3A       		.uleb128 0x3a
 1389 0152 0B       		.uleb128 0xb
 1390 0153 3B       		.uleb128 0x3b
 1391 0154 05       		.uleb128 0x5
 1392 0155 01       		.uleb128 0x1
 1393 0156 13       		.uleb128 0x13
 1394 0157 00       		.byte	0
 1395 0158 00       		.byte	0
 1396 0159 19       		.uleb128 0x19
 1397 015a 0D       		.uleb128 0xd
 1398 015b 00       		.byte	0
ARM GAS  C:\Users\humon\AppData\Local\Temp\ccjAVzgg.s 			page 32


 1399 015c 03       		.uleb128 0x3
 1400 015d 0E       		.uleb128 0xe
 1401 015e 3A       		.uleb128 0x3a
 1402 015f 0B       		.uleb128 0xb
 1403 0160 3B       		.uleb128 0x3b
 1404 0161 05       		.uleb128 0x5
 1405 0162 49       		.uleb128 0x49
 1406 0163 13       		.uleb128 0x13
 1407 0164 38       		.uleb128 0x38
 1408 0165 0B       		.uleb128 0xb
 1409 0166 00       		.byte	0
 1410 0167 00       		.byte	0
 1411 0168 1A       		.uleb128 0x1a
 1412 0169 01       		.uleb128 0x1
 1413 016a 01       		.byte	0x1
 1414 016b 49       		.uleb128 0x49
 1415 016c 13       		.uleb128 0x13
 1416 016d 01       		.uleb128 0x1
 1417 016e 13       		.uleb128 0x13
 1418 016f 00       		.byte	0
 1419 0170 00       		.byte	0
 1420 0171 1B       		.uleb128 0x1b
 1421 0172 21       		.uleb128 0x21
 1422 0173 00       		.byte	0
 1423 0174 49       		.uleb128 0x49
 1424 0175 13       		.uleb128 0x13
 1425 0176 2F       		.uleb128 0x2f
 1426 0177 0B       		.uleb128 0xb
 1427 0178 00       		.byte	0
 1428 0179 00       		.byte	0
 1429 017a 1C       		.uleb128 0x1c
 1430 017b 34       		.uleb128 0x34
 1431 017c 00       		.byte	0
 1432 017d 03       		.uleb128 0x3
 1433 017e 08       		.uleb128 0x8
 1434 017f 3A       		.uleb128 0x3a
 1435 0180 0B       		.uleb128 0xb
 1436 0181 3B       		.uleb128 0x3b
 1437 0182 05       		.uleb128 0x5
 1438 0183 49       		.uleb128 0x49
 1439 0184 13       		.uleb128 0x13
 1440 0185 02       		.uleb128 0x2
 1441 0186 18       		.uleb128 0x18
 1442 0187 00       		.byte	0
 1443 0188 00       		.byte	0
 1444 0189 00       		.byte	0
 1445              		.section	.debug_aranges,"",%progbits
 1446 0000 4C000000 		.4byte	0x4c
 1447 0004 0200     		.2byte	0x2
 1448 0006 00000000 		.4byte	.Ldebug_info0
 1449 000a 04       		.byte	0x4
 1450 000b 00       		.byte	0
 1451 000c 0000     		.2byte	0
 1452 000e 0000     		.2byte	0
 1453 0010 00000000 		.4byte	.LFB2
 1454 0014 1E000000 		.4byte	.LFE2-.LFB2
 1455 0018 00000000 		.4byte	.LFB3
ARM GAS  C:\Users\humon\AppData\Local\Temp\ccjAVzgg.s 			page 33


 1456 001c 22000000 		.4byte	.LFE3-.LFB3
 1457 0020 00000000 		.4byte	.LFB4
 1458 0024 22000000 		.4byte	.LFE4-.LFB4
 1459 0028 00000000 		.4byte	.LFB5
 1460 002c 80000000 		.4byte	.LFE5-.LFB5
 1461 0030 00000000 		.4byte	.LFB6
 1462 0034 E4000000 		.4byte	.LFE6-.LFB6
 1463 0038 00000000 		.4byte	.LFB7
 1464 003c 28000000 		.4byte	.LFE7-.LFB7
 1465 0040 E4000000 		.4byte	.LFB8
 1466 0044 54010000 		.4byte	.LFE8-.LFB8
 1467 0048 00000000 		.4byte	0
 1468 004c 00000000 		.4byte	0
 1469              		.section	.debug_ranges,"",%progbits
 1470              	.Ldebug_ranges0:
 1471 0000 00000000 		.4byte	.LFB2
 1472 0004 1E000000 		.4byte	.LFE2
 1473 0008 00000000 		.4byte	.LFB3
 1474 000c 22000000 		.4byte	.LFE3
 1475 0010 00000000 		.4byte	.LFB4
 1476 0014 22000000 		.4byte	.LFE4
 1477 0018 00000000 		.4byte	.LFB5
 1478 001c 80000000 		.4byte	.LFE5
 1479 0020 00000000 		.4byte	.LFB6
 1480 0024 E4000000 		.4byte	.LFE6
 1481 0028 00000000 		.4byte	.LFB7
 1482 002c 28000000 		.4byte	.LFE7
 1483 0030 E4000000 		.4byte	.LFB8
 1484 0034 38020000 		.4byte	.LFE8
 1485 0038 00000000 		.4byte	0
 1486 003c 00000000 		.4byte	0
 1487              		.section	.debug_line,"",%progbits
 1488              	.Ldebug_line0:
 1489 0000 98010000 		.section	.debug_str,"MS",%progbits,1
 1489      0200C700 
 1489      00000201 
 1489      FB0E0D00 
 1489      01010101 
 1490              	.LASF18:
 1491 0000 72656733 		.ascii	"reg32\000"
 1491      3200
 1492              	.LASF11:
 1493 0006 73697A65 		.ascii	"size_t\000"
 1493      5F7400
 1494              	.LASF32:
 1495 000d 416E616C 		.ascii	"AnalogSetDefault\000"
 1495      6F675365 
 1495      74446566 
 1495      61756C74 
 1495      00
 1496              	.LASF20:
 1497 001e 76616C75 		.ascii	"value\000"
 1497      6500
 1498              	.LASF30:
 1499 0024 636F756E 		.ascii	"count\000"
 1499      7400
 1500              	.LASF31:
ARM GAS  C:\Users\humon\AppData\Local\Temp\ccjAVzgg.s 			page 34


 1501 002a 436C6F63 		.ascii	"ClockSetup\000"
 1501      6B536574 
 1501      757000
 1502              	.LASF33:
 1503 0035 63795F63 		.ascii	"cy_cfg_addr_table\000"
 1503      66675F61 
 1503      6464725F 
 1503      7461626C 
 1503      6500
 1504              	.LASF34:
 1505 0047 63795F63 		.ascii	"cy_cfg_data_table\000"
 1505      66675F64 
 1505      6174615F 
 1505      7461626C 
 1505      6500
 1506              	.LASF15:
 1507 0059 666C6F61 		.ascii	"float\000"
 1507      7400
 1508              	.LASF41:
 1509 005f 433A5C55 		.ascii	"C:\\Users\\humon\\Desktop\\CypressMinimal\\MinimalF"
 1509      73657273 
 1509      5C68756D 
 1509      6F6E5C44 
 1509      65736B74 
 1510 008d 69726D77 		.ascii	"irmwareWorkspace\\MinimalFirmware.cydsn\000"
 1510      61726557 
 1510      6F726B73 
 1510      70616365 
 1510      5C4D696E 
 1511              	.LASF24:
 1512 00b4 64657374 		.ascii	"dest\000"
 1512      00
 1513              	.LASF38:
 1514 00b9 6366675F 		.ascii	"cfg_memset_list\000"
 1514      6D656D73 
 1514      65745F6C 
 1514      69737400 
 1515              	.LASF36:
 1516 00c9 73697A65 		.ascii	"size\000"
 1516      00
 1517              	.LASF17:
 1518 00ce 72656738 		.ascii	"reg8\000"
 1518      00
 1519              	.LASF6:
 1520 00d3 6C6F6E67 		.ascii	"long unsigned int\000"
 1520      20756E73 
 1520      69676E65 
 1520      6420696E 
 1520      7400
 1521              	.LASF12:
 1522 00e5 75696E74 		.ascii	"uint8\000"
 1522      3800
 1523              	.LASF22:
 1524 00eb 43594D45 		.ascii	"CYMEMZERO\000"
 1524      4D5A4552 
 1524      4F00
 1525              	.LASF2:
ARM GAS  C:\Users\humon\AppData\Local\Temp\ccjAVzgg.s 			page 35


 1526 00f5 756E7369 		.ascii	"unsigned char\000"
 1526      676E6564 
 1526      20636861 
 1526      7200
 1527              	.LASF16:
 1528 0103 646F7562 		.ascii	"double\000"
 1528      6C6500
 1529              	.LASF26:
 1530 010a 6366675F 		.ascii	"cfg_write_bytes32\000"
 1530      77726974 
 1530      655F6279 
 1530      74657333 
 1530      3200
 1531              	.LASF42:
 1532 011c 63796669 		.ascii	"cyfitter_cfg\000"
 1532      74746572 
 1532      5F636667 
 1532      00
 1533              	.LASF27:
 1534 0129 61646472 		.ascii	"addr_table\000"
 1534      5F746162 
 1534      6C6500
 1535              	.LASF13:
 1536 0134 75696E74 		.ascii	"uint16\000"
 1536      313600
 1537              	.LASF28:
 1538 013b 64617461 		.ascii	"data_table\000"
 1538      5F746162 
 1538      6C6500
 1539              	.LASF14:
 1540 0146 75696E74 		.ascii	"uint32\000"
 1540      333200
 1541              	.LASF39:
 1542 014d 474E5520 		.ascii	"GNU C 4.9.3 20150303 (release) [ARM/embedded-4_9-br"
 1542      4320342E 
 1542      392E3320 
 1542      32303135 
 1542      30333033 
 1543 0180 616E6368 		.ascii	"anch revision 221220] -mcpu=cortex-m0 -mthumb -g -O"
 1543      20726576 
 1543      6973696F 
 1543      6E203232 
 1543      31323230 
 1544 01b3 30202D66 		.ascii	"0 -ffunction-sections -ffat-lto-objects\000"
 1544      66756E63 
 1544      74696F6E 
 1544      2D736563 
 1544      74696F6E 
 1545              	.LASF0:
 1546 01db 756E7369 		.ascii	"unsigned int\000"
 1546      676E6564 
 1546      20696E74 
 1546      00
 1547              	.LASF35:
 1548 01e8 61646472 		.ascii	"address\000"
 1548      65737300 
 1549              	.LASF8:
ARM GAS  C:\Users\humon\AppData\Local\Temp\ccjAVzgg.s 			page 36


 1550 01f0 6C6F6E67 		.ascii	"long long unsigned int\000"
 1550      206C6F6E 
 1550      6720756E 
 1550      7369676E 
 1550      65642069 
 1551              	.LASF37:
 1552 0207 6366675F 		.ascii	"cfg_memset_t\000"
 1552      6D656D73 
 1552      65745F74 
 1552      00
 1553              	.LASF29:
 1554 0214 62617365 		.ascii	"baseAddr\000"
 1554      41646472 
 1554      00
 1555              	.LASF9:
 1556 021d 73697A65 		.ascii	"sizetype\000"
 1556      74797065 
 1556      00
 1557              	.LASF40:
 1558 0226 2E5C4765 		.ascii	".\\Generated_Source\\PSoC4\\cyfitter_cfg.c\000"
 1558      6E657261 
 1558      7465645F 
 1558      536F7572 
 1558      63655C50 
 1559              	.LASF7:
 1560 024e 6C6F6E67 		.ascii	"long long int\000"
 1560      206C6F6E 
 1560      6720696E 
 1560      7400
 1561              	.LASF10:
 1562 025c 63686172 		.ascii	"char\000"
 1562      00
 1563              	.LASF21:
 1564 0261 63795F63 		.ascii	"cy_cfg_addrvalue_t\000"
 1564      66675F61 
 1564      64647276 
 1564      616C7565 
 1564      5F7400
 1565              	.LASF19:
 1566 0274 6F666673 		.ascii	"offset\000"
 1566      657400
 1567              	.LASF3:
 1568 027b 73686F72 		.ascii	"short int\000"
 1568      7420696E 
 1568      7400
 1569              	.LASF5:
 1570 0285 6C6F6E67 		.ascii	"long int\000"
 1570      20696E74 
 1570      00
 1571              	.LASF1:
 1572 028e 7369676E 		.ascii	"signed char\000"
 1572      65642063 
 1572      68617200 
 1573              	.LASF4:
 1574 029a 73686F72 		.ascii	"short unsigned int\000"
 1574      7420756E 
 1574      7369676E 
ARM GAS  C:\Users\humon\AppData\Local\Temp\ccjAVzgg.s 			page 37


 1574      65642069 
 1574      6E7400
 1575              	.LASF25:
 1576 02ad 4359434F 		.ascii	"CYCONFIGCPYCODE\000"
 1576      4E464947 
 1576      43505943 
 1576      4F444500 
 1577              	.LASF23:
 1578 02bd 4359434F 		.ascii	"CYCONFIGCPY\000"
 1578      4E464947 
 1578      43505900 
 1579              		.ident	"GCC: (GNU Tools for ARM Embedded Processors) 4.9.3 20150303 (release) [ARM/embedded-4_9-br
