--------------- Rebuild Started: 07/20/2016 17:30:14 Project: MinimalFirmware, Configuration: ARM GCC 4.9-2015-q1-update Debug ---------------
Deleting file ".\CortexM0\ARM_GCC_493\Debug\main.o"
Deleting file ".\CortexM0\ARM_GCC_493\Debug\I2C.o"
Deleting file ".\CortexM0\ARM_GCC_493\Debug\LED.o"
Deleting file ".\CortexM0\ARM_GCC_493\Debug\cyfitter_cfg.o"
Deleting file ".\CortexM0\ARM_GCC_493\Debug\cymetadata.o"
Deleting file ".\CortexM0\ARM_GCC_493\Debug\BLE.o"
Deleting file ".\CortexM0\ARM_GCC_493\Debug\BLE_gatt.o"
Deleting file ".\CortexM0\ARM_GCC_493\Debug\BLE_eventHandler.o"
Deleting file ".\CortexM0\ARM_GCC_493\Debug\BLE_HAL_INT.o"
Deleting file ".\CortexM0\ARM_GCC_493\Debug\BLE_HAL_PVT.o"
Deleting file ".\CortexM0\ARM_GCC_493\Debug\BLE_custom.o"
Deleting file ".\CortexM0\ARM_GCC_493\Debug\BLE_bless_isr.o"
Deleting file ".\CortexM0\ARM_GCC_493\Debug\Cm0Start.o"
Deleting file ".\CortexM0\ARM_GCC_493\Debug\CyBootAsmGnu.o"
Deleting file ".\CortexM0\ARM_GCC_493\Debug\CyFlash.o"
Deleting file ".\CortexM0\ARM_GCC_493\Debug\CyLib.o"
Deleting file ".\CortexM0\ARM_GCC_493\Debug\cyPm.o"
Deleting file ".\CortexM0\ARM_GCC_493\Debug\cyutils.o"
Deleting file ".\CortexM0\ARM_GCC_493\Debug\CyLFClk.o"
Deleting file ".\CortexM0\ARM_GCC_493\Debug\POWER_HOLD.o"
Deleting file ".\CortexM0\ARM_GCC_493\Debug\POWER_HOLD_PM.o"
Deleting file ".\CortexM0\ARM_GCC_493\Debug\CHARGE_STATUS.o"
Deleting file ".\CortexM0\ARM_GCC_493\Debug\CHARGE_STATUS_PM.o"
Deleting file ".\CortexM0\ARM_GCC_493\Debug\POWER_BUTTON_IN.o"
Deleting file ".\CortexM0\ARM_GCC_493\Debug\POWER_BUTTON_IN_PM.o"
Deleting file ".\CortexM0\ARM_GCC_493\Debug\START_BUTTON_IN.o"
Deleting file ".\CortexM0\ARM_GCC_493\Debug\START_BUTTON_IN_PM.o"
Deleting file ".\CortexM0\ARM_GCC_493\Debug\I2CM.o"
Deleting file ".\CortexM0\ARM_GCC_493\Debug\I2CM_I2C_INT.o"
Deleting file ".\CortexM0\ARM_GCC_493\Debug\I2CM_I2C.o"
Deleting file ".\CortexM0\ARM_GCC_493\Debug\I2CM_I2C_BOOT.o"
Deleting file ".\CortexM0\ARM_GCC_493\Debug\I2CM_I2C_MASTER.o"
Deleting file ".\CortexM0\ARM_GCC_493\Debug\I2CM_PM.o"
Deleting file ".\CortexM0\ARM_GCC_493\Debug\I2CM_BOOT.o"
Deleting file ".\CortexM0\ARM_GCC_493\Debug\I2CM_SCBCLK.o"
Deleting file ".\CortexM0\ARM_GCC_493\Debug\I2CM_sda.o"
Deleting file ".\CortexM0\ARM_GCC_493\Debug\I2CM_sda_PM.o"
Deleting file ".\CortexM0\ARM_GCC_493\Debug\I2CM_scl.o"
Deleting file ".\CortexM0\ARM_GCC_493\Debug\I2CM_scl_PM.o"
Deleting file ".\CortexM0\ARM_GCC_493\Debug\I2CM_SCB_IRQ.o"
Deleting file ".\CortexM0\ARM_GCC_493\Debug\MinimalFirmware.hex"
Deleting file ".\CortexM0\ARM_GCC_493\Debug\MinimalFirmware.elf"
Deleting file ".\CortexM0\ARM_GCC_493\Debug\MinimalFirmware.map"
Deleting file ".\MinimalFirmware.cycdx"
Deleting file ".\MinimalFirmware.svd"
Deleting file ".\MinimalFirmware.rpt"
Deleting file ".\MinimalFirmware_timing.html"
Deleting file ".\CortexM0\ARM_GCC_493\Debug\.deps\C_FILE.P"
Deleting file ".\CortexM0\ARM_GCC_493\Debug\.deps\ARM_C_FILE.P"
Deleting file ".\CortexM0\ARM_GCC_493\Debug\.deps\GNU_ARM_ASM_FILE.P"
cydsfit.exe -.appdatapath "C:\Users\humon\AppData\Local\Cypress Semiconductor\PSoC Creator\3.3" -.fdsnotice -.fdswarpdepfile=warp_dependencies.txt -.fdselabdepfile=elab_dependencies.txt -.fdsbldfile=generated_files.txt -p C:\Users\humon\Desktop\CypressMinimal\MinimalFirmwareWorkspace\MinimalFirmware.cydsn\MinimalFirmware.cyprj -d CYBLE-022001-00 -s C:\Users\humon\Desktop\CypressMinimal\MinimalFirmwareWorkspace\MinimalFirmware.cydsn\Generated_Source\PSoC4 -- -yv2 -q10 -ygs -o2 -v3 -.fftcfgtype=LE
Elaborating Design...
ADD: pft.M0032: error: Pin Error: (Multiple assigments have been made to pin P3[7].).
 * C:\Users\humon\Desktop\CypressMinimal\MinimalFirmwareWorkspace\MinimalFirmware.cydsn\MinimalFirmware.cydwr (LED_RED)
ADD: pft.M0032: error: Pin Error: (Multiple assigments have been made to pin P3[5].).
 * C:\Users\humon\Desktop\CypressMinimal\MinimalFirmwareWorkspace\MinimalFirmware.cydsn\MinimalFirmware.cydwr (LED_GREEN)
DEL: pft.M0032: error: Pin Error: (Multiple assigments have been made to pin P3[5].).
 * C:\Users\humon\Desktop\CypressMinimal\MinimalFirmwareWorkspace\MinimalFirmware.cydsn\MinimalFirmware.cydwr (LED_GREEN)
ADD: pft.M0032: error: Pin Error: (Multiple assigments have been made to pin P3[5].).
 * C:\Users\humon\Desktop\CypressMinimal\MinimalFirmwareWorkspace\MinimalFirmware.cydsn\MinimalFirmware.cydwr (LED_GREEN)
DEL: pft.M0032: error: Pin Error: (Multiple assigments have been made to pin P3[5].).
 * C:\Users\humon\Desktop\CypressMinimal\MinimalFirmwareWorkspace\MinimalFirmware.cydsn\MinimalFirmware.cydwr (LED_GREEN)
ADD: pft.M0032: error: Pin Error: (Multiple assigments have been made to pin P3[5].).
 * C:\Users\humon\Desktop\CypressMinimal\MinimalFirmwareWorkspace\MinimalFirmware.cydsn\MinimalFirmware.cydwr (LED_GREEN)
DEL: pft.M0032: error: Pin Error: (Multiple assigments have been made to pin P3[5].).
 * C:\Users\humon\Desktop\CypressMinimal\MinimalFirmwareWorkspace\MinimalFirmware.cydsn\MinimalFirmware.cydwr (LED_GREEN)
ADD: pft.M0032: error: Pin Error: (Multiple assigments have been made to pin P3[5].).
 * C:\Users\humon\Desktop\CypressMinimal\MinimalFirmwareWorkspace\MinimalFirmware.cydsn\MinimalFirmware.cydwr (LED_GREEN)
Error: cdf.M0005: CyDsFit aborted due to errors, please address all errors and rerun CyDsFit. (App=cydsfit)
--------------- Rebuild Failed: 07/20/2016 17:30:26 ---------------
